<!DOCTYPE html><html><head><title>FailedTCs Suite Results</title><meta name='viewport' content='width=device-width, initial-scale=1.0'><link rel="stylesheet" href="http://netdna.bootstrapcdn.com/bootstrap/3.1.0/css/bootstrap.min.css"><style type='text/css'>.ifskipped{background-color: #d6e1c9;}</style><script src='http://ajax.googleapis.com/ajax/libs/jquery/1.11.0/jquery.min.js'></script><script src="http://netdna.bootstrapcdn.com/bootstrap/3.1.0/js/bootstrap.min.js"></script><script type='text/javascript'>$( document ).ready(function() {    $(document).on('click', '.openDialog', function () {  var errorDetails = $(this).data('showthismessage');   $('.modal-body').html( errorDetails ); });  });</script><script type='text/javascript' src='http://www.google.com/jsapi'></script><script type='text/javascript'>google.load('visualization', '1', {packages: ['corechart']}); </script><script type='text/javascript'>function drawVisualization() { var data = new google.visualization.DataTable(); data.addColumn('string', 'Topping'); data.addColumn('number', 'Slices'); data.addRows([['Pass', 3],['Fail', 7],['Skip', 0]]); new google.visualization.PieChart(document.getElementById('visualization')).draw(data,{'width':300,'height':200,slices: [{color: '#109618'}, {color:'#dc3912'}, {color: '#ff9900'}]});} google.setOnLoadCallback(drawVisualization); </script> </head><body><div class='navbar navbar-fixed-top' role='navigation'>
<ol class='breadcrumb'><li><a href='../suites-summary-index.html'>Suite Summary</a></li><li><a href='suite-FailedTCs-index.html'>FailedTCs</a></li><li class='active'>All&nbsp;</li><div class='btn-group'><button type='button' class='btn btn-default btn-sm dropdown-toggle' data-toggle='dropdown'><span class='glyphicon glyphicon-filter'></span> <span class='caret'></span></button><ul class='dropdown-menu' role='menu'><li><a href='suite-FailedTCs-passed.html'>Pass</a></li><li><a href='suite-FailedTCs-failed.html'>Fail</a></li></ul></div>
</ol></div>
<div class='container' style='margin-top:60px;'><div class='row'><div class='col-md-4'><div class='row'><div class='col-md-12'><div class='table-responsive'><table class='table table-bordered table-condensed'><tr><th>Suite</th><td>FailedTCs</td></tr><tr><th>Start Time</th><td>Mon, 16-Jan-2017 20:18:55</td></tr><tr><th>End Time</th><td>Mon, 16-Jan-2017 20:32:15</td></tr><tr><th>Time Taken</th><td>13 mins 19.7 sec</td></tr></table></div></div></div><div class='row'><div class='col-md-12'><div id='visualization'></div></div>
</div>
<div class='row'><div class='col-md-12'><div class='table-responsive'><table class='table table-bordered table-condensed'><thead><tr><th>Test</th><th>Pass</th><th>Fail</th><th>Skip</th><th>Total</th></tr></thead><tr><td><a href=#Test1>Test1</a></td><td class='success'>3</td><td class='danger'>7</td><td class='warning'>0</td><th>10</th></tr><tfoot><tr><th>Total</th><th class='success'>3 (30.0%)</th><th class='danger'>7 (70.0%)</th><th class='warning'>0</th><th>10</th></tr></tfoot></table></div></div></div></div>
<div class='col-md-8'><div class='row'><div class='col-md-6'><div class='table-responsive'><table class='table table-bordered'><tr><th>Test</th><td>Test1</td></tr><tr><th>Start Time</th><td>Mon, 16-Jan-2017 20:18:55</td></tr><tr><th>End Time</th><td>Mon, 16-Jan-2017 20:32:15</td></tr><tr><th>Time Taken</th><td>13 mins 19.7 sec</td></tr></table></div></div></div>
<div class='row'><div class='col-md-12'><div class='table-responsive'><table class='table table-bordered' id='Test1' ><caption>Detailed report of <strong>Test1</strong></caption><thead><tr><th>S.No</th><th>Test Method</th><th>Time Taken</th><th>Status</th></tr></thead><tr class="danger">
<td><a class="testDetails" href="#"><span class="glyphicon glyphicon-chevron-right"></span>1</a></td>
<td><div class="testNameToolTip" data-toggle="tooltip" data-placement="top" title="PrivUser_AddUpdt_15, PrivUser_AddUpdt_16" >addPrivilegeUserValidationsAsSuperUser</div></td>
<td>2 mins 17.0 sec</td>
<td><a data-toggle="modal" href="#myModal" class="openDialog btn btn-sm btn-default" data-showthismessage="&lt;div class=&quot;panel-group&quot; id=&quot;accordion&quot;&gt;&lt;div class=&quot;panel panel-danger&quot;&gt;&lt;div class=&quot;panel-heading&quot;&gt;&lt;h4 class=&quot;panel-title&quot;&gt;&lt;a class=&quot;accordion-toggle&quot; data-toggle=&quot;collapse&quot; data-parent=&quot;#accordion&quot; href=&quot;#collapse1&quot;&gt;Timed out after 60 seconds waiting for visibility of Proxy element for: DefaultElementLocator &apos;By.cssSelector: div[class^=&apos;emailformError&apos;]&gt;div[class=&apos;formErrorContent&apos;]&apos;
Build info: version: &apos;2.52.0&apos;, revision: &apos;4c2593cfc3689a7fcd7be52549167e5ccc93ad28&apos;, time: &apos;2016-02-11 11:22:43&apos;
System info: host: &apos;QA1-PC&apos;, ip: &apos;10.0.1.50&apos;, os.name: &apos;Windows 7&apos;, os.arch: &apos;amd64&apos;, os.version: &apos;6.1&apos;, java.version: &apos;1.7.0_67&apos;
Session ID: 873a74b3-bf3e-44a4-aaef-58623ae568f3
Driver info: org.openqa.selenium.firefox.FirefoxDriver
Capabilities [{platform=WINDOWS, acceptSslCerts=true, javascriptEnabled=true, cssSelectorsEnabled=true, databaseEnabled=true, browserName=firefox, handlesAlerts=true, nativeEvents=false, webStorageEnabled=true, rotatable=false, locationContextEnabled=true, applicationCacheEnabled=true, takesScreenshot=true, version=46.0}]  &lt;a class=&quot;btn btn-default btn-sm&quot; role=&quot;button&quot; href=&quot;screenshots\1484569278383.png&quot; target=&quot;_blank&quot;&gt;Screenshot&lt;/a&gt;&lt;/a&gt;&lt;/h4&gt;&lt;/div&gt;&lt;div id=&quot;collapse1&quot; class=&quot;panel-collapse collapse&quot;&gt;&lt;div class=&quot;panel-body&quot;&gt;org.openqa.selenium.TimeoutException: Timed out after 60 seconds waiting for visibility of Proxy element for: DefaultElementLocator &amp;apos;By.cssSelector: div[class^=&amp;apos;emailformError&amp;apos;]&amp;gt;div[class=&amp;apos;formErrorContent&amp;apos;]&amp;apos;
Build info: version: &amp;apos;2.52.0&amp;apos;, revision: &amp;apos;4c2593cfc3689a7fcd7be52549167e5ccc93ad28&amp;apos;, time: &amp;apos;2016-02-11 11:22:43&amp;apos;
System info: host: &amp;apos;QA1-PC&amp;apos;, ip: &amp;apos;10.0.1.50&amp;apos;, os.name: &amp;apos;Windows 7&amp;apos;, os.arch: &amp;apos;amd64&amp;apos;, os.version: &amp;apos;6.1&amp;apos;, java.version: &amp;apos;1.7.0_67&amp;apos;
Session ID: 873a74b3-bf3e-44a4-aaef-58623ae568f3
Driver info: org.openqa.selenium.firefox.FirefoxDriver
Capabilities [{platform=WINDOWS, acceptSslCerts=true, javascriptEnabled=true, cssSelectorsEnabled=true, databaseEnabled=true, browserName=firefox, handlesAlerts=true, nativeEvents=false, webStorageEnabled=true, rotatable=false, locationContextEnabled=true, applicationCacheEnabled=true, takesScreenshot=true, version=46.0}]
	at org.openqa.selenium.support.ui.WebDriverWait.timeoutException(WebDriverWait.java:80)
	at org.openqa.selenium.support.ui.FluentWait.until(FluentWait.java:261)
	at com.olo.bot.BrowserBot.waitForVisible(BrowserBot.java:94)
	at org.fwcms.pages.cdc.UserDetailsPage.validateEmail(UserDetailsPage.java:738)
	at org.fwcms.cdc.superuser.ValidationsTest.addPrivilegeUserValidationsAsSuperUser(ValidationsTest.java:52)
Caused by: org.openqa.selenium.NoSuchElementException: Unable to locate element: {&amp;quot;method&amp;quot;:&amp;quot;css selector&amp;quot;,&amp;quot;selector&amp;quot;:&amp;quot;div[class^=&amp;apos;emailformError&amp;apos;]&amp;gt;div[class=&amp;apos;formErrorContent&amp;apos;]&amp;quot;}
Command duration or timeout: 60.03 seconds
For documentation on this error, please visit: http://seleniumhq.org/exceptions/no_such_element.html
Build info: version: &amp;apos;2.52.0&amp;apos;, revision: &amp;apos;4c2593cfc3689a7fcd7be52549167e5ccc93ad28&amp;apos;, time: &amp;apos;2016-02-11 11:22:43&amp;apos;
System info: host: &amp;apos;QA1-PC&amp;apos;, ip: &amp;apos;10.0.1.50&amp;apos;, os.name: &amp;apos;Windows 7&amp;apos;, os.arch: &amp;apos;amd64&amp;apos;, os.version: &amp;apos;6.1&amp;apos;, java.version: &amp;apos;1.7.0_67&amp;apos;
*** Element info: {Using=css selector, value=div[class^=&amp;apos;emailformError&amp;apos;]&amp;gt;div[class=&amp;apos;formErrorContent&amp;apos;]}
Session ID: 873a74b3-bf3e-44a4-aaef-58623ae568f3
Driver info: org.openqa.selenium.firefox.FirefoxDriver
Capabilities [{platform=WINDOWS, acceptSslCerts=true, javascriptEnabled=true, cssSelectorsEnabled=true, databaseEnabled=true, browserName=firefox, handlesAlerts=true, nativeEvents=false, webStorageEnabled=true, rotatable=false, locationContextEnabled=true, applicationCacheEnabled=true, takesScreenshot=true, version=46.0}]
	at org.openqa.selenium.remote.ErrorHandler.createThrowable(ErrorHandler.java:206)
	at org.openqa.selenium.remote.ErrorHandler.throwIfResponseFailed(ErrorHandler.java:158)
	at org.openqa.selenium.remote.RemoteWebDriver.execute(RemoteWebDriver.java:678)
	at org.openqa.selenium.remote.RemoteWebDriver.findElement(RemoteWebDriver.java:363)
	at org.openqa.selenium.remote.RemoteWebDriver.findElementByCssSelector(RemoteWebDriver.java:492)
	at org.openqa.selenium.By$ByCssSelector.findElement(By.java:430)
	at org.openqa.selenium.remote.RemoteWebDriver.findElement(RemoteWebDriver.java:355)
	at org.openqa.selenium.support.pagefactory.DefaultElementLocator.findElement(DefaultElementLocator.java:69)
	at org.openqa.selenium.support.pagefactory.internal.LocatingElementHandler.invoke(LocatingElementHandler.java:38)
	at com.sun.proxy.$Proxy8.isDisplayed(Unknown Source)
	at org.openqa.selenium.support.ui.ExpectedConditions.elementIfVisible(ExpectedConditions.java:302)
	at org.openqa.selenium.support.ui.ExpectedConditions.access$100(ExpectedConditions.java:41)
	at org.openqa.selenium.support.ui.ExpectedConditions$10.apply(ExpectedConditions.java:288)
	at org.openqa.selenium.support.ui.ExpectedConditions$10.apply(ExpectedConditions.java:285)
	at org.openqa.selenium.support.ui.FluentWait.until(FluentWait.java:238)
	... 30 more
Caused by: org.openqa.selenium.NoSuchElementException: Unable to locate element: {&amp;quot;method&amp;quot;:&amp;quot;css selector&amp;quot;,&amp;quot;selector&amp;quot;:&amp;quot;div[class^=&amp;apos;emailformError&amp;apos;]&amp;gt;div[class=&amp;apos;formErrorContent&amp;apos;]&amp;quot;}
For documentation on this error, please visit: http://seleniumhq.org/exceptions/no_such_element.html
Build info: version: &amp;apos;2.52.0&amp;apos;, revision: &amp;apos;4c2593cfc3689a7fcd7be52549167e5ccc93ad28&amp;apos;, time: &amp;apos;2016-02-11 11:22:43&amp;apos;
System info: host: &amp;apos;QA1-PC&amp;apos;, ip: &amp;apos;10.0.1.50&amp;apos;, os.name: &amp;apos;Windows 7&amp;apos;, os.arch: &amp;apos;amd64&amp;apos;, os.version: &amp;apos;6.1&amp;apos;, java.version: &amp;apos;1.7.0_67&amp;apos;
Driver info: driver.version: unknown
	at &amp;lt;anonymous class&amp;gt;.FirefoxDriver.prototype.findElementInternal_(file:///C:/Users/QA1/AppData/Local/Temp/anonymous5943379404272077126webdriver-profile/extensions/fxdriver@googlecode.com/components/driver-component.js:10723)
	at &amp;lt;anonymous class&amp;gt;.fxdriver.Timer.prototype.setTimeout/&amp;lt;.notify(file:///C:/Users/QA1/AppData/Local/Temp/anonymous5943379404272077126webdriver-profile/extensions/fxdriver@googlecode.com/components/driver-component.js:623)
... Removed 31 stack frames&lt;br&gt;&lt;/div&gt;&lt;/div&gt;&lt;/div&gt;&lt;/div&gt;">FAIL</a></td>
</tr>
<tr style="display:none"><td colspan="4"><div><dl class="dl-horizontal"><dt>Class Name</dt><dd>org.fwcms.cdc.superuser.ValidationsTest</dd><dt>Start Time</dt><dd>20:19:01</dd><dt>End Time</dt><dd>20:21:18</dd><dt>Parameter 1</dt><dd>{&quot;contactNumberMinCharData&quot;:&quot;1234&quot;,&quot;invaliedEmailData&quot;:&quot;asdf@&quot;,&quot;fullnameLettersOnlyData&quot;:&quot;asdfasdf1&quot;,&quot;fullnameMinChardata&quot;:&quot;a&quot;,&quot;fullnameMinCharAndLettersOnlydata&quot;:&quot;1&quot;,&quot;contactNumberMinandNumbersOnlyData&quot;:&quot;asd1&quot;,&quot;contactNumberNumberOnlyData&quot;:&quot;asdfasdf&quot;,&quot;invaliedEmailAndMinCharData&quot;:&quot;ab@&quot;,&quot;addressSpecialCharData&quot;:&quot;Happy@!&quot;}</dd></dl></div></td></tr>
<tr class="danger">
<td><a class="testDetails" href="#"><span class="glyphicon glyphicon-chevron-right"></span>2</a></td>
<td><div class="testNameToolTip" data-toggle="tooltip" data-placement="top" title="Bestinet_Operator_AddUpdt_20, Bestinet_Operator_AddUpdt_21" >addUserValidationsAsPrivilegedUser</div></td>
<td>2 mins 16.4 sec</td>
<td><a data-toggle="modal" href="#myModal" class="openDialog btn btn-sm btn-default" data-showthismessage="&lt;div class=&quot;panel-group&quot; id=&quot;accordion&quot;&gt;&lt;div class=&quot;panel panel-danger&quot;&gt;&lt;div class=&quot;panel-heading&quot;&gt;&lt;h4 class=&quot;panel-title&quot;&gt;&lt;a class=&quot;accordion-toggle&quot; data-toggle=&quot;collapse&quot; data-parent=&quot;#accordion&quot; href=&quot;#collapse1&quot;&gt;Timed out after 60 seconds waiting for visibility of Proxy element for: DefaultElementLocator &apos;By.cssSelector: div[class^=&apos;emailformError&apos;]&gt;div[class=&apos;formErrorContent&apos;]&apos;
Build info: version: &apos;2.52.0&apos;, revision: &apos;4c2593cfc3689a7fcd7be52549167e5ccc93ad28&apos;, time: &apos;2016-02-11 11:22:43&apos;
System info: host: &apos;QA1-PC&apos;, ip: &apos;10.0.1.50&apos;, os.name: &apos;Windows 7&apos;, os.arch: &apos;amd64&apos;, os.version: &apos;6.1&apos;, java.version: &apos;1.7.0_67&apos;
Session ID: 040ef13e-c4a8-43bb-9cea-d03686b0158f
Driver info: org.openqa.selenium.firefox.FirefoxDriver
Capabilities [{platform=WINDOWS, acceptSslCerts=true, javascriptEnabled=true, cssSelectorsEnabled=true, databaseEnabled=true, browserName=firefox, handlesAlerts=true, nativeEvents=false, webStorageEnabled=true, rotatable=false, locationContextEnabled=true, applicationCacheEnabled=true, takesScreenshot=true, version=46.0}]  &lt;a class=&quot;btn btn-default btn-sm&quot; role=&quot;button&quot; href=&quot;screenshots\1484569420653.png&quot; target=&quot;_blank&quot;&gt;Screenshot&lt;/a&gt;&lt;/a&gt;&lt;/h4&gt;&lt;/div&gt;&lt;div id=&quot;collapse1&quot; class=&quot;panel-collapse collapse&quot;&gt;&lt;div class=&quot;panel-body&quot;&gt;org.openqa.selenium.TimeoutException: Timed out after 60 seconds waiting for visibility of Proxy element for: DefaultElementLocator &amp;apos;By.cssSelector: div[class^=&amp;apos;emailformError&amp;apos;]&amp;gt;div[class=&amp;apos;formErrorContent&amp;apos;]&amp;apos;
Build info: version: &amp;apos;2.52.0&amp;apos;, revision: &amp;apos;4c2593cfc3689a7fcd7be52549167e5ccc93ad28&amp;apos;, time: &amp;apos;2016-02-11 11:22:43&amp;apos;
System info: host: &amp;apos;QA1-PC&amp;apos;, ip: &amp;apos;10.0.1.50&amp;apos;, os.name: &amp;apos;Windows 7&amp;apos;, os.arch: &amp;apos;amd64&amp;apos;, os.version: &amp;apos;6.1&amp;apos;, java.version: &amp;apos;1.7.0_67&amp;apos;
Session ID: 040ef13e-c4a8-43bb-9cea-d03686b0158f
Driver info: org.openqa.selenium.firefox.FirefoxDriver
Capabilities [{platform=WINDOWS, acceptSslCerts=true, javascriptEnabled=true, cssSelectorsEnabled=true, databaseEnabled=true, browserName=firefox, handlesAlerts=true, nativeEvents=false, webStorageEnabled=true, rotatable=false, locationContextEnabled=true, applicationCacheEnabled=true, takesScreenshot=true, version=46.0}]
	at org.openqa.selenium.support.ui.WebDriverWait.timeoutException(WebDriverWait.java:80)
	at org.openqa.selenium.support.ui.FluentWait.until(FluentWait.java:261)
	at com.olo.bot.BrowserBot.waitForVisible(BrowserBot.java:94)
	at org.fwcms.pages.cdc.UserDetailsPage.validateEmail(UserDetailsPage.java:738)
	at org.fwcms.cdc.privilegeduser.ValidationsTest.addUserValidationsAsPrivilegedUser(ValidationsTest.java:53)
Caused by: org.openqa.selenium.NoSuchElementException: Unable to locate element: {&amp;quot;method&amp;quot;:&amp;quot;css selector&amp;quot;,&amp;quot;selector&amp;quot;:&amp;quot;div[class^=&amp;apos;emailformError&amp;apos;]&amp;gt;div[class=&amp;apos;formErrorContent&amp;apos;]&amp;quot;}
Command duration or timeout: 60.09 seconds
For documentation on this error, please visit: http://seleniumhq.org/exceptions/no_such_element.html
Build info: version: &amp;apos;2.52.0&amp;apos;, revision: &amp;apos;4c2593cfc3689a7fcd7be52549167e5ccc93ad28&amp;apos;, time: &amp;apos;2016-02-11 11:22:43&amp;apos;
System info: host: &amp;apos;QA1-PC&amp;apos;, ip: &amp;apos;10.0.1.50&amp;apos;, os.name: &amp;apos;Windows 7&amp;apos;, os.arch: &amp;apos;amd64&amp;apos;, os.version: &amp;apos;6.1&amp;apos;, java.version: &amp;apos;1.7.0_67&amp;apos;
*** Element info: {Using=css selector, value=div[class^=&amp;apos;emailformError&amp;apos;]&amp;gt;div[class=&amp;apos;formErrorContent&amp;apos;]}
Session ID: 040ef13e-c4a8-43bb-9cea-d03686b0158f
Driver info: org.openqa.selenium.firefox.FirefoxDriver
Capabilities [{platform=WINDOWS, acceptSslCerts=true, javascriptEnabled=true, cssSelectorsEnabled=true, databaseEnabled=true, browserName=firefox, handlesAlerts=true, nativeEvents=false, webStorageEnabled=true, rotatable=false, locationContextEnabled=true, applicationCacheEnabled=true, takesScreenshot=true, version=46.0}]
	at org.openqa.selenium.remote.ErrorHandler.createThrowable(ErrorHandler.java:206)
	at org.openqa.selenium.remote.ErrorHandler.throwIfResponseFailed(ErrorHandler.java:158)
	at org.openqa.selenium.remote.RemoteWebDriver.execute(RemoteWebDriver.java:678)
	at org.openqa.selenium.remote.RemoteWebDriver.findElement(RemoteWebDriver.java:363)
	at org.openqa.selenium.remote.RemoteWebDriver.findElementByCssSelector(RemoteWebDriver.java:492)
	at org.openqa.selenium.By$ByCssSelector.findElement(By.java:430)
	at org.openqa.selenium.remote.RemoteWebDriver.findElement(RemoteWebDriver.java:355)
	at org.openqa.selenium.support.pagefactory.DefaultElementLocator.findElement(DefaultElementLocator.java:69)
	at org.openqa.selenium.support.pagefactory.internal.LocatingElementHandler.invoke(LocatingElementHandler.java:38)
	at com.sun.proxy.$Proxy8.isDisplayed(Unknown Source)
	at org.openqa.selenium.support.ui.ExpectedConditions.elementIfVisible(ExpectedConditions.java:302)
	at org.openqa.selenium.support.ui.ExpectedConditions.access$100(ExpectedConditions.java:41)
	at org.openqa.selenium.support.ui.ExpectedConditions$10.apply(ExpectedConditions.java:288)
	at org.openqa.selenium.support.ui.ExpectedConditions$10.apply(ExpectedConditions.java:285)
	at org.openqa.selenium.support.ui.FluentWait.until(FluentWait.java:238)
	... 30 more
Caused by: org.openqa.selenium.NoSuchElementException: Unable to locate element: {&amp;quot;method&amp;quot;:&amp;quot;css selector&amp;quot;,&amp;quot;selector&amp;quot;:&amp;quot;div[class^=&amp;apos;emailformError&amp;apos;]&amp;gt;div[class=&amp;apos;formErrorContent&amp;apos;]&amp;quot;}
For documentation on this error, please visit: http://seleniumhq.org/exceptions/no_such_element.html
Build info: version: &amp;apos;2.52.0&amp;apos;, revision: &amp;apos;4c2593cfc3689a7fcd7be52549167e5ccc93ad28&amp;apos;, time: &amp;apos;2016-02-11 11:22:43&amp;apos;
System info: host: &amp;apos;QA1-PC&amp;apos;, ip: &amp;apos;10.0.1.50&amp;apos;, os.name: &amp;apos;Windows 7&amp;apos;, os.arch: &amp;apos;amd64&amp;apos;, os.version: &amp;apos;6.1&amp;apos;, java.version: &amp;apos;1.7.0_67&amp;apos;
Driver info: driver.version: unknown
	at &amp;lt;anonymous class&amp;gt;.FirefoxDriver.prototype.findElementInternal_(file:///C:/Users/QA1/AppData/Local/Temp/anonymous1702281225956598985webdriver-profile/extensions/fxdriver@googlecode.com/components/driver-component.js:10723)
	at &amp;lt;anonymous class&amp;gt;.fxdriver.Timer.prototype.setTimeout/&amp;lt;.notify(file:///C:/Users/QA1/AppData/Local/Temp/anonymous1702281225956598985webdriver-profile/extensions/fxdriver@googlecode.com/components/driver-component.js:623)
... Removed 31 stack frames&lt;br&gt;&lt;/div&gt;&lt;/div&gt;&lt;/div&gt;&lt;/div&gt;">FAIL</a></td>
</tr>
<tr style="display:none"><td colspan="4"><div><dl class="dl-horizontal"><dt>Class Name</dt><dd>org.fwcms.cdc.privilegeduser.ValidationsTest</dd><dt>Start Time</dt><dd>20:21:24</dd><dt>End Time</dt><dd>20:23:40</dd><dt>Parameter 1</dt><dd>{&quot;contactNumberMinCharData&quot;:&quot;1234&quot;,&quot;invaliedEmailData&quot;:&quot;asdf@&quot;,&quot;fullnameLettersOnlyData&quot;:&quot;a1&quot;,&quot;fullnameMinChardata&quot;:&quot;a&quot;,&quot;fullnameMinCharAndLettersOnlydata&quot;:&quot;1&quot;,&quot;contactNumberMinandNumbersOnlyData&quot;:&quot;asd1&quot;,&quot;contactNumberNumberOnlyData&quot;:&quot;asdfasdf&quot;,&quot;invaliedEmailAndMinCharData&quot;:&quot;ab@&quot;,&quot;addressSpecialCharData&quot;:&quot;Happy@!&quot;}</dd></dl></div></td></tr>
<tr class="danger">
<td><a class="testDetails" href="#"><span class="glyphicon glyphicon-chevron-right"></span>3</a></td>
<td><div class="testNameToolTip" data-toggle="tooltip" data-placement="top" title="PrivUserOper_ChngPwd_01, PrivUserOper_ChngPwd_03, PrivUserOper_ChngPwd_07, PrivUserOper_ChngPwd_08" >changePasswordAsPrivilegedUser</div></td>
<td>1 mins 0.6 sec</td>
<td><a data-toggle="modal" href="#myModal" class="openDialog btn btn-sm btn-default" data-showthismessage="&lt;div class=&quot;panel-group&quot; id=&quot;accordion&quot;&gt;&lt;div class=&quot;panel panel-danger&quot;&gt;&lt;div class=&quot;panel-heading&quot;&gt;&lt;h4 class=&quot;panel-title&quot;&gt;&lt;a class=&quot;accordion-toggle&quot; data-toggle=&quot;collapse&quot; data-parent=&quot;#accordion&quot; href=&quot;#collapse1&quot;&gt;Timed out after 60 seconds waiting for com.olo.bot.BrowserBot$10@4fe22deb
Build info: version: &apos;2.52.0&apos;, revision: &apos;4c2593cfc3689a7fcd7be52549167e5ccc93ad28&apos;, time: &apos;2016-02-11 11:22:43&apos;
System info: host: &apos;QA1-PC&apos;, ip: &apos;10.0.1.50&apos;, os.name: &apos;Windows 7&apos;, os.arch: &apos;amd64&apos;, os.version: &apos;6.1&apos;, java.version: &apos;1.7.0_67&apos;
Session ID: a809f7b4-38b0-4d4f-a269-f3e17756d793
Driver info: org.openqa.selenium.firefox.FirefoxDriver
Capabilities [{platform=WINDOWS, acceptSslCerts=true, javascriptEnabled=true, cssSelectorsEnabled=true, databaseEnabled=true, browserName=firefox, handlesAlerts=true, nativeEvents=false, webStorageEnabled=true, rotatable=false, locationContextEnabled=true, applicationCacheEnabled=true, takesScreenshot=true, version=46.0}]  &lt;a class=&quot;btn btn-default btn-sm&quot; role=&quot;button&quot; href=&quot;screenshots\1484569487231.png&quot; target=&quot;_blank&quot;&gt;Screenshot&lt;/a&gt;&lt;/a&gt;&lt;/h4&gt;&lt;/div&gt;&lt;div id=&quot;collapse1&quot; class=&quot;panel-collapse collapse&quot;&gt;&lt;div class=&quot;panel-body&quot;&gt;org.openqa.selenium.TimeoutException: Timed out after 60 seconds waiting for com.olo.bot.BrowserBot$10@4fe22deb
Build info: version: &amp;apos;2.52.0&amp;apos;, revision: &amp;apos;4c2593cfc3689a7fcd7be52549167e5ccc93ad28&amp;apos;, time: &amp;apos;2016-02-11 11:22:43&amp;apos;
System info: host: &amp;apos;QA1-PC&amp;apos;, ip: &amp;apos;10.0.1.50&amp;apos;, os.name: &amp;apos;Windows 7&amp;apos;, os.arch: &amp;apos;amd64&amp;apos;, os.version: &amp;apos;6.1&amp;apos;, java.version: &amp;apos;1.7.0_67&amp;apos;
Session ID: a809f7b4-38b0-4d4f-a269-f3e17756d793
Driver info: org.openqa.selenium.firefox.FirefoxDriver
Capabilities [{platform=WINDOWS, acceptSslCerts=true, javascriptEnabled=true, cssSelectorsEnabled=true, databaseEnabled=true, browserName=firefox, handlesAlerts=true, nativeEvents=false, webStorageEnabled=true, rotatable=false, locationContextEnabled=true, applicationCacheEnabled=true, takesScreenshot=true, version=46.0}]
	at org.openqa.selenium.support.ui.WebDriverWait.timeoutException(WebDriverWait.java:80)
	at org.openqa.selenium.support.ui.FluentWait.until(FluentWait.java:261)
	at com.olo.bot.BrowserBot.waitForEditable(BrowserBot.java:147)
	at org.fwcms.pages.cdc.HomePage.clickChangePassword(HomePage.java:106)
	at org.fwcms.cdc.privilegeduser.ChangePasswordTest.changePasswordAsPrivilegedUser(ChangePasswordTest.java:40)
... Removed 27 stack frames&lt;br&gt;&lt;/div&gt;&lt;/div&gt;&lt;/div&gt;&lt;/div&gt;">FAIL</a></td>
</tr>
<tr style="display:none"><td colspan="4"><div><dl class="dl-horizontal"><dt>Class Name</dt><dd>org.fwcms.cdc.privilegeduser.ChangePasswordTest</dd><dt>Start Time</dt><dd>20:23:46</dd><dt>End Time</dt><dd>20:24:47</dd><dt>Parameter 1</dt><dd>{&quot;confirmPassword&quot;:&quot;Test123!@&quot;,&quot;newPassword&quot;:&quot;Test123!@&quot;}</dd></dl></div></td></tr>
<tr class="danger">
<td><a class="testDetails" href="#"><span class="glyphicon glyphicon-chevron-right"></span>4</a></td>
<td><div class="testNameToolTip" data-toggle="tooltip" data-placement="top" title="PrivUserOper_ChngPwd_01, PrivUserOper_ChngPwd_03, PrivUserOper_ChngPwd_07, PrivUserOper_ChngPwd_08" >changePasswordAsOperatorUser</div></td>
<td>1 mins 1.8 sec</td>
<td><a data-toggle="modal" href="#myModal" class="openDialog btn btn-sm btn-default" data-showthismessage="&lt;div class=&quot;panel-group&quot; id=&quot;accordion&quot;&gt;&lt;div class=&quot;panel panel-danger&quot;&gt;&lt;div class=&quot;panel-heading&quot;&gt;&lt;h4 class=&quot;panel-title&quot;&gt;&lt;a class=&quot;accordion-toggle&quot; data-toggle=&quot;collapse&quot; data-parent=&quot;#accordion&quot; href=&quot;#collapse1&quot;&gt;Timed out after 60 seconds waiting for com.olo.bot.BrowserBot$10@39741f43
Build info: version: &apos;2.52.0&apos;, revision: &apos;4c2593cfc3689a7fcd7be52549167e5ccc93ad28&apos;, time: &apos;2016-02-11 11:22:43&apos;
System info: host: &apos;QA1-PC&apos;, ip: &apos;10.0.1.50&apos;, os.name: &apos;Windows 7&apos;, os.arch: &apos;amd64&apos;, os.version: &apos;6.1&apos;, java.version: &apos;1.7.0_67&apos;
Session ID: 194fb094-bf83-4fb1-91b7-16a32bbc002c
Driver info: org.openqa.selenium.firefox.FirefoxDriver
Capabilities [{platform=WINDOWS, acceptSslCerts=true, javascriptEnabled=true, cssSelectorsEnabled=true, databaseEnabled=true, browserName=firefox, handlesAlerts=true, nativeEvents=false, webStorageEnabled=true, rotatable=false, locationContextEnabled=true, applicationCacheEnabled=true, takesScreenshot=true, version=46.0}]  &lt;a class=&quot;btn btn-default btn-sm&quot; role=&quot;button&quot; href=&quot;screenshots\1484569554652.png&quot; target=&quot;_blank&quot;&gt;Screenshot&lt;/a&gt;&lt;/a&gt;&lt;/h4&gt;&lt;/div&gt;&lt;div id=&quot;collapse1&quot; class=&quot;panel-collapse collapse&quot;&gt;&lt;div class=&quot;panel-body&quot;&gt;org.openqa.selenium.TimeoutException: Timed out after 60 seconds waiting for com.olo.bot.BrowserBot$10@39741f43
Build info: version: &amp;apos;2.52.0&amp;apos;, revision: &amp;apos;4c2593cfc3689a7fcd7be52549167e5ccc93ad28&amp;apos;, time: &amp;apos;2016-02-11 11:22:43&amp;apos;
System info: host: &amp;apos;QA1-PC&amp;apos;, ip: &amp;apos;10.0.1.50&amp;apos;, os.name: &amp;apos;Windows 7&amp;apos;, os.arch: &amp;apos;amd64&amp;apos;, os.version: &amp;apos;6.1&amp;apos;, java.version: &amp;apos;1.7.0_67&amp;apos;
Session ID: 194fb094-bf83-4fb1-91b7-16a32bbc002c
Driver info: org.openqa.selenium.firefox.FirefoxDriver
Capabilities [{platform=WINDOWS, acceptSslCerts=true, javascriptEnabled=true, cssSelectorsEnabled=true, databaseEnabled=true, browserName=firefox, handlesAlerts=true, nativeEvents=false, webStorageEnabled=true, rotatable=false, locationContextEnabled=true, applicationCacheEnabled=true, takesScreenshot=true, version=46.0}]
	at org.openqa.selenium.support.ui.WebDriverWait.timeoutException(WebDriverWait.java:80)
	at org.openqa.selenium.support.ui.FluentWait.until(FluentWait.java:261)
	at com.olo.bot.BrowserBot.waitForEditable(BrowserBot.java:147)
	at org.fwcms.pages.tc.HomePage.clickChangePasswordOption(HomePage.java:55)
	at org.fwcms.tc.operator.ChangePasswordTest.changePasswordAsOperatorUser(ChangePasswordTest.java:40)
... Removed 27 stack frames&lt;br&gt;&lt;/div&gt;&lt;/div&gt;&lt;/div&gt;&lt;/div&gt;">FAIL</a></td>
</tr>
<tr style="display:none"><td colspan="4"><div><dl class="dl-horizontal"><dt>Class Name</dt><dd>org.fwcms.tc.operator.ChangePasswordTest</dd><dt>Start Time</dt><dd>20:24:52</dd><dt>End Time</dt><dd>20:25:54</dd><dt>Parameter 1</dt><dd>{&quot;confirmPassword&quot;:&quot;Test123!@&quot;,&quot;newPassword&quot;:&quot;Test123!@&quot;}</dd></dl></div></td></tr>
<tr class="danger">
<td><a class="testDetails" href="#"><span class="glyphicon glyphicon-chevron-right"></span>5</a></td>
<td><div class="testNameToolTip" data-toggle="tooltip" data-placement="top" title="Representative_ChngPwd_02, Representative_ChngPwd_04, Representative_ChngPwd_05, Representative_ChngPwd_06, Representative_ChngPwd_07, Representative_ChngPwd_08, Representative_ChngPwd_09, Representative_ChngPwd_10, Representative_ChngPwd_11, Representative_ChngPwd_13, Representative_ChngPwd_15, Representative_ChngPwd_16" >resetPasswordFlowAsRepresentative</div></td>
<td>1 mins 1.7 sec</td>
<td><a data-toggle="modal" href="#myModal" class="openDialog btn btn-sm btn-default" data-showthismessage="&lt;div class=&quot;panel-group&quot; id=&quot;accordion&quot;&gt;&lt;div class=&quot;panel panel-danger&quot;&gt;&lt;div class=&quot;panel-heading&quot;&gt;&lt;h4 class=&quot;panel-title&quot;&gt;&lt;a class=&quot;accordion-toggle&quot; data-toggle=&quot;collapse&quot; data-parent=&quot;#accordion&quot; href=&quot;#collapse1&quot;&gt;Timed out after 60 seconds waiting for com.olo.bot.BrowserBot$10@a87f680
Build info: version: &apos;2.52.0&apos;, revision: &apos;4c2593cfc3689a7fcd7be52549167e5ccc93ad28&apos;, time: &apos;2016-02-11 11:22:43&apos;
System info: host: &apos;QA1-PC&apos;, ip: &apos;10.0.1.50&apos;, os.name: &apos;Windows 7&apos;, os.arch: &apos;amd64&apos;, os.version: &apos;6.1&apos;, java.version: &apos;1.7.0_67&apos;
Session ID: 7a44bd63-525e-491d-9715-4ee0e0a7f0a7
Driver info: org.openqa.selenium.firefox.FirefoxDriver
Capabilities [{platform=WINDOWS, acceptSslCerts=true, javascriptEnabled=true, cssSelectorsEnabled=true, databaseEnabled=true, browserName=firefox, handlesAlerts=true, nativeEvents=false, webStorageEnabled=true, rotatable=false, locationContextEnabled=true, applicationCacheEnabled=true, takesScreenshot=true, version=46.0}]  &lt;a class=&quot;btn btn-default btn-sm&quot; role=&quot;button&quot; href=&quot;screenshots\1484569622518.png&quot; target=&quot;_blank&quot;&gt;Screenshot&lt;/a&gt;&lt;/a&gt;&lt;/h4&gt;&lt;/div&gt;&lt;div id=&quot;collapse1&quot; class=&quot;panel-collapse collapse&quot;&gt;&lt;div class=&quot;panel-body&quot;&gt;org.openqa.selenium.TimeoutException: Timed out after 60 seconds waiting for com.olo.bot.BrowserBot$10@a87f680
Build info: version: &amp;apos;2.52.0&amp;apos;, revision: &amp;apos;4c2593cfc3689a7fcd7be52549167e5ccc93ad28&amp;apos;, time: &amp;apos;2016-02-11 11:22:43&amp;apos;
System info: host: &amp;apos;QA1-PC&amp;apos;, ip: &amp;apos;10.0.1.50&amp;apos;, os.name: &amp;apos;Windows 7&amp;apos;, os.arch: &amp;apos;amd64&amp;apos;, os.version: &amp;apos;6.1&amp;apos;, java.version: &amp;apos;1.7.0_67&amp;apos;
Session ID: 7a44bd63-525e-491d-9715-4ee0e0a7f0a7
Driver info: org.openqa.selenium.firefox.FirefoxDriver
Capabilities [{platform=WINDOWS, acceptSslCerts=true, javascriptEnabled=true, cssSelectorsEnabled=true, databaseEnabled=true, browserName=firefox, handlesAlerts=true, nativeEvents=false, webStorageEnabled=true, rotatable=false, locationContextEnabled=true, applicationCacheEnabled=true, takesScreenshot=true, version=46.0}]
	at org.openqa.selenium.support.ui.WebDriverWait.timeoutException(WebDriverWait.java:80)
	at org.openqa.selenium.support.ui.FluentWait.until(FluentWait.java:261)
	at com.olo.bot.BrowserBot.waitForEditable(BrowserBot.java:147)
	at org.fwcms.pages.tc.HomePage.clickChangePasswordOption(HomePage.java:55)
	at org.fwcms.tc.representative.ChangePasswordTest.resetPasswordFlowAsRepresentative(ChangePasswordTest.java:47)
... Removed 27 stack frames&lt;br&gt;&lt;/div&gt;&lt;/div&gt;&lt;/div&gt;&lt;/div&gt;">FAIL</a></td>
</tr>
<tr style="display:none"><td colspan="4"><div><dl class="dl-horizontal"><dt>Class Name</dt><dd>org.fwcms.tc.representative.ChangePasswordTest</dd><dt>Start Time</dt><dd>20:26:00</dd><dt>End Time</dt><dd>20:27:02</dd><dt>Parameter 1</dt><dd>org.fwcms.testdata.tc.ResetPasswordAsRepresentative@32f70f30</dd></dl></div></td></tr>
<tr class="danger">
<td><a class="testDetails" href="#"><span class="glyphicon glyphicon-chevron-right"></span>6</a></td>
<td><div class="testNameToolTip" data-toggle="tooltip" data-placement="top" title="Add_MCOperator_01, Remove_MCOperator_01 , Add_MCOperator_02, Remove_MCOperator_03, Add_MCOperator_03, Remove_MCOperator_04, Add_MCOperator_05, Remove_MCOperator_05, Add_MCOperator_06, Add_MCOperator_07, Add_MCOperator_08, Add_MCOperator_09, Add_MCOperator_10, Add_MCOperator_11, Add_MCOperator_12, Add_MCOperator_04, Operator_ChngPwd_03, Remove_MCOperator_13, Remove_MCOperator_06, Remove_MCOperator_07, Remove_MCOperator_08, Remove_MCOperator_09" >addEditDeleteOperatorAsRepresentative</div></td>
<td>1 mins 1.7 sec</td>
<td><a data-toggle="modal" href="#myModal" class="openDialog btn btn-sm btn-default" data-showthismessage="&lt;div class=&quot;panel-group&quot; id=&quot;accordion&quot;&gt;&lt;div class=&quot;panel panel-danger&quot;&gt;&lt;div class=&quot;panel-heading&quot;&gt;&lt;h4 class=&quot;panel-title&quot;&gt;&lt;a class=&quot;accordion-toggle&quot; data-toggle=&quot;collapse&quot; data-parent=&quot;#accordion&quot; href=&quot;#collapse1&quot;&gt;Unable to locate element: {&quot;method&quot;:&quot;link text&quot;,&quot;selector&quot;:&quot;Sign Out&quot;}
Command duration or timeout: 60.13 seconds
For documentation on this error, please visit: http://seleniumhq.org/exceptions/no_such_element.html
Build info: version: &apos;2.52.0&apos;, revision: &apos;4c2593cfc3689a7fcd7be52549167e5ccc93ad28&apos;, time: &apos;2016-02-11 11:22:43&apos;
System info: host: &apos;QA1-PC&apos;, ip: &apos;10.0.1.50&apos;, os.name: &apos;Windows 7&apos;, os.arch: &apos;amd64&apos;, os.version: &apos;6.1&apos;, java.version: &apos;1.7.0_67&apos;
*** Element info: {Using=link text, value=Sign Out}
Session ID: ab0ec519-4f3a-4f90-bf3f-16d3e0cc37e1
Driver info: org.openqa.selenium.firefox.FirefoxDriver
Capabilities [{platform=WINDOWS, acceptSslCerts=true, javascriptEnabled=true, cssSelectorsEnabled=true, databaseEnabled=true, browserName=firefox, handlesAlerts=true, nativeEvents=false, webStorageEnabled=true, rotatable=false, locationContextEnabled=true, applicationCacheEnabled=true, takesScreenshot=true, version=46.0}]  &lt;a class=&quot;btn btn-default btn-sm&quot; role=&quot;button&quot; href=&quot;screenshots\1484569689811.png&quot; target=&quot;_blank&quot;&gt;Screenshot&lt;/a&gt;&lt;/a&gt;&lt;/h4&gt;&lt;/div&gt;&lt;div id=&quot;collapse1&quot; class=&quot;panel-collapse collapse&quot;&gt;&lt;div class=&quot;panel-body&quot;&gt;org.openqa.selenium.NoSuchElementException: Unable to locate element: {&amp;quot;method&amp;quot;:&amp;quot;link text&amp;quot;,&amp;quot;selector&amp;quot;:&amp;quot;Sign Out&amp;quot;}
Command duration or timeout: 60.13 seconds
For documentation on this error, please visit: http://seleniumhq.org/exceptions/no_such_element.html
Build info: version: &amp;apos;2.52.0&amp;apos;, revision: &amp;apos;4c2593cfc3689a7fcd7be52549167e5ccc93ad28&amp;apos;, time: &amp;apos;2016-02-11 11:22:43&amp;apos;
System info: host: &amp;apos;QA1-PC&amp;apos;, ip: &amp;apos;10.0.1.50&amp;apos;, os.name: &amp;apos;Windows 7&amp;apos;, os.arch: &amp;apos;amd64&amp;apos;, os.version: &amp;apos;6.1&amp;apos;, java.version: &amp;apos;1.7.0_67&amp;apos;
*** Element info: {Using=link text, value=Sign Out}
Session ID: ab0ec519-4f3a-4f90-bf3f-16d3e0cc37e1
Driver info: org.openqa.selenium.firefox.FirefoxDriver
Capabilities [{platform=WINDOWS, acceptSslCerts=true, javascriptEnabled=true, cssSelectorsEnabled=true, databaseEnabled=true, browserName=firefox, handlesAlerts=true, nativeEvents=false, webStorageEnabled=true, rotatable=false, locationContextEnabled=true, applicationCacheEnabled=true, takesScreenshot=true, version=46.0}]
	at org.openqa.selenium.remote.ErrorHandler.createThrowable(ErrorHandler.java:206)
	at org.openqa.selenium.remote.ErrorHandler.throwIfResponseFailed(ErrorHandler.java:158)
	at org.openqa.selenium.remote.RemoteWebDriver.execute(RemoteWebDriver.java:678)
	at org.openqa.selenium.remote.RemoteWebDriver.findElement(RemoteWebDriver.java:363)
	at org.openqa.selenium.remote.RemoteWebDriver.findElementByLinkText(RemoteWebDriver.java:428)
	at org.openqa.selenium.By$ByLinkText.findElement(By.java:246)
	at org.openqa.selenium.remote.RemoteWebDriver.findElement(RemoteWebDriver.java:355)
	at org.openqa.selenium.support.pagefactory.DefaultElementLocator.findElement(DefaultElementLocator.java:69)
	at org.openqa.selenium.support.pagefactory.internal.LocatingElementHandler.invoke(LocatingElementHandler.java:38)
	at com.sun.proxy.$Proxy8.isDisplayed(Unknown Source)
	at com.olo.bot.BrowserBot.isVisible(BrowserBot.java:687)
	at com.olo.bot.BrowserBot.assertVisible(BrowserBot.java:546)
	at org.fwcms.pages.tc.RepresentativeHomePage.assertSignOutVisible(RepresentativeHomePage.java:42)
	at org.fwcms.tc.representative.CrudOperationsOnOperatorTest.addEditDeleteOperatorAsRepresentative(CrudOperationsOnOperatorTest.java:43)
Caused by: org.openqa.selenium.NoSuchElementException: Unable to locate element: {&amp;quot;method&amp;quot;:&amp;quot;link text&amp;quot;,&amp;quot;selector&amp;quot;:&amp;quot;Sign Out&amp;quot;}
For documentation on this error, please visit: http://seleniumhq.org/exceptions/no_such_element.html
Build info: version: &amp;apos;2.52.0&amp;apos;, revision: &amp;apos;4c2593cfc3689a7fcd7be52549167e5ccc93ad28&amp;apos;, time: &amp;apos;2016-02-11 11:22:43&amp;apos;
System info: host: &amp;apos;QA1-PC&amp;apos;, ip: &amp;apos;10.0.1.50&amp;apos;, os.name: &amp;apos;Windows 7&amp;apos;, os.arch: &amp;apos;amd64&amp;apos;, os.version: &amp;apos;6.1&amp;apos;, java.version: &amp;apos;1.7.0_67&amp;apos;
Driver info: driver.version: unknown
	at &amp;lt;anonymous class&amp;gt;.FirefoxDriver.prototype.findElementInternal_(file:///C:/Users/QA1/AppData/Local/Temp/anonymous6506392939335839779webdriver-profile/extensions/fxdriver@googlecode.com/components/driver-component.js:10723)
	at &amp;lt;anonymous class&amp;gt;.fxdriver.Timer.prototype.setTimeout/&amp;lt;.notify(file:///C:/Users/QA1/AppData/Local/Temp/anonymous6506392939335839779webdriver-profile/extensions/fxdriver@googlecode.com/components/driver-component.js:623)
... Removed 31 stack frames&lt;br&gt;&lt;/div&gt;&lt;/div&gt;&lt;/div&gt;&lt;/div&gt;">FAIL</a></td>
</tr>
<tr style="display:none"><td colspan="4"><div><dl class="dl-horizontal"><dt>Class Name</dt><dd>org.fwcms.tc.representative.CrudOperationsOnOperatorTest</dd><dt>Start Time</dt><dd>20:27:08</dd><dt>End Time</dt><dd>20:28:09</dd><dt>Parameter 1</dt><dd>org.fwcms.testdata.tc.AddEditDeleteOperatorAsRepresentative@33728d1e</dd></dl></div></td></tr>
<tr class="success">
<td><a class="testDetails" href="#"><span class="glyphicon glyphicon-chevron-right"></span>7</a></td>
<td><div class="testNameToolTip" data-toggle="tooltip" data-placement="top" title="2, 4" >assignAndRevokeBestInetOperatorRoleAsBestInetPrivilegedUser</div></td>
<td>24.8 sec</td>
<td>PASS</td>
</tr>
<tr style="display:none"><td colspan="4"><div><dl class="dl-horizontal"><dt>Class Name</dt><dd>org.fwcms.cdc.privilegeduser.MultipleRolesTest</dd><dt>Start Time</dt><dd>20:28:15</dd><dt>End Time</dt><dd>20:28:40</dd><dt>Parameter 1</dt><dd>{&quot;editReason&quot;:&quot;edit reason&quot;,&quot;contactNumber&quot;:&quot;9099989098&quot;,&quot;emailId&quot;:&quot;test@test.com&quot;,&quot;address&quot;:&quot;Happiest Minds&quot;,&quot;fullName&quot;:&quot;TestAutomationBOP&quot;,&quot;accountDeleteTitle&quot;:&quot;Inactive&quot;,&quot;deleteReason&quot;:&quot;delete reason&quot;}</dd></dl></div></td></tr>
<tr class="success">
<td><a class="testDetails" href="#"><span class="glyphicon glyphicon-chevron-right"></span>8</a></td>
<td><div  >assignAndRevokeBestInetPrivilegedUserRole</div></td>
<td>23.4 sec</td>
<td>PASS</td>
</tr>
<tr style="display:none"><td colspan="4"><div><dl class="dl-horizontal"><dt>Class Name</dt><dd>org.fwcms.cdc.privilegeduser.MultipleRolesTest</dd><dt>Start Time</dt><dd>20:28:45</dd><dt>End Time</dt><dd>20:29:09</dd><dt>Parameter 1</dt><dd>{&quot;editReason&quot;:&quot;edit reason&quot;,&quot;contactNumber&quot;:&quot;9099989098&quot;,&quot;emailId&quot;:&quot;test@test.com&quot;,&quot;address&quot;:&quot;Happiest Minds&quot;,&quot;fullName&quot;:&quot;TestAutomationBOP&quot;,&quot;accountDeleteTitle&quot;:&quot;Inactive&quot;,&quot;deleteReason&quot;:&quot;delete reason&quot;}</dd></dl></div></td></tr>
<tr class="danger">
<td><a class="testDetails" href="#"><span class="glyphicon glyphicon-chevron-right"></span>9</a></td>
<td><div class="testNameToolTip" data-toggle="tooltip" data-placement="top" title="13" >verifyBestInetOperatorAsOnlyPriviligedUser</div></td>
<td>1 mins 24.2 sec</td>
<td><a data-toggle="modal" href="#myModal" class="openDialog btn btn-sm btn-default" data-showthismessage="&lt;div class=&quot;panel-group&quot; id=&quot;accordion&quot;&gt;&lt;div class=&quot;panel panel-danger&quot;&gt;&lt;div class=&quot;panel-heading&quot;&gt;&lt;h4 class=&quot;panel-title&quot;&gt;&lt;a class=&quot;accordion-toggle&quot; data-toggle=&quot;collapse&quot; data-parent=&quot;#accordion&quot; href=&quot;#collapse1&quot;&gt;Timed out after 60 seconds waiting for com.olo.bot.BrowserBot$10@53edd9ee
Build info: version: &apos;2.52.0&apos;, revision: &apos;4c2593cfc3689a7fcd7be52549167e5ccc93ad28&apos;, time: &apos;2016-02-11 11:22:43&apos;
System info: host: &apos;QA1-PC&apos;, ip: &apos;10.0.1.50&apos;, os.name: &apos;Windows 7&apos;, os.arch: &apos;amd64&apos;, os.version: &apos;6.1&apos;, java.version: &apos;1.7.0_67&apos;
Session ID: 4f663681-24da-45b0-877c-4fa40c0763c0
Driver info: org.openqa.selenium.firefox.FirefoxDriver
Capabilities [{platform=WINDOWS, acceptSslCerts=true, javascriptEnabled=true, cssSelectorsEnabled=true, databaseEnabled=true, browserName=firefox, handlesAlerts=true, nativeEvents=false, webStorageEnabled=true, rotatable=false, locationContextEnabled=true, applicationCacheEnabled=true, takesScreenshot=true, version=46.0}]  &lt;a class=&quot;btn btn-default btn-sm&quot; role=&quot;button&quot; href=&quot;screenshots\1484569839140.png&quot; target=&quot;_blank&quot;&gt;Screenshot&lt;/a&gt;&lt;/a&gt;&lt;/h4&gt;&lt;/div&gt;&lt;div id=&quot;collapse1&quot; class=&quot;panel-collapse collapse&quot;&gt;&lt;div class=&quot;panel-body&quot;&gt;org.openqa.selenium.TimeoutException: Timed out after 60 seconds waiting for com.olo.bot.BrowserBot$10@53edd9ee
Build info: version: &amp;apos;2.52.0&amp;apos;, revision: &amp;apos;4c2593cfc3689a7fcd7be52549167e5ccc93ad28&amp;apos;, time: &amp;apos;2016-02-11 11:22:43&amp;apos;
System info: host: &amp;apos;QA1-PC&amp;apos;, ip: &amp;apos;10.0.1.50&amp;apos;, os.name: &amp;apos;Windows 7&amp;apos;, os.arch: &amp;apos;amd64&amp;apos;, os.version: &amp;apos;6.1&amp;apos;, java.version: &amp;apos;1.7.0_67&amp;apos;
Session ID: 4f663681-24da-45b0-877c-4fa40c0763c0
Driver info: org.openqa.selenium.firefox.FirefoxDriver
Capabilities [{platform=WINDOWS, acceptSslCerts=true, javascriptEnabled=true, cssSelectorsEnabled=true, databaseEnabled=true, browserName=firefox, handlesAlerts=true, nativeEvents=false, webStorageEnabled=true, rotatable=false, locationContextEnabled=true, applicationCacheEnabled=true, takesScreenshot=true, version=46.0}]
	at org.openqa.selenium.support.ui.WebDriverWait.timeoutException(WebDriverWait.java:80)
	at org.openqa.selenium.support.ui.FluentWait.until(FluentWait.java:261)
	at com.olo.bot.BrowserBot.waitForEditable(BrowserBot.java:147)
	at org.fwcms.pages.cdc.HomePage.clickRolesAndPrivilegesLink(HomePage.java:65)
	at org.fwcms.cdc.privilegeduser.MultipleRolesTest.verifyBestInetOperatorAsOnlyPriviligedUser(MultipleRolesTest.java:109)
... Removed 27 stack frames&lt;br&gt;&lt;/div&gt;&lt;/div&gt;&lt;/div&gt;&lt;/div&gt;">FAIL</a></td>
</tr>
<tr style="display:none"><td colspan="4"><div><dl class="dl-horizontal"><dt>Class Name</dt><dd>org.fwcms.cdc.privilegeduser.MultipleRolesTest</dd><dt>Start Time</dt><dd>20:29:14</dd><dt>End Time</dt><dd>20:30:39</dd><dt>Parameter 1</dt><dd>{&quot;editReason&quot;:&quot;edit reason&quot;,&quot;contactNumber&quot;:&quot;9099989098&quot;,&quot;emailId&quot;:&quot;test@test.com&quot;,&quot;address&quot;:&quot;Happiest Minds&quot;,&quot;fullName&quot;:&quot;TestAutomationBOP&quot;,&quot;accountDeleteTitle&quot;:&quot;Inactive&quot;,&quot;deleteReason&quot;:&quot;delete reason&quot;}</dd></dl></div></td></tr>
<tr class="success">
<td><a class="testDetails" href="#"><span class="glyphicon glyphicon-chevron-right"></span>10</a></td>
<td><div class="testNameToolTip" data-toggle="tooltip" data-placement="top" title="14" >verifyBestInetPriviligedUserAsOnlyOperator</div></td>
<td>1 mins 29.6 sec</td>
<td>PASS</td>
</tr>
<tr style="display:none"><td colspan="4"><div><dl class="dl-horizontal"><dt>Class Name</dt><dd>org.fwcms.cdc.privilegeduser.MultipleRolesTest</dd><dt>Start Time</dt><dd>20:30:45</dd><dt>End Time</dt><dd>20:32:14</dd><dt>Parameter 1</dt><dd>{&quot;editReason&quot;:&quot;edit reason&quot;,&quot;contactNumber&quot;:&quot;9099989098&quot;,&quot;emailId&quot;:&quot;test@test.com&quot;,&quot;address&quot;:&quot;Happiest Minds&quot;,&quot;fullName&quot;:&quot;TestAutomationBOP&quot;,&quot;accountDeleteTitle&quot;:&quot;Inactive&quot;,&quot;deleteReason&quot;:&quot;delete reason&quot;}</dd></dl></div></td></tr>
</table></div></div></div><hr/>
</div>
<div class='modal fade bs-modal-lg' id='myModal' tabindex='-1' role='dialog' aria-labelledby='myModalLabel' aria-hidden='true'><div class='modal-dialog modal-lg'><div class='modal-content'><div class='modal-header'><button type='button' class='close' data-dismiss='modal' aria-hidden='true'>&times;</button><h4 class='modal-title' id='myModalLabel'>Error Details</h4></div><div class='modal-body'></div></div></div></div>
</div>
</div>
<script type='text/javascript'>$(document).ready(function() { $('.testNameToolTip').tooltip({html: true});  $('.testDetails').click(function(event){ event.preventDefault();$(this).children('.glyphicon').toggleClass('glyphicon-chevron-down');  $(this).closest('tr').next().toggle();});});</script></body></html>