<!DOCTYPE html><html><head><title>employerManagement Failed Results</title><meta name='viewport' content='width=device-width, initial-scale=1.0'><link rel="stylesheet" href="http://netdna.bootstrapcdn.com/bootstrap/3.1.0/css/bootstrap.min.css"><style type='text/css'>.ifskipped{background-color: #d6e1c9;}</style><script src='http://ajax.googleapis.com/ajax/libs/jquery/1.11.0/jquery.min.js'></script><script src="http://netdna.bootstrapcdn.com/bootstrap/3.1.0/js/bootstrap.min.js"></script><script type='text/javascript'>$( document ).ready(function() {    $(document).on('click', '.openDialog', function () {  var errorDetails = $(this).data('showthismessage');   $('.modal-body').html( errorDetails ); });  });</script></head><body><div class='navbar navbar-fixed-top' role='navigation'>
<ol class='breadcrumb'><li><a href='../suites-summary-index.html'>Suite Summary</a></li><li><a href='suite-employerManagement-index.html'>employerManagement</a></li><li class='active'>Fail&nbsp;</li><div class='btn-group'><button type='button' class='btn btn-default btn-sm dropdown-toggle' data-toggle='dropdown'><span class='glyphicon glyphicon-filter'></span> <span class='caret'></span></button><ul class='dropdown-menu' role='menu'><li><a href='suite-employerManagement-index.html'>All</a></li><li><a href='suite-employerManagement-passed.html'>Pass</a></li></ul></div>
</ol></div>
<div class='container' style='margin-top:60px;'><div class='row'><div class='col-md-3'><div class='row'><div class='col-md-12'><div class='table-responsive'><table class='table table-bordered table-condensed'><tr><th>Suite</th><td>employerManagement</td></tr></table></div></div></div><div class='row'><div class='col-md-12'><div class='table-responsive'><table class='table table-bordered table-condensed'><thead><tr><th>Test</th><th>Fail</th></tr></thead><tr><td><a href=#employer-registration>employer registration</a></td><td class='danger'>1</td></tr><tfoot><tr><th>Total</th><th class='danger'>1</th></tr></tfoot></table></div></div></div></div>
<div class='col-md-9'><div class='row'><div class='col-md-12'><div class='table-responsive'><table class='table table-bordered' id='employer-registration' ><caption>Detailed report of <strong>employer registration</strong></caption><thead><tr><th>S.No</th><th>Test Method</th><th>Time Taken</th><th>Status</th></tr></thead><tr class="danger">
<td><a class="testDetails" href="#"><span class="glyphicon glyphicon-chevron-right"></span>1</a></td>
<td><div  >loginAsEmployerAndVerifyPICDetialsTest</div></td>
<td>2 mins 1.0 sec</td>
<td><a data-toggle="modal" href="#myModal" class="openDialog btn btn-sm btn-default" data-showthismessage="&lt;div class=&quot;panel-group&quot; id=&quot;accordion&quot;&gt;&lt;div class=&quot;panel panel-info&quot;&gt;&lt;div class=&quot;panel-heading&quot;&gt;&lt;h4 class=&quot;panel-title&quot;&gt;&lt;a class=&quot;accordion-toggle&quot; data-toggle=&quot;collapse&quot; data-parent=&quot;#accordion&quot; href=&quot;#collapse1&quot;&gt;expected [true] but found [false]  &lt;a class=&quot;btn btn-default btn-sm&quot; role=&quot;button&quot; href=&quot;screenshots\1484731841752.png&quot; target=&quot;_blank&quot;&gt;Screenshot&lt;/a&gt;&lt;/a&gt;&lt;/h4&gt;&lt;/div&gt;&lt;div id=&quot;collapse1&quot; class=&quot;panel-collapse collapse&quot;&gt;&lt;div class=&quot;panel-body&quot;&gt;Verification Failure &lt;br&gt;java.lang.AssertionError: expected [true] but found [false]
	at com.olo.bot.BrowserBot.assertElementPresent(BrowserBot.java:438)
	at com.olo.bot.BrowserBot.verifyElementPresent(BrowserBot.java:443)
	at org.fwcms.pages.cdc.employer.HomePage.VerifyHeader(HomePage.java:145)
	at org.fwcms.cdc.employerManagement.LoginAsEmployerAndVerifyPICDetials.loginAsEmployerAndVerifyPICDetialsTest(LoginAsEmployerAndVerifyPICDetials.java:34)
... Removed 31 stack frames&lt;br&gt;&lt;/div&gt;&lt;/div&gt;&lt;/div&gt;&lt;div class=&quot;panel panel-danger&quot;&gt;&lt;div class=&quot;panel-heading&quot;&gt;&lt;h4 class=&quot;panel-title&quot;&gt;&lt;a class=&quot;accordion-toggle&quot; data-toggle=&quot;collapse&quot; data-parent=&quot;#accordion&quot; href=&quot;#collapse2&quot;&gt;Unable to locate element: {&quot;method&quot;:&quot;css selector&quot;,&quot;selector&quot;:&quot;div[class=&apos;pageHeading&apos;]&gt;span&quot;}
Command duration or timeout: 60.10 seconds
For documentation on this error, please visit: http://seleniumhq.org/exceptions/no_such_element.html
Build info: version: &apos;2.52.0&apos;, revision: &apos;4c2593cfc3689a7fcd7be52549167e5ccc93ad28&apos;, time: &apos;2016-02-11 11:22:43&apos;
System info: host: &apos;QA1-PC&apos;, ip: &apos;10.0.1.50&apos;, os.name: &apos;Windows 7&apos;, os.arch: &apos;amd64&apos;, os.version: &apos;6.1&apos;, java.version: &apos;1.7.0_67&apos;
*** Element info: {Using=css selector, value=div[class=&apos;pageHeading&apos;]&gt;span}
Session ID: e6e2154b-b8ab-4b29-ae70-5dd008ec3420
Driver info: org.openqa.selenium.firefox.FirefoxDriver
Capabilities [{platform=WINDOWS, acceptSslCerts=true, javascriptEnabled=true, cssSelectorsEnabled=true, databaseEnabled=true, browserName=firefox, handlesAlerts=true, nativeEvents=false, webStorageEnabled=true, rotatable=false, locationContextEnabled=true, applicationCacheEnabled=true, takesScreenshot=true, version=46.0}]  &lt;a class=&quot;btn btn-default btn-sm&quot; role=&quot;button&quot; href=&quot;screenshots\1484731902631.png&quot; target=&quot;_blank&quot;&gt;Screenshot&lt;/a&gt;&lt;/a&gt;&lt;/h4&gt;&lt;/div&gt;&lt;div id=&quot;collapse2&quot; class=&quot;panel-collapse collapse&quot;&gt;&lt;div class=&quot;panel-body&quot;&gt;org.openqa.selenium.NoSuchElementException: Unable to locate element: {&amp;quot;method&amp;quot;:&amp;quot;css selector&amp;quot;,&amp;quot;selector&amp;quot;:&amp;quot;div[class=&amp;apos;pageHeading&amp;apos;]&amp;gt;span&amp;quot;}
Command duration or timeout: 60.10 seconds
For documentation on this error, please visit: http://seleniumhq.org/exceptions/no_such_element.html
Build info: version: &amp;apos;2.52.0&amp;apos;, revision: &amp;apos;4c2593cfc3689a7fcd7be52549167e5ccc93ad28&amp;apos;, time: &amp;apos;2016-02-11 11:22:43&amp;apos;
System info: host: &amp;apos;QA1-PC&amp;apos;, ip: &amp;apos;10.0.1.50&amp;apos;, os.name: &amp;apos;Windows 7&amp;apos;, os.arch: &amp;apos;amd64&amp;apos;, os.version: &amp;apos;6.1&amp;apos;, java.version: &amp;apos;1.7.0_67&amp;apos;
*** Element info: {Using=css selector, value=div[class=&amp;apos;pageHeading&amp;apos;]&amp;gt;span}
Session ID: e6e2154b-b8ab-4b29-ae70-5dd008ec3420
Driver info: org.openqa.selenium.firefox.FirefoxDriver
Capabilities [{platform=WINDOWS, acceptSslCerts=true, javascriptEnabled=true, cssSelectorsEnabled=true, databaseEnabled=true, browserName=firefox, handlesAlerts=true, nativeEvents=false, webStorageEnabled=true, rotatable=false, locationContextEnabled=true, applicationCacheEnabled=true, takesScreenshot=true, version=46.0}]
	at org.openqa.selenium.remote.ErrorHandler.createThrowable(ErrorHandler.java:206)
	at org.openqa.selenium.remote.ErrorHandler.throwIfResponseFailed(ErrorHandler.java:158)
	at org.openqa.selenium.remote.RemoteWebDriver.execute(RemoteWebDriver.java:678)
	at org.openqa.selenium.remote.RemoteWebDriver.findElement(RemoteWebDriver.java:363)
	at org.openqa.selenium.remote.RemoteWebDriver.findElementByCssSelector(RemoteWebDriver.java:492)
	at org.openqa.selenium.By$ByCssSelector.findElement(By.java:430)
	at org.openqa.selenium.remote.RemoteWebDriver.findElement(RemoteWebDriver.java:355)
	at org.openqa.selenium.support.pagefactory.DefaultElementLocator.findElement(DefaultElementLocator.java:69)
	at org.openqa.selenium.support.pagefactory.internal.LocatingElementHandler.invoke(LocatingElementHandler.java:38)
	at com.sun.proxy.$Proxy8.getText(Unknown Source)
	at com.olo.bot.BrowserBot.getText(BrowserBot.java:695)
	at com.olo.bot.BrowserBot.assertText(BrowserBot.java:386)
	at com.olo.bot.BrowserBot.verifyText(BrowserBot.java:393)
	at org.fwcms.pages.cdc.employer.HomePage.VerifyHeader(HomePage.java:146)
	at org.fwcms.cdc.employerManagement.LoginAsEmployerAndVerifyPICDetials.loginAsEmployerAndVerifyPICDetialsTest(LoginAsEmployerAndVerifyPICDetials.java:34)
Caused by: org.openqa.selenium.NoSuchElementException: Unable to locate element: {&amp;quot;method&amp;quot;:&amp;quot;css selector&amp;quot;,&amp;quot;selector&amp;quot;:&amp;quot;div[class=&amp;apos;pageHeading&amp;apos;]&amp;gt;span&amp;quot;}
For documentation on this error, please visit: http://seleniumhq.org/exceptions/no_such_element.html
Build info: version: &amp;apos;2.52.0&amp;apos;, revision: &amp;apos;4c2593cfc3689a7fcd7be52549167e5ccc93ad28&amp;apos;, time: &amp;apos;2016-02-11 11:22:43&amp;apos;
System info: host: &amp;apos;QA1-PC&amp;apos;, ip: &amp;apos;10.0.1.50&amp;apos;, os.name: &amp;apos;Windows 7&amp;apos;, os.arch: &amp;apos;amd64&amp;apos;, os.version: &amp;apos;6.1&amp;apos;, java.version: &amp;apos;1.7.0_67&amp;apos;
Driver info: driver.version: unknown
	at &amp;lt;anonymous class&amp;gt;.FirefoxDriver.prototype.findElementInternal_(file:///C:/Users/QA1/AppData/Local/Temp/anonymous7846345997030920239webdriver-profile/extensions/fxdriver@googlecode.com/components/driver-component.js:10723)
	at &amp;lt;anonymous class&amp;gt;.fxdriver.Timer.prototype.setTimeout/&amp;lt;.notify(file:///C:/Users/QA1/AppData/Local/Temp/anonymous7846345997030920239webdriver-profile/extensions/fxdriver@googlecode.com/components/driver-component.js:623)
... Removed 31 stack frames&lt;br&gt;&lt;/div&gt;&lt;/div&gt;&lt;/div&gt;&lt;/div&gt;">FAIL</a></td>
</tr>
<tr style="display:none"><td colspan="4"><div><dl class="dl-horizontal"><dt>Class Name</dt><dd>org.fwcms.cdc.employerManagement.LoginAsEmployerAndVerifyPICDetials</dd><dt>Start Time</dt><dd>17:29:41</dd><dt>End Time</dt><dd>17:31:42</dd><dt>Parameter 1</dt><dd>{&quot;gmailPassword&quot;:&quot;Smiles@123&quot;,&quot;confirmPassword&quot;:&quot;Test123!@&quot;,&quot;newPassword&quot;:&quot;Test123!@&quot;,&quot;TextDisplay2&quot;:&quot;Please enter you details in the form provided below to proceed.&quot;,&quot;Employer Hand Phone Number&quot;:&quot;121233456678&quot;,&quot;TextDisplay1&quot;:&quot;You are just one step away from getting access to foreign worker&apos;s centralized management system.&quot;,&quot;Note&quot;:&quot;Note: Data that you enter must match the information that you provided to Immigration .&quot;,&quot;Employer Email Address&quot;:&quot;fwcmsautomation10@gmail.com&quot;,&quot;Change in password success message&quot;:&quot;Password is successfully changed!\n\nThe new password is updated in the system. Please re-login using the new password.&quot;,&quot;Employer credentials created success message&quot;:&quot;Your credentials have been generated successfully!\n\nPlease login using User Name and Password sent in email.&quot;,&quot;Employer&apos;s Unique ID&quot;:&quot;EMP-INT-TEST01&quot;}</dd></dl></div></td></tr>
</table></div></div></div><hr/>
</div>
<div class='modal fade bs-modal-lg' id='myModal' tabindex='-1' role='dialog' aria-labelledby='myModalLabel' aria-hidden='true'><div class='modal-dialog modal-lg'><div class='modal-content'><div class='modal-header'><button type='button' class='close' data-dismiss='modal' aria-hidden='true'>&times;</button><h4 class='modal-title' id='myModalLabel'>Error Details</h4></div><div class='modal-body'></div></div></div></div>
</div>
</div>
<script type='text/javascript'>$(document).ready(function() { $('.testNameToolTip').tooltip({html: true});  $('.testDetails').click(function(event){ event.preventDefault();$(this).children('.glyphicon').toggleClass('glyphicon-chevron-down');  $(this).closest('tr').next().toggle();});});</script></body></html>