<?xml version="1.0" encoding="UTF-8"?>
<testsuite xmlns:xsi="http://www.w3.org/2001/XMLSchema-instance" xsi:schemaLocation="https://maven.apache.org/surefire/maven-surefire-plugin/xsd/surefire-test-report.xsd" name="TestSuite" time="3,415.14" tests="72" errors="0" skipped="0" failures="13">
  <properties>
    <property name="java.runtime.name" value="Java(TM) SE Runtime Environment"/>
    <property name="sun.boot.library.path" value="C:\Program Files\Java\jdk1.7.0_67\jre\bin"/>
    <property name="java.vm.version" value="24.65-b04"/>
    <property name="java.vm.vendor" value="Oracle Corporation"/>
    <property name="maven.multiModuleProjectDirectory" value="C:\WORKSPACE"/>
    <property name="java.vendor.url" value="http://java.oracle.com/"/>
    <property name="path.separator" value=";"/>
    <property name="guice.disable.misplaced.annotation.check" value="true"/>
    <property name="java.vm.name" value="Java HotSpot(TM) 64-Bit Server VM"/>
    <property name="file.encoding.pkg" value="sun.io"/>
    <property name="user.script" value=""/>
    <property name="user.country" value="MY"/>
    <property name="sun.java.launcher" value="SUN_STANDARD"/>
    <property name="sun.os.patch.level" value="Service Pack 1"/>
    <property name="java.vm.specification.name" value="Java Virtual Machine Specification"/>
    <property name="user.dir" value="C:\WORKSPACE"/>
    <property name="java.runtime.version" value="1.7.0_67-b01"/>
    <property name="java.awt.graphicsenv" value="sun.awt.Win32GraphicsEnvironment"/>
    <property name="java.endorsed.dirs" value="C:\Program Files\Java\jdk1.7.0_67\jre\lib\endorsed"/>
    <property name="os.arch" value="amd64"/>
    <property name="java.io.tmpdir" value="C:\Users\QA1\AppData\Local\Temp\"/>
    <property name="line.separator" value="&#10;"/>
    <property name="java.vm.specification.vendor" value="Oracle Corporation"/>
    <property name="user.variant" value=""/>
    <property name="os.name" value="Windows 7"/>
    <property name="classworlds.conf" value="C:\Maven\apache-maven-3.3.9\bin\m2.conf"/>
    <property name="sun.jnu.encoding" value="Cp1252"/>
    <property name="java.library.path" value="C:\Program Files\Java\jdk1.7.0_67\bin;C:\Windows\Sun\Java\bin;C:\Windows\system32;C:\Windows;C:\Program Files (x86)\Intel\iCLS Client\;C:\Program Files\Intel\iCLS Client\;C:\Windows\system32;C:\Windows;C:\Windows\System32\Wbem;C:\Windows\System32\WindowsPowerShell\v1.0\;C:\Program Files (x86)\Intel\Intel(R) Management Engine Components\DAL;C:\Program Files\Intel\Intel(R) Management Engine Components\DAL;C:\Program Files (x86)\Intel\Intel(R) Management Engine Components\IPT;C:\Program Files\Intel\Intel(R) Management Engine Components\IPT;C:\Program Files (x86)\Skype\Phone\;C:\Maven\apache-maven-3.3.9\bin;."/>
    <property name="java.specification.name" value="Java Platform API Specification"/>
    <property name="java.class.version" value="51.0"/>
    <property name="sun.management.compiler" value="HotSpot 64-Bit Tiered Compilers"/>
    <property name="os.version" value="6.1"/>
    <property name="user.home" value="C:\Users\QA1"/>
    <property name="user.timezone" value="Asia/Singapore"/>
    <property name="java.awt.printerjob" value="sun.awt.windows.WPrinterJob"/>
    <property name="java.specification.version" value="1.7"/>
    <property name="file.encoding" value="Cp1252"/>
    <property name="user.name" value="QA1"/>
    <property name="java.class.path" value="C:\Maven\apache-maven-3.3.9\boot\plexus-classworlds-2.5.2.jar"/>
    <property name="java.vm.specification.version" value="1.7"/>
    <property name="sun.arch.data.model" value="64"/>
    <property name="java.home" value="C:\Program Files\Java\jdk1.7.0_67\jre"/>
    <property name="sun.java.command" value="org.codehaus.plexus.classworlds.launcher.Launcher -f C:\WORKSPACE\FwCmscode\pom.xml clean install -U"/>
    <property name="java.specification.vendor" value="Oracle Corporation"/>
    <property name="user.language" value="en"/>
    <property name="awt.toolkit" value="sun.awt.windows.WToolkit"/>
    <property name="java.vm.info" value="mixed mode"/>
    <property name="java.version" value="1.7.0_67"/>
    <property name="java.ext.dirs" value="C:\Program Files\Java\jdk1.7.0_67\jre\lib\ext;C:\Windows\Sun\Java\lib\ext"/>
    <property name="sun.boot.class.path" value="C:\Program Files\Java\jdk1.7.0_67\jre\lib\resources.jar;C:\Program Files\Java\jdk1.7.0_67\jre\lib\rt.jar;C:\Program Files\Java\jdk1.7.0_67\jre\lib\sunrsasign.jar;C:\Program Files\Java\jdk1.7.0_67\jre\lib\jsse.jar;C:\Program Files\Java\jdk1.7.0_67\jre\lib\jce.jar;C:\Program Files\Java\jdk1.7.0_67\jre\lib\charsets.jar;C:\Program Files\Java\jdk1.7.0_67\jre\lib\jfr.jar;C:\Program Files\Java\jdk1.7.0_67\jre\classes"/>
    <property name="java.vendor" value="Oracle Corporation"/>
    <property name="maven.home" value="C:\Maven\apache-maven-3.3.9"/>
    <property name="file.separator" value="\"/>
    <property name="java.vendor.url.bug" value="http://bugreport.sun.com/bugreport/"/>
    <property name="sun.cpu.endian" value="little"/>
    <property name="sun.io.unicode.encoding" value="UnicodeLittle"/>
    <property name="sun.desktop" value="windows"/>
    <property name="sun.cpu.isalist" value="amd64"/>
  </properties>
  <testcase name="createPriviligedUserAsSuperUser" classname="newdb.step1.CreatePriviligeUserAsSuperUser" time="7.09"/>
  <testcase name="retrivePrivilegedUserUserNamePassword" classname="newdb.step1.RetrieveBestinetPrivilegedUserUserNamePasswordFromGmail" time="15.316"/>
  <testcase name="changePasswordAsNewPrivilegedUser" classname="org.fwcms.cdc.privilegeduser.ChangePasswordFirstTimeLoginTest" time="8.165"/>
  <testcase name="createBestinetOperatorUserAsPrivilegedUser" classname="newdb.step2.CreateBestInetOperatorUserAsPrivilegedUser" time="6.913"/>
  <testcase name="retriveOperatorUserUserNamePassword" classname="newdb.step2.RetrieveBestinetOperatorUserUserNamePasswordFromGmail" time="15.984"/>
  <testcase name="changePasswordAsOperatorUser" classname="org.fwcms.tc.operator.ChangePasswordFirstTimeLoginTest" time="9.503"/>
  <testcase name="createMcRegistrationThenMakeToActive" classname="newdb.step2.CreateMedicalCenterThenMakeToActiveStateTest" time="94.241"/>
  <testcase name="retriveMCRepUserNamePassword" classname="newdb.step2.RetrieveMedicalCenterRepresentativeUserNamePasswordFromGmail" time="161.979"/>
  <testcase name="retriveMCRepUserNamePassword" classname="newdb.step2.RetrieveMedicalCenterRepresentativeUserNamePasswordFromGmail" time="104.982"/>
  <testcase name="resetPasswordFlowAsFirstTimeRepresentative" classname="org.fwcms.tc.representative.ChangePasswordFirstTimeLoginTest" time="21.961"/>
  <testcase name="addOperatorAsRepresentative" classname="newdb.step3.CreateMcOperatorAsMcRepresentativeTest" time="10.96"/>
  <testcase name="retriveMCOperatorUserNamePassword" classname="newdb.step3.RetrieveMedicalCenterOperatorUserNamePasswordFromGmail" time="15.289"/>
  <testcase name="MedicalCenterUploadButtonFunctionality" classname="org.fwcms.tc.mcRegistration.MedicalCenterUploadButtonFunctionalityTest" time="72.309"/>
  <testcase name="MedicalCenterVerifyBothOwnerDetailsandValidEmailAddress" classname="org.fwcms.tc.mcRegistration.MedicalCenterVerifyBothOwnerDetailsandValidEmailAddressTest" time="61.607"/>
  <testcase name="MedicalCenterPartialEntryof2ndRepresentativeDetails" classname="org.fwcms.tc.mcRegistration.MedicalCenterPartialEntryof2ndRepresentativeDetailsTest" time="98.901"/>
  <testcase name="medicalCenterValidateDuplicateCheckOnDocterNameAndID" classname="org.fwcms.tc.mcRegistration.MedicalCenterValidateDuplicateCheckOnDocterNameAndIDTest" time="28.082"/>
  <testcase name="medicalCenterVerifyAccessToPreviouslySavedApplication" classname="org.fwcms.tc.mcRegistration.MedicalCenterVerifyAccessToPreviouslySavedApplicationTest" time="30.264"/>
  <testcase name="medicalCenterVerifyAddingDeletingEditingDocterDetailsTest" classname="org.fwcms.tc.mcRegistration.MedicalCenterVerifyAddingDeletingEditingDocterDetailsTest" time="47.201"/>
  <testcase name="medicalCenterVerifyAppearenceOfAdditionalButtonsOnclickingDoctorList" classname="org.fwcms.tc.mcRegistration.MedicalCenterVerifyAppearenceOfAdditionalButtonsOnclickingDoctorListTest" time="17.687"/>
  <testcase name="medicalCenterNextAndPreviousButtonFunctionality" classname="org.fwcms.tc.mcRegistration.MedicalCenterNextAndPreviousButtonFunctionalityTest" time="2.029"/>
  <testcase name="medicalCenterVerifyNavigationAmongDifferentTabs" classname="org.fwcms.tc.mcRegistration.MedicalCenterNextAndPreviousButtonFunctionalityTest" time="4.738"/>
  <testcase name="medicalCenterVerifyDisplayOfDocumentSizeInAttachDocumentAndDeleting" classname="org.fwcms.tc.mcRegistration.MedicalCenterVerifyDisplayOfDocumentSizeInAttachDocumentAndDeletingTest" time="44.008"/>
  <testcase name="VerifyMCInActiveStatusCanBeUpdated" classname="org.fwcms.tc.representative.VerifyMCInActiveStatusCanBeUpdatedTest" time="7.12">
    <failure message="expected [false] but found [true]" type="java.lang.AssertionError">java.lang.AssertionError: expected [false] but found [true]
	at org.fwcms.tc.representative.VerifyMCInActiveStatusCanBeUpdatedTest.VerifyMCInActiveStatusCanBeUpdated(VerifyMCInActiveStatusCanBeUpdatedTest.java:37)
</failure>
    <system-out><![CDATA[16-01-2017 18:09:53,712 [main] INFO [olo.initiator.DriverConfiguration]  - Trying to Stop WebDriver
16-01-2017 18:09:53,912 [main] INFO [olo.initiator.DriverConfiguration]  - WebDriver Stopped
16-01-2017 18:09:57,824 [main] INFO [olo.mailer.MailClient]  - Mail sent succesfully !!!
16-01-2017 18:09:57,824 [main] INFO [olo.listeners.MailSuiteListener]  - Mail sent on suite completed 'medicalCenterRegistrationValidations'
16-01-2017 18:10:01,565 [main] INFO [olo.mailer.MailClient]  - Mail sent succesfully !!!
16-01-2017 18:10:01,566 [main] INFO [olo.listeners.MailSuiteListener]  - Mail sent on suite start 'medicalCenterUpdate'
16-01-2017 18:10:05,844 [main] INFO [olo.initiator.DriverConfiguration]  - Setting pageLoadTimeout to 60 seconds
16-01-2017 18:10:05,854 [main] INFO [olo.initiator.DriverConfiguration]  - Setting implicitlyWait to 60 seconds
16-01-2017 18:10:05,868 [main] INFO [olo.initiator.DriverConfiguration]  - Trying to maximize and focus the window
16-01-2017 18:10:05,889 [main] INFO [olo.initiator.DriverConfiguration]  - setting up browser preferences completed
16-01-2017 18:10:05,889 [main] INFO [olo.initiator.InitiatorUtil]  - Trying to open url https://fw5.fwcms.com.my/tc
16-01-2017 18:10:07,429 [main] INFO [olo.initiator.InitiatorUtil]  - current url is https://fwsso5.fwcms.com.my/login?service=https%3a%2f%2ffw5.fwcms.com.my%2ftc%2f
16-01-2017 18:10:07,429 [main] INFO [pages.tc.LoginPage]  - typing username 'testpr51' 
16-01-2017 18:10:07,574 [main] INFO [pages.tc.LoginPage]  - typing password 'Test123!@'
16-01-2017 18:10:08,617 [main] INFO [pages.tc.LoginPage]  - clicking login button
16-01-2017 18:10:08,967 [main] INFO [olo.listeners.InvokedMethodListener]  - Test execution started : VerifyMCInActiveStatusCanBeUpdated
16-01-2017 18:10:08,968 [main] INFO [fwcms.util.MedicalCenterProp]  - Loading medicalCenter.properties
16-01-2017 18:10:08,968 [main] INFO [pages.tc.HomePage]  - clicking medical center search option
16-01-2017 18:10:10,538 [main] INFO [pages.tc.SearchMedicalCenterPage]  - Searching MC by Application ID
16-01-2017 18:10:10,928 [main] INFO [fwcms.pages.CommonElements]  - waiting for loading message to disappear
16-01-2017 18:10:11,488 [main] INFO [pages.tc.SearchMedicalCenterPage]  - Verifying MC status to beActive
16-01-2017 18:10:11,522 [main] INFO [olo.bot.BrowserBot]  - Comparing elementText : 'Active' equals to expectedText : 'Active' in element [[FirefoxDriver: firefox on WINDOWS (c6ca19a7-1279-40c6-9a8f-ebd28e2b1226)] -> css selector: span[class$='mc_status']]
16-01-2017 18:10:11,523 [main] INFO [fwcms.pages.CommonElements]  - Logout from the application
16-01-2017 18:10:12,801 [main] INFO [pages.tc.LoginPage]  - typing username 'chinar18' 
16-01-2017 18:10:12,920 [main] INFO [pages.tc.LoginPage]  - typing password 'Test123!@'
16-01-2017 18:10:13,985 [main] INFO [pages.tc.LoginPage]  - clicking login button
16-01-2017 18:10:14,275 [main] INFO [pages.tc.RepresentativeHomePage]  - waiting for update MC link to be clickable
16-01-2017 18:10:14,864 [main] INFO [pages.tc.RepresentativeHomePage]  - clicking update MC link
16-01-2017 18:10:15,542 [main] INFO [fwcms.pages.CommonElements]  - waiting for loading message to disappear
16-01-2017 18:10:16,069 [main] INFO [pages.tc.UpdateMedicalCenterPage]  - Verify if MC in active state can be updated
16-01-2017 18:10:16,080 [main] INFO [olo.listeners.InvokedMethodListener]  - Test execution completed : VerifyMCInActiveStatusCanBeUpdated
16-01-2017 18:10:16,081 [main] INFO [olo.listeners.InvokedMethodListener]  - Test status : VerifyMCInActiveStatusCanBeUpdated : FAIL
]]></system-out>
  </testcase>
  <testcase name="VerifyMaxcountAndMinCountofDoctors" classname="org.fwcms.tc.representative.VerifyCountofEachMemberInUpdateMCTest" time="0.092">
    <failure message="Element is not clickable at point (985.2000122070312, 601.2833251953125). Other element would receive the click: &lt;div style=&quot;height: 657px; opacity: 0.9; position: fixed; top: 0px; left: 0px; background-color: rgb(32, 65, 82); width: 100%; z-index: 1000000;&quot; id=&quot;overlay_status&quot; title=&quot;Click to close&quot;&gt;&lt;/div&gt;&#10;Command duration or timeout: 71 milliseconds&#10;Build info: version: &apos;2.52.0&apos;, revision: &apos;4c2593cfc3689a7fcd7be52549167e5ccc93ad28&apos;, time: &apos;2016-02-11 11:22:43&apos;&#10;System info: host: &apos;QA1-PC&apos;, ip: &apos;10.0.1.50&apos;, os.name: &apos;Windows 7&apos;, os.arch: &apos;amd64&apos;, os.version: &apos;6.1&apos;, java.version: &apos;1.7.0_67&apos;&#10;Session ID: 083cbe99-0195-4f87-9e7a-80bdf84f1dea&#10;Driver info: org.openqa.selenium.firefox.FirefoxDriver&#10;Capabilities [{platform=WINDOWS, acceptSslCerts=true, javascriptEnabled=true, cssSelectorsEnabled=true, databaseEnabled=true, browserName=firefox, handlesAlerts=true, nativeEvents=false, webStorageEnabled=true, rotatable=false, locationContextEnabled=true, applicationCacheEnabled=true, takesScreenshot=true, version=46.0}]" type="org.openqa.selenium.WebDriverException"><![CDATA[org.openqa.selenium.WebDriverException: 
Element is not clickable at point (985.2000122070312, 601.2833251953125). Other element would receive the click: <div style="height: 657px; opacity: 0.9; position: fixed; top: 0px; left: 0px; background-color: rgb(32, 65, 82); width: 100%; z-index: 1000000;" id="overlay_status" title="Click to close"></div>
Command duration or timeout: 71 milliseconds
Build info: version: '2.52.0', revision: '4c2593cfc3689a7fcd7be52549167e5ccc93ad28', time: '2016-02-11 11:22:43'
System info: host: 'QA1-PC', ip: '10.0.1.50', os.name: 'Windows 7', os.arch: 'amd64', os.version: '6.1', java.version: '1.7.0_67'
Session ID: 083cbe99-0195-4f87-9e7a-80bdf84f1dea
Driver info: org.openqa.selenium.firefox.FirefoxDriver
Capabilities [{platform=WINDOWS, acceptSslCerts=true, javascriptEnabled=true, cssSelectorsEnabled=true, databaseEnabled=true, browserName=firefox, handlesAlerts=true, nativeEvents=false, webStorageEnabled=true, rotatable=false, locationContextEnabled=true, applicationCacheEnabled=true, takesScreenshot=true, version=46.0}]
	at org.fwcms.tc.representative.VerifyCountofEachMemberInUpdateMCTest.VerifyMaxcountAndMinCountofDoctors(VerifyCountofEachMemberInUpdateMCTest.java:66)
]]></failure>
    <system-out><![CDATA[16-01-2017 18:10:16,232 [main] INFO [olo.initiator.DriverConfiguration]  - Trying to Stop WebDriver
16-01-2017 18:10:16,530 [main] INFO [olo.initiator.DriverConfiguration]  - WebDriver Stopped
16-01-2017 18:10:21,179 [main] INFO [olo.initiator.DriverConfiguration]  - Setting pageLoadTimeout to 60 seconds
16-01-2017 18:10:21,187 [main] INFO [olo.initiator.DriverConfiguration]  - Setting implicitlyWait to 60 seconds
16-01-2017 18:10:21,339 [main] INFO [olo.initiator.DriverConfiguration]  - Trying to maximize and focus the window
16-01-2017 18:10:21,434 [main] INFO [olo.initiator.DriverConfiguration]  - setting up browser preferences completed
16-01-2017 18:10:21,434 [main] INFO [olo.initiator.InitiatorUtil]  - Trying to open url https://fw5.fwcms.com.my/tc
16-01-2017 18:10:22,243 [main] INFO [olo.initiator.InitiatorUtil]  - current url is https://fwsso5.fwcms.com.my/login?service=https%3a%2f%2ffw5.fwcms.com.my%2ftc%2f
16-01-2017 18:10:22,244 [main] INFO [pages.tc.LoginPage]  - typing username 'testpr51' 
16-01-2017 18:10:22,396 [main] INFO [pages.tc.LoginPage]  - typing password 'Test123!@'
16-01-2017 18:10:23,469 [main] INFO [pages.tc.LoginPage]  - clicking login button
16-01-2017 18:10:23,799 [main] INFO [pages.tc.HomePage]  - clicking medical center search option
16-01-2017 18:10:25,254 [main] INFO [pages.tc.SearchMedicalCenterPage]  - Searching MC by Application ID
16-01-2017 18:10:25,618 [main] INFO [fwcms.pages.CommonElements]  - waiting for loading message to disappear
16-01-2017 18:10:26,144 [main] INFO [pages.tc.SearchMedicalCenterPage]  - Verifying MC status to beActive
16-01-2017 18:10:26,178 [main] INFO [olo.bot.BrowserBot]  - Comparing elementText : 'Active' equals to expectedText : 'Active' in element [[FirefoxDriver: firefox on WINDOWS (083cbe99-0195-4f87-9e7a-80bdf84f1dea)] -> css selector: span[class$='mc_status']]
16-01-2017 18:10:26,178 [main] INFO [fwcms.pages.CommonElements]  - Logout from the application
16-01-2017 18:10:27,202 [main] INFO [pages.tc.LoginPage]  - typing username 'chinar18' 
16-01-2017 18:10:27,363 [main] INFO [pages.tc.LoginPage]  - typing password 'Test123!@'
16-01-2017 18:10:28,442 [main] INFO [pages.tc.LoginPage]  - clicking login button
16-01-2017 18:10:28,766 [main] INFO [pages.tc.RepresentativeHomePage]  - waiting for update MC link to be clickable
16-01-2017 18:10:29,397 [main] INFO [pages.tc.RepresentativeHomePage]  - clicking update MC link
16-01-2017 18:10:30,092 [main] INFO [fwcms.pages.CommonElements]  - waiting for loading message to disappear
16-01-2017 18:10:30,621 [main] INFO [olo.listeners.InvokedMethodListener]  - Test execution started : VerifyMaxcountAndMinCountofDoctors
16-01-2017 18:10:30,624 [main] INFO [pages.tc.UpdateMedicalCenterPage]  - Trying to update more than 10 doctors
16-01-2017 18:10:30,705 [main] INFO [olo.listeners.InvokedMethodListener]  - Test execution completed : VerifyMaxcountAndMinCountofDoctors
16-01-2017 18:10:30,706 [main] INFO [olo.listeners.InvokedMethodListener]  - Test status : VerifyMaxcountAndMinCountofDoctors : FAIL
]]></system-out>
  </testcase>
  <testcase name="VerifyReplacementofOwner" classname="org.fwcms.tc.representative.VerifyCountofEachMemberInUpdateMCTest" time="1.086">
    <failure message="Element is not clickable at point (625.5, 385.316650390625). Other element would receive the click: &lt;div style=&quot;height: 657px; opacity: 0.9; position: fixed; top: 0px; left: 0px; background-color: rgb(32, 65, 82); width: 100%; z-index: 1000000;&quot; id=&quot;overlay_status&quot; title=&quot;Click to close&quot;&gt;&lt;/div&gt;&#10;Command duration or timeout: 69 milliseconds&#10;Build info: version: &apos;2.52.0&apos;, revision: &apos;4c2593cfc3689a7fcd7be52549167e5ccc93ad28&apos;, time: &apos;2016-02-11 11:22:43&apos;&#10;System info: host: &apos;QA1-PC&apos;, ip: &apos;10.0.1.50&apos;, os.name: &apos;Windows 7&apos;, os.arch: &apos;amd64&apos;, os.version: &apos;6.1&apos;, java.version: &apos;1.7.0_67&apos;&#10;Session ID: d2ac6a05-d976-4932-8fb3-0d0e029ad4e7&#10;Driver info: org.openqa.selenium.firefox.FirefoxDriver&#10;Capabilities [{platform=WINDOWS, acceptSslCerts=true, javascriptEnabled=true, cssSelectorsEnabled=true, databaseEnabled=true, browserName=firefox, handlesAlerts=true, nativeEvents=false, webStorageEnabled=true, rotatable=false, locationContextEnabled=true, applicationCacheEnabled=true, takesScreenshot=true, version=46.0}]" type="org.openqa.selenium.WebDriverException"><![CDATA[org.openqa.selenium.WebDriverException: 
Element is not clickable at point (625.5, 385.316650390625). Other element would receive the click: <div style="height: 657px; opacity: 0.9; position: fixed; top: 0px; left: 0px; background-color: rgb(32, 65, 82); width: 100%; z-index: 1000000;" id="overlay_status" title="Click to close"></div>
Command duration or timeout: 69 milliseconds
Build info: version: '2.52.0', revision: '4c2593cfc3689a7fcd7be52549167e5ccc93ad28', time: '2016-02-11 11:22:43'
System info: host: 'QA1-PC', ip: '10.0.1.50', os.name: 'Windows 7', os.arch: 'amd64', os.version: '6.1', java.version: '1.7.0_67'
Session ID: d2ac6a05-d976-4932-8fb3-0d0e029ad4e7
Driver info: org.openqa.selenium.firefox.FirefoxDriver
Capabilities [{platform=WINDOWS, acceptSslCerts=true, javascriptEnabled=true, cssSelectorsEnabled=true, databaseEnabled=true, browserName=firefox, handlesAlerts=true, nativeEvents=false, webStorageEnabled=true, rotatable=false, locationContextEnabled=true, applicationCacheEnabled=true, takesScreenshot=true, version=46.0}]
	at org.fwcms.tc.representative.VerifyCountofEachMemberInUpdateMCTest.VerifyReplacementofOwner(VerifyCountofEachMemberInUpdateMCTest.java:77)
]]></failure>
    <system-out><![CDATA[16-01-2017 18:10:30,862 [main] INFO [olo.initiator.DriverConfiguration]  - Trying to Stop WebDriver
16-01-2017 18:10:31,145 [main] INFO [olo.initiator.DriverConfiguration]  - WebDriver Stopped
16-01-2017 18:10:35,958 [main] INFO [olo.initiator.DriverConfiguration]  - Setting pageLoadTimeout to 60 seconds
16-01-2017 18:10:35,971 [main] INFO [olo.initiator.DriverConfiguration]  - Setting implicitlyWait to 60 seconds
16-01-2017 18:10:35,985 [main] INFO [olo.initiator.DriverConfiguration]  - Trying to maximize and focus the window
16-01-2017 18:10:36,004 [main] INFO [olo.initiator.DriverConfiguration]  - setting up browser preferences completed
16-01-2017 18:10:36,004 [main] INFO [olo.initiator.InitiatorUtil]  - Trying to open url https://fw5.fwcms.com.my/tc
16-01-2017 18:10:36,499 [main] INFO [olo.initiator.InitiatorUtil]  - current url is https://fwsso5.fwcms.com.my/login?service=https%3a%2f%2ffw5.fwcms.com.my%2ftc%2f
16-01-2017 18:10:36,499 [main] INFO [pages.tc.LoginPage]  - typing username 'testpr51' 
16-01-2017 18:10:36,699 [main] INFO [pages.tc.LoginPage]  - typing password 'Test123!@'
16-01-2017 18:10:37,770 [main] INFO [pages.tc.LoginPage]  - clicking login button
16-01-2017 18:10:38,117 [main] INFO [pages.tc.HomePage]  - clicking medical center search option
16-01-2017 18:10:39,702 [main] INFO [pages.tc.SearchMedicalCenterPage]  - Searching MC by Application ID
16-01-2017 18:10:40,079 [main] INFO [fwcms.pages.CommonElements]  - waiting for loading message to disappear
16-01-2017 18:10:40,609 [main] INFO [pages.tc.SearchMedicalCenterPage]  - Verifying MC status to beActive
16-01-2017 18:10:40,642 [main] INFO [olo.bot.BrowserBot]  - Comparing elementText : 'Active' equals to expectedText : 'Active' in element [[FirefoxDriver: firefox on WINDOWS (d2ac6a05-d976-4932-8fb3-0d0e029ad4e7)] -> css selector: span[class$='mc_status']]
16-01-2017 18:10:40,642 [main] INFO [fwcms.pages.CommonElements]  - Logout from the application
16-01-2017 18:10:41,655 [main] INFO [pages.tc.LoginPage]  - typing username 'chinar18' 
16-01-2017 18:10:41,790 [main] INFO [pages.tc.LoginPage]  - typing password 'Test123!@'
16-01-2017 18:10:42,877 [main] INFO [pages.tc.LoginPage]  - clicking login button
16-01-2017 18:10:43,210 [main] INFO [pages.tc.RepresentativeHomePage]  - waiting for update MC link to be clickable
16-01-2017 18:10:43,799 [main] INFO [pages.tc.RepresentativeHomePage]  - clicking update MC link
16-01-2017 18:10:44,528 [main] INFO [fwcms.pages.CommonElements]  - waiting for loading message to disappear
16-01-2017 18:10:45,052 [main] INFO [olo.listeners.InvokedMethodListener]  - Test execution started : VerifyReplacementofOwner
16-01-2017 18:10:45,054 [main] INFO [pages.tc.UpdateMedicalCenterPage]  - Editing owner1 details
16-01-2017 18:10:46,136 [main] INFO [olo.listeners.InvokedMethodListener]  - Test execution completed : VerifyReplacementofOwner
16-01-2017 18:10:46,136 [main] INFO [olo.listeners.InvokedMethodListener]  - Test status : VerifyReplacementofOwner : FAIL
]]></system-out>
  </testcase>
  <testcase name="verifyDeletingASingleRepAndDeletingBothReps" classname="org.fwcms.tc.representative.VerifyCountofEachMemberInUpdateMCTest" time="0.087">
    <failure message="Element is not clickable at point (1006.2666625976562, 406.98333740234375). Other element would receive the click: &lt;div style=&quot;height: 657px; opacity: 0.9; position: fixed; top: 0px; left: 0px; background-color: rgb(32, 65, 82); width: 100%; z-index: 1000000;&quot; id=&quot;overlay_status&quot; title=&quot;Click to close&quot;&gt;&lt;/div&gt;&#10;Command duration or timeout: 63 milliseconds&#10;Build info: version: &apos;2.52.0&apos;, revision: &apos;4c2593cfc3689a7fcd7be52549167e5ccc93ad28&apos;, time: &apos;2016-02-11 11:22:43&apos;&#10;System info: host: &apos;QA1-PC&apos;, ip: &apos;10.0.1.50&apos;, os.name: &apos;Windows 7&apos;, os.arch: &apos;amd64&apos;, os.version: &apos;6.1&apos;, java.version: &apos;1.7.0_67&apos;&#10;Session ID: e5d80b97-1e45-499e-b893-fcc59dd20745&#10;Driver info: org.openqa.selenium.firefox.FirefoxDriver&#10;Capabilities [{platform=WINDOWS, acceptSslCerts=true, javascriptEnabled=true, cssSelectorsEnabled=true, databaseEnabled=true, browserName=firefox, handlesAlerts=true, nativeEvents=false, webStorageEnabled=true, rotatable=false, locationContextEnabled=true, applicationCacheEnabled=true, takesScreenshot=true, version=46.0}]" type="org.openqa.selenium.WebDriverException"><![CDATA[org.openqa.selenium.WebDriverException: 
Element is not clickable at point (1006.2666625976562, 406.98333740234375). Other element would receive the click: <div style="height: 657px; opacity: 0.9; position: fixed; top: 0px; left: 0px; background-color: rgb(32, 65, 82); width: 100%; z-index: 1000000;" id="overlay_status" title="Click to close"></div>
Command duration or timeout: 63 milliseconds
Build info: version: '2.52.0', revision: '4c2593cfc3689a7fcd7be52549167e5ccc93ad28', time: '2016-02-11 11:22:43'
System info: host: 'QA1-PC', ip: '10.0.1.50', os.name: 'Windows 7', os.arch: 'amd64', os.version: '6.1', java.version: '1.7.0_67'
Session ID: e5d80b97-1e45-499e-b893-fcc59dd20745
Driver info: org.openqa.selenium.firefox.FirefoxDriver
Capabilities [{platform=WINDOWS, acceptSslCerts=true, javascriptEnabled=true, cssSelectorsEnabled=true, databaseEnabled=true, browserName=firefox, handlesAlerts=true, nativeEvents=false, webStorageEnabled=true, rotatable=false, locationContextEnabled=true, applicationCacheEnabled=true, takesScreenshot=true, version=46.0}]
	at org.fwcms.tc.representative.VerifyCountofEachMemberInUpdateMCTest.verifyDeletingASingleRepAndDeletingBothReps(VerifyCountofEachMemberInUpdateMCTest.java:88)
]]></failure>
    <system-out><![CDATA[16-01-2017 18:10:46,289 [main] INFO [olo.initiator.DriverConfiguration]  - Trying to Stop WebDriver
16-01-2017 18:10:46,659 [main] INFO [olo.initiator.DriverConfiguration]  - WebDriver Stopped
16-01-2017 18:10:51,389 [main] INFO [olo.initiator.DriverConfiguration]  - Setting pageLoadTimeout to 60 seconds
16-01-2017 18:10:51,408 [main] INFO [olo.initiator.DriverConfiguration]  - Setting implicitlyWait to 60 seconds
16-01-2017 18:10:51,420 [main] INFO [olo.initiator.DriverConfiguration]  - Trying to maximize and focus the window
16-01-2017 18:10:51,437 [main] INFO [olo.initiator.DriverConfiguration]  - setting up browser preferences completed
16-01-2017 18:10:51,437 [main] INFO [olo.initiator.InitiatorUtil]  - Trying to open url https://fw5.fwcms.com.my/tc
16-01-2017 18:10:52,201 [main] INFO [olo.initiator.InitiatorUtil]  - current url is https://fwsso5.fwcms.com.my/login?service=https%3a%2f%2ffw5.fwcms.com.my%2ftc%2f
16-01-2017 18:10:52,202 [main] INFO [pages.tc.LoginPage]  - typing username 'testpr51' 
16-01-2017 18:10:52,389 [main] INFO [pages.tc.LoginPage]  - typing password 'Test123!@'
16-01-2017 18:10:53,456 [main] INFO [pages.tc.LoginPage]  - clicking login button
16-01-2017 18:10:53,777 [main] INFO [pages.tc.HomePage]  - clicking medical center search option
16-01-2017 18:10:55,330 [main] INFO [pages.tc.SearchMedicalCenterPage]  - Searching MC by Application ID
16-01-2017 18:10:55,689 [main] INFO [fwcms.pages.CommonElements]  - waiting for loading message to disappear
16-01-2017 18:10:56,217 [main] INFO [pages.tc.SearchMedicalCenterPage]  - Verifying MC status to beActive
16-01-2017 18:10:56,249 [main] INFO [olo.bot.BrowserBot]  - Comparing elementText : 'Active' equals to expectedText : 'Active' in element [[FirefoxDriver: firefox on WINDOWS (e5d80b97-1e45-499e-b893-fcc59dd20745)] -> css selector: span[class$='mc_status']]
16-01-2017 18:10:56,250 [main] INFO [fwcms.pages.CommonElements]  - Logout from the application
16-01-2017 18:10:57,310 [main] INFO [pages.tc.LoginPage]  - typing username 'chinar18' 
16-01-2017 18:10:57,429 [main] INFO [pages.tc.LoginPage]  - typing password 'Test123!@'
16-01-2017 18:10:58,480 [main] INFO [pages.tc.LoginPage]  - clicking login button
16-01-2017 18:10:58,804 [main] INFO [pages.tc.RepresentativeHomePage]  - waiting for update MC link to be clickable
16-01-2017 18:10:59,333 [main] INFO [pages.tc.RepresentativeHomePage]  - clicking update MC link
16-01-2017 18:11:00,009 [main] INFO [fwcms.pages.CommonElements]  - waiting for loading message to disappear
16-01-2017 18:11:00,532 [main] INFO [olo.listeners.InvokedMethodListener]  - Test execution started : verifyDeletingASingleRepAndDeletingBothReps
16-01-2017 18:11:00,535 [main] INFO [pages.tc.UpdateMedicalCenterPage]  - Remove rep1 and verify
16-01-2017 18:11:00,617 [main] INFO [olo.listeners.InvokedMethodListener]  - Test execution completed : verifyDeletingASingleRepAndDeletingBothReps
16-01-2017 18:11:00,617 [main] INFO [olo.listeners.InvokedMethodListener]  - Test status : verifyDeletingASingleRepAndDeletingBothReps : FAIL
]]></system-out>
  </testcase>
  <testcase name="rejectUpdatedMCDetailsandVerify" classname="org.fwcms.tc.representative.RejectUpdatedMCDetailsandVerifyTest" time="8.959">
    <failure message="Element is not clickable at point (674.5, 447.20001220703125). Other element would receive the click: &lt;div style=&quot;height: 657px; opacity: 0.9; position: fixed; top: 0px; left: 0px; background-color: rgb(32, 65, 82); width: 100%; z-index: 1000000;&quot; id=&quot;overlay_status&quot; title=&quot;Click to close&quot;&gt;&lt;/div&gt;&#10;Command duration or timeout: 65 milliseconds&#10;Build info: version: &apos;2.52.0&apos;, revision: &apos;4c2593cfc3689a7fcd7be52549167e5ccc93ad28&apos;, time: &apos;2016-02-11 11:22:43&apos;&#10;System info: host: &apos;QA1-PC&apos;, ip: &apos;10.0.1.50&apos;, os.name: &apos;Windows 7&apos;, os.arch: &apos;amd64&apos;, os.version: &apos;6.1&apos;, java.version: &apos;1.7.0_67&apos;&#10;Session ID: 26ae2459-8b31-440f-8d7f-618bdbe87898&#10;Driver info: org.openqa.selenium.firefox.FirefoxDriver&#10;Capabilities [{platform=WINDOWS, acceptSslCerts=true, javascriptEnabled=true, cssSelectorsEnabled=true, databaseEnabled=true, browserName=firefox, handlesAlerts=true, nativeEvents=false, webStorageEnabled=true, rotatable=false, locationContextEnabled=true, applicationCacheEnabled=true, takesScreenshot=true, version=46.0}]" type="org.openqa.selenium.WebDriverException"><![CDATA[org.openqa.selenium.WebDriverException: 
Element is not clickable at point (674.5, 447.20001220703125). Other element would receive the click: <div style="height: 657px; opacity: 0.9; position: fixed; top: 0px; left: 0px; background-color: rgb(32, 65, 82); width: 100%; z-index: 1000000;" id="overlay_status" title="Click to close"></div>
Command duration or timeout: 65 milliseconds
Build info: version: '2.52.0', revision: '4c2593cfc3689a7fcd7be52549167e5ccc93ad28', time: '2016-02-11 11:22:43'
System info: host: 'QA1-PC', ip: '10.0.1.50', os.name: 'Windows 7', os.arch: 'amd64', os.version: '6.1', java.version: '1.7.0_67'
Session ID: 26ae2459-8b31-440f-8d7f-618bdbe87898
Driver info: org.openqa.selenium.firefox.FirefoxDriver
Capabilities [{platform=WINDOWS, acceptSslCerts=true, javascriptEnabled=true, cssSelectorsEnabled=true, databaseEnabled=true, browserName=firefox, handlesAlerts=true, nativeEvents=false, webStorageEnabled=true, rotatable=false, locationContextEnabled=true, applicationCacheEnabled=true, takesScreenshot=true, version=46.0}]
	at org.fwcms.tc.representative.RejectUpdatedMCDetailsandVerifyTest.rejectUpdatedMCDetailsandVerify(RejectUpdatedMCDetailsandVerifyTest.java:72)
]]></failure>
    <system-out><![CDATA[16-01-2017 18:11:00,779 [main] INFO [olo.initiator.DriverConfiguration]  - Trying to Stop WebDriver
16-01-2017 18:11:01,119 [main] INFO [olo.initiator.DriverConfiguration]  - WebDriver Stopped
16-01-2017 18:11:06,039 [main] INFO [olo.initiator.DriverConfiguration]  - Setting pageLoadTimeout to 60 seconds
16-01-2017 18:11:06,278 [main] INFO [olo.initiator.DriverConfiguration]  - Setting implicitlyWait to 60 seconds
16-01-2017 18:11:06,301 [main] INFO [olo.initiator.DriverConfiguration]  - Trying to maximize and focus the window
16-01-2017 18:11:06,330 [main] INFO [olo.initiator.DriverConfiguration]  - setting up browser preferences completed
16-01-2017 18:11:06,330 [main] INFO [olo.initiator.InitiatorUtil]  - Trying to open url https://fw5.fwcms.com.my/tc
16-01-2017 18:11:07,123 [main] INFO [olo.initiator.InitiatorUtil]  - current url is https://fwsso5.fwcms.com.my/login?service=https%3a%2f%2ffw5.fwcms.com.my%2ftc%2f
16-01-2017 18:11:07,123 [main] INFO [pages.tc.LoginPage]  - typing username 'testau251' 
16-01-2017 18:11:07,431 [main] INFO [pages.tc.LoginPage]  - typing password 'Test123!@'
16-01-2017 18:11:08,492 [main] INFO [pages.tc.LoginPage]  - clicking login button
16-01-2017 18:11:08,814 [main] INFO [olo.listeners.InvokedMethodListener]  - Test execution started : rejectUpdatedMCDetailsandVerify
16-01-2017 18:11:08,815 [main] INFO [pages.tc.HomePage]  - clicking medical center search option
16-01-2017 18:11:10,366 [main] INFO [pages.tc.SearchMedicalCenterPage]  - Searching MC by Application ID
16-01-2017 18:11:10,729 [main] INFO [fwcms.pages.CommonElements]  - waiting for loading message to disappear
16-01-2017 18:11:11,261 [main] INFO [pages.tc.SearchMedicalCenterPage]  - Verifying MC status to beActive
16-01-2017 18:11:11,285 [main] INFO [olo.bot.BrowserBot]  - Comparing elementText : 'Active' equals to expectedText : 'Active' in element [[FirefoxDriver: firefox on WINDOWS (26ae2459-8b31-440f-8d7f-618bdbe87898)] -> css selector: span[class$='mc_status']]
16-01-2017 18:11:11,286 [main] INFO [fwcms.pages.CommonElements]  - Logout from the application
16-01-2017 18:11:12,431 [main] INFO [pages.tc.LoginPage]  - typing username 'chinar18' 
16-01-2017 18:11:12,569 [main] INFO [pages.tc.LoginPage]  - typing password 'Test123!@'
16-01-2017 18:11:13,635 [main] INFO [pages.tc.LoginPage]  - clicking login button
16-01-2017 18:11:13,948 [main] INFO [pages.tc.RepresentativeHomePage]  - waiting for update MC link to be clickable
16-01-2017 18:11:14,505 [main] INFO [pages.tc.RepresentativeHomePage]  - clicking update MC link
16-01-2017 18:11:15,106 [main] INFO [fwcms.pages.CommonElements]  - waiting for loading message to disappear
16-01-2017 18:11:17,695 [main] INFO [pages.tc.UpdateMedicalCenterPage]  - Click MC update link
16-01-2017 18:11:17,768 [main] INFO [olo.listeners.InvokedMethodListener]  - Test execution completed : rejectUpdatedMCDetailsandVerify
16-01-2017 18:11:17,769 [main] INFO [olo.listeners.InvokedMethodListener]  - Test status : rejectUpdatedMCDetailsandVerify : FAIL
]]></system-out>
  </testcase>
  <testcase name="updateMCDetailsWithoutAndWithSupportingDocs" classname="org.fwcms.tc.representative.UpdateMCDetailsWithoutAndWithSupportingDocsTest" time="9.005">
    <failure message="Element is not clickable at point (674.5, 447.20001220703125). Other element would receive the click: &lt;div style=&quot;height: 657px; opacity: 0.9; position: fixed; top: 0px; left: 0px; background-color: rgb(32, 65, 82); width: 100%; z-index: 1000000;&quot; id=&quot;overlay_status&quot; title=&quot;Click to close&quot;&gt;&lt;/div&gt;&#10;Command duration or timeout: 66 milliseconds&#10;Build info: version: &apos;2.52.0&apos;, revision: &apos;4c2593cfc3689a7fcd7be52549167e5ccc93ad28&apos;, time: &apos;2016-02-11 11:22:43&apos;&#10;System info: host: &apos;QA1-PC&apos;, ip: &apos;10.0.1.50&apos;, os.name: &apos;Windows 7&apos;, os.arch: &apos;amd64&apos;, os.version: &apos;6.1&apos;, java.version: &apos;1.7.0_67&apos;&#10;Session ID: 47c48922-0a94-4338-b867-77947d77004b&#10;Driver info: org.openqa.selenium.firefox.FirefoxDriver&#10;Capabilities [{platform=WINDOWS, acceptSslCerts=true, javascriptEnabled=true, cssSelectorsEnabled=true, databaseEnabled=true, browserName=firefox, handlesAlerts=true, nativeEvents=false, webStorageEnabled=true, rotatable=false, locationContextEnabled=true, applicationCacheEnabled=true, takesScreenshot=true, version=46.0}]" type="org.openqa.selenium.WebDriverException"><![CDATA[org.openqa.selenium.WebDriverException: 
Element is not clickable at point (674.5, 447.20001220703125). Other element would receive the click: <div style="height: 657px; opacity: 0.9; position: fixed; top: 0px; left: 0px; background-color: rgb(32, 65, 82); width: 100%; z-index: 1000000;" id="overlay_status" title="Click to close"></div>
Command duration or timeout: 66 milliseconds
Build info: version: '2.52.0', revision: '4c2593cfc3689a7fcd7be52549167e5ccc93ad28', time: '2016-02-11 11:22:43'
System info: host: 'QA1-PC', ip: '10.0.1.50', os.name: 'Windows 7', os.arch: 'amd64', os.version: '6.1', java.version: '1.7.0_67'
Session ID: 47c48922-0a94-4338-b867-77947d77004b
Driver info: org.openqa.selenium.firefox.FirefoxDriver
Capabilities [{platform=WINDOWS, acceptSslCerts=true, javascriptEnabled=true, cssSelectorsEnabled=true, databaseEnabled=true, browserName=firefox, handlesAlerts=true, nativeEvents=false, webStorageEnabled=true, rotatable=false, locationContextEnabled=true, applicationCacheEnabled=true, takesScreenshot=true, version=46.0}]
	at org.fwcms.tc.representative.UpdateMCDetailsWithoutAndWithSupportingDocsTest.updateMCDetailsWithoutAndWithSupportingDocs(UpdateMCDetailsWithoutAndWithSupportingDocsTest.java:75)
]]></failure>
    <system-out><![CDATA[16-01-2017 18:11:17,915 [main] INFO [olo.initiator.DriverConfiguration]  - Trying to Stop WebDriver
16-01-2017 18:11:18,197 [main] INFO [olo.initiator.DriverConfiguration]  - WebDriver Stopped
16-01-2017 18:11:22,589 [main] INFO [olo.initiator.DriverConfiguration]  - Setting pageLoadTimeout to 60 seconds
16-01-2017 18:11:22,608 [main] INFO [olo.initiator.DriverConfiguration]  - Setting implicitlyWait to 60 seconds
16-01-2017 18:11:22,740 [main] INFO [olo.initiator.DriverConfiguration]  - Trying to maximize and focus the window
16-01-2017 18:11:22,761 [main] INFO [olo.initiator.DriverConfiguration]  - setting up browser preferences completed
16-01-2017 18:11:22,761 [main] INFO [olo.initiator.InitiatorUtil]  - Trying to open url https://fw5.fwcms.com.my/tc
16-01-2017 18:11:23,343 [main] INFO [olo.initiator.InitiatorUtil]  - current url is https://fwsso5.fwcms.com.my/login?service=https%3a%2f%2ffw5.fwcms.com.my%2ftc%2f
16-01-2017 18:11:23,344 [main] INFO [pages.tc.LoginPage]  - typing username 'testau251' 
16-01-2017 18:11:23,487 [main] INFO [pages.tc.LoginPage]  - typing password 'Test123!@'
16-01-2017 18:11:24,542 [main] INFO [pages.tc.LoginPage]  - clicking login button
16-01-2017 18:11:24,849 [main] INFO [olo.listeners.InvokedMethodListener]  - Test execution started : updateMCDetailsWithoutAndWithSupportingDocs
16-01-2017 18:11:24,850 [main] INFO [pages.tc.HomePage]  - clicking medical center search option
16-01-2017 18:11:26,311 [main] INFO [pages.tc.SearchMedicalCenterPage]  - Searching MC by Application ID
16-01-2017 18:11:26,657 [main] INFO [fwcms.pages.CommonElements]  - waiting for loading message to disappear
16-01-2017 18:11:27,222 [main] INFO [pages.tc.SearchMedicalCenterPage]  - Verifying MC status to beActive
16-01-2017 18:11:27,251 [main] INFO [olo.bot.BrowserBot]  - Comparing elementText : 'Active' equals to expectedText : 'Active' in element [[FirefoxDriver: firefox on WINDOWS (47c48922-0a94-4338-b867-77947d77004b)] -> css selector: span[class$='mc_status']]
16-01-2017 18:11:27,252 [main] INFO [fwcms.pages.CommonElements]  - Logout from the application
16-01-2017 18:11:28,300 [main] INFO [pages.tc.LoginPage]  - typing username 'chinar18' 
16-01-2017 18:11:28,413 [main] INFO [pages.tc.LoginPage]  - typing password 'Test123!@'
16-01-2017 18:11:29,542 [main] INFO [pages.tc.LoginPage]  - clicking login button
16-01-2017 18:11:29,895 [main] INFO [pages.tc.RepresentativeHomePage]  - waiting for update MC link to be clickable
16-01-2017 18:11:30,514 [main] INFO [pages.tc.RepresentativeHomePage]  - clicking update MC link
16-01-2017 18:11:31,189 [main] INFO [fwcms.pages.CommonElements]  - waiting for loading message to disappear
16-01-2017 18:11:33,778 [main] INFO [pages.tc.UpdateMedicalCenterPage]  - Click MC update link
16-01-2017 18:11:33,850 [main] INFO [olo.listeners.InvokedMethodListener]  - Test execution completed : updateMCDetailsWithoutAndWithSupportingDocs
16-01-2017 18:11:33,850 [main] INFO [olo.listeners.InvokedMethodListener]  - Test status : updateMCDetailsWithoutAndWithSupportingDocs : FAIL
]]></system-out>
  </testcase>
  <testcase name="verifyEmployerRegistration" classname="org.fwcms.cdc.employerManagement.VerifyEmployerRegistrationTest" time="31.039"/>
  <testcase name="changePasswordAsEmployer" classname="org.fwcms.cdc.employerManagement.ChangePasswordTest" time="9.434"/>
  <testcase name="loginAsEmployerAndVerifyPICDetialsTest" classname="org.fwcms.cdc.employerManagement.LoginAsEmployerAndVerifyPICDetials" time="63.234"/>
  <testcase name="metaDataConfiguration" classname="org.fwcms.cdc.superuser.MetaDataConfigurationTest" time="41.156"/>
  <testcase name="verifyElementsInUserDetailsAsSuperUser" classname="org.fwcms.cdc.superuser.VerifyElementsPresentTest" time="3.302"/>
  <testcase name="verifyElementsInUserDetailsAsPrivilegedUser" classname="org.fwcms.cdc.privilegeduser.VerifyElementsPresentTest" time="2.936"/>
  <testcase name="addPrivilegeUserValidationsAsSuperUser" classname="org.fwcms.cdc.superuser.ValidationsTest" time="136.296">
    <failure message="Timed out after 60 seconds waiting for visibility of Proxy element for: DefaultElementLocator &apos;By.cssSelector: div[class^=&apos;emailformError&apos;]&gt;div[class=&apos;formErrorContent&apos;]&apos;&#10;Build info: version: &apos;2.52.0&apos;, revision: &apos;4c2593cfc3689a7fcd7be52549167e5ccc93ad28&apos;, time: &apos;2016-02-11 11:22:43&apos;&#10;System info: host: &apos;QA1-PC&apos;, ip: &apos;10.0.1.50&apos;, os.name: &apos;Windows 7&apos;, os.arch: &apos;amd64&apos;, os.version: &apos;6.1&apos;, java.version: &apos;1.7.0_67&apos;&#10;Session ID: d38052c6-a6b9-4e05-9ba8-24c98b61bfbe&#10;Driver info: org.openqa.selenium.firefox.FirefoxDriver&#10;Capabilities [{platform=WINDOWS, acceptSslCerts=true, javascriptEnabled=true, cssSelectorsEnabled=true, databaseEnabled=true, browserName=firefox, handlesAlerts=true, nativeEvents=false, webStorageEnabled=true, rotatable=false, locationContextEnabled=true, applicationCacheEnabled=true, takesScreenshot=true, version=46.0}]" type="org.openqa.selenium.TimeoutException">org.openqa.selenium.TimeoutException: 
Timed out after 60 seconds waiting for visibility of Proxy element for: DefaultElementLocator 'By.cssSelector: div[class^='emailformError']>div[class='formErrorContent']'
Build info: version: '2.52.0', revision: '4c2593cfc3689a7fcd7be52549167e5ccc93ad28', time: '2016-02-11 11:22:43'
System info: host: 'QA1-PC', ip: '10.0.1.50', os.name: 'Windows 7', os.arch: 'amd64', os.version: '6.1', java.version: '1.7.0_67'
Session ID: d38052c6-a6b9-4e05-9ba8-24c98b61bfbe
Driver info: org.openqa.selenium.firefox.FirefoxDriver
Capabilities [{platform=WINDOWS, acceptSslCerts=true, javascriptEnabled=true, cssSelectorsEnabled=true, databaseEnabled=true, browserName=firefox, handlesAlerts=true, nativeEvents=false, webStorageEnabled=true, rotatable=false, locationContextEnabled=true, applicationCacheEnabled=true, takesScreenshot=true, version=46.0}]
	at org.fwcms.cdc.superuser.ValidationsTest.addPrivilegeUserValidationsAsSuperUser(ValidationsTest.java:52)
Caused by: org.openqa.selenium.NoSuchElementException: 
Unable to locate element: {"method":"css selector","selector":"div[class^='emailformError']>div[class='formErrorContent']"}
Command duration or timeout: 60.05 seconds
For documentation on this error, please visit: http://seleniumhq.org/exceptions/no_such_element.html
Build info: version: '2.52.0', revision: '4c2593cfc3689a7fcd7be52549167e5ccc93ad28', time: '2016-02-11 11:22:43'
System info: host: 'QA1-PC', ip: '10.0.1.50', os.name: 'Windows 7', os.arch: 'amd64', os.version: '6.1', java.version: '1.7.0_67'
*** Element info: {Using=css selector, value=div[class^='emailformError']>div[class='formErrorContent']}
Session ID: d38052c6-a6b9-4e05-9ba8-24c98b61bfbe
Driver info: org.openqa.selenium.firefox.FirefoxDriver
Capabilities [{platform=WINDOWS, acceptSslCerts=true, javascriptEnabled=true, cssSelectorsEnabled=true, databaseEnabled=true, browserName=firefox, handlesAlerts=true, nativeEvents=false, webStorageEnabled=true, rotatable=false, locationContextEnabled=true, applicationCacheEnabled=true, takesScreenshot=true, version=46.0}]
	at org.fwcms.cdc.superuser.ValidationsTest.addPrivilegeUserValidationsAsSuperUser(ValidationsTest.java:52)
Caused by: org.openqa.selenium.NoSuchElementException: 
Unable to locate element: {"method":"css selector","selector":"div[class^='emailformError']>div[class='formErrorContent']"}
For documentation on this error, please visit: http://seleniumhq.org/exceptions/no_such_element.html
Build info: version: '2.52.0', revision: '4c2593cfc3689a7fcd7be52549167e5ccc93ad28', time: '2016-02-11 11:22:43'
System info: host: 'QA1-PC', ip: '10.0.1.50', os.name: 'Windows 7', os.arch: 'amd64', os.version: '6.1', java.version: '1.7.0_67'
Driver info: driver.version: unknown
</failure>
    <system-out><![CDATA[16-01-2017 18:14:53,648 [main] INFO [olo.initiator.DriverConfiguration]  - Trying to Stop WebDriver
16-01-2017 18:14:53,885 [main] INFO [olo.initiator.DriverConfiguration]  - WebDriver Stopped
16-01-2017 18:14:58,479 [main] INFO [olo.initiator.DriverConfiguration]  - Setting pageLoadTimeout to 60 seconds
16-01-2017 18:14:58,619 [main] INFO [olo.initiator.DriverConfiguration]  - Setting implicitlyWait to 60 seconds
16-01-2017 18:14:58,631 [main] INFO [olo.initiator.DriverConfiguration]  - Trying to maximize and focus the window
16-01-2017 18:14:58,664 [main] INFO [olo.initiator.DriverConfiguration]  - setting up browser preferences completed
16-01-2017 18:14:58,664 [main] INFO [olo.initiator.InitiatorUtil]  - Trying to open url https://fw5.fwcms.com.my/cdc
16-01-2017 18:14:59,430 [main] INFO [olo.initiator.InitiatorUtil]  - current url is https://fwsso5.fwcms.com.my/login?service=https%3a%2f%2ffw5.fwcms.com.my%2fcdc%2f
16-01-2017 18:14:59,430 [main] INFO [olo.listeners.InvokedMethodListener]  - Test execution started : addPrivilegeUserValidationsAsSuperUser
16-01-2017 18:14:59,430 [main] INFO [pages.cdc.LoginPage]  - typing username 'superuser'
16-01-2017 18:14:59,507 [main] INFO [pages.cdc.LoginPage]  - typing password 'superuser'
16-01-2017 18:14:59,635 [main] INFO [pages.cdc.LoginPage]  - clicking login button
16-01-2017 18:14:59,988 [main] INFO [pages.cdc.HomePage]  - waiting for the link to be enabled
16-01-2017 18:15:00,859 [main] INFO [pages.cdc.HomePage]  - clicking on add edit delete users link
16-01-2017 18:15:01,510 [main] INFO [fwcms.pages.CommonElements]  - waiting for loading message to disappear
16-01-2017 18:15:02,064 [main] INFO [pages.cdc.UserDetailsPage]  - clicking on add user link
16-01-2017 18:15:02,128 [main] INFO [pages.cdc.UserDetailsPage]  - validating full name field
16-01-2017 18:15:02,128 [main] INFO [pages.cdc.UserDetailsPage]  - moving focus to full name
16-01-2017 18:15:02,294 [main] INFO [pages.cdc.UserDetailsPage]  - clicking on add user button
16-01-2017 18:15:02,378 [main] INFO [pages.cdc.UserDetailsPage]  - waiting for full name form error
16-01-2017 18:15:02,406 [main] INFO [pages.cdc.UserDetailsPage]  - verifying text in full name form error
16-01-2017 18:15:02,423 [main] INFO [olo.bot.BrowserBot]  - Comparing elementText : '* Name field cannot be empty.
* Letters only
* Minimum 2 characters required' equals to expectedText : '* Name field cannot be empty.
* Letters only
* Minimum 2 characters required' in element [[FirefoxDriver: firefox on WINDOWS (d38052c6-a6b9-4e05-9ba8-24c98b61bfbe)] -> css selector: div[class^='userFullNameformError']>div[class='formErrorContent']]
16-01-2017 18:15:02,423 [main] INFO [pages.cdc.UserDetailsPage]  - sleeping for 1 sec
16-01-2017 18:15:03,423 [main] INFO [pages.cdc.UserDetailsPage]  - clearing and typing fullnameMinCharAndLettersOnlydata '1' in full name
16-01-2017 18:15:03,484 [main] INFO [pages.cdc.UserDetailsPage]  - clicking on add user button
16-01-2017 18:15:03,600 [main] INFO [pages.cdc.UserDetailsPage]  - waiting for full name form error
16-01-2017 18:15:03,624 [main] INFO [pages.cdc.UserDetailsPage]  - verifying text in full name form error
16-01-2017 18:15:03,647 [main] INFO [olo.bot.BrowserBot]  - Comparing elementText : '* Letters only
* Minimum 2 characters required' equals to expectedText : '* Letters only
* Minimum 2 characters required' in element [[FirefoxDriver: firefox on WINDOWS (d38052c6-a6b9-4e05-9ba8-24c98b61bfbe)] -> css selector: div[class^='userFullNameformError']>div[class='formErrorContent']]
16-01-2017 18:15:03,647 [main] INFO [pages.cdc.UserDetailsPage]  - sleeping for 1 sec
16-01-2017 18:15:04,647 [main] INFO [pages.cdc.UserDetailsPage]  - clearing and typing fullnameMinChardata 'a' in full name
16-01-2017 18:15:04,729 [main] INFO [pages.cdc.UserDetailsPage]  - clicking on add user button
16-01-2017 18:15:04,802 [main] INFO [pages.cdc.UserDetailsPage]  - waiting for full name form error
16-01-2017 18:15:04,834 [main] INFO [pages.cdc.UserDetailsPage]  - verifying text in full name form error
16-01-2017 18:15:04,858 [main] INFO [olo.bot.BrowserBot]  - Comparing elementText : '* Minimum 2 characters required' equals to expectedText : '* Minimum 2 characters required' in element [[FirefoxDriver: firefox on WINDOWS (d38052c6-a6b9-4e05-9ba8-24c98b61bfbe)] -> css selector: div[class^='userFullNameformError']>div[class='formErrorContent']]
16-01-2017 18:15:04,859 [main] INFO [pages.cdc.UserDetailsPage]  - sleeping for 1 sec
16-01-2017 18:15:05,859 [main] INFO [pages.cdc.UserDetailsPage]  - clearing and typing fullnameLettersOnlyData 'asdfasdf1' in full name
16-01-2017 18:15:05,931 [main] INFO [pages.cdc.UserDetailsPage]  - clicking on add user button
16-01-2017 18:15:06,039 [main] INFO [pages.cdc.UserDetailsPage]  - waiting for full name form error
16-01-2017 18:15:06,052 [main] INFO [pages.cdc.UserDetailsPage]  - verifying text in full name form error
16-01-2017 18:15:06,072 [main] INFO [olo.bot.BrowserBot]  - Comparing elementText : '* Letters only' equals to expectedText : '* Letters only' in element [[FirefoxDriver: firefox on WINDOWS (d38052c6-a6b9-4e05-9ba8-24c98b61bfbe)] -> css selector: div[class^='userFullNameformError']>div[class='formErrorContent']]
16-01-2017 18:15:06,072 [main] INFO [pages.cdc.UserDetailsPage]  - sleeping for 2 sec
16-01-2017 18:15:08,072 [main] INFO [pages.cdc.UserDetailsPage]  - validating email field
16-01-2017 18:15:08,072 [main] INFO [pages.cdc.UserDetailsPage]  - moving focus to email
16-01-2017 18:15:08,149 [main] INFO [pages.cdc.UserDetailsPage]  - moving focus email to full name
16-01-2017 18:15:08,223 [main] INFO [pages.cdc.UserDetailsPage]  - waiting for email form error
16-01-2017 18:15:08,235 [main] INFO [pages.cdc.UserDetailsPage]  - verifying text in email form error
16-01-2017 18:15:08,251 [main] INFO [olo.bot.BrowserBot]  - Comparing elementText : '* Email ID field cannot be empty.
* Invalid email address
*Includes Alphabets, numbers, @ . _ -
* Minimum 5 characters required' equals to expectedText : '* Email ID field cannot be empty.
* Invalid email address
*Includes Alphabets, numbers, @ . _ -
* Minimum 5 characters required' in element [[FirefoxDriver: firefox on WINDOWS (d38052c6-a6b9-4e05-9ba8-24c98b61bfbe)] -> css selector: div[class^='emailformError']>div[class='formErrorContent']]
16-01-2017 18:15:08,251 [main] INFO [pages.cdc.UserDetailsPage]  - sleeping for 1 sec
16-01-2017 18:15:09,251 [main] INFO [pages.cdc.UserDetailsPage]  - clearing and typing invaliedEmailData 'ab@' in email
16-01-2017 18:15:09,307 [main] INFO [pages.cdc.UserDetailsPage]  - clicking on add user button
16-01-2017 18:15:09,384 [main] INFO [pages.cdc.UserDetailsPage]  - waiting for email form error
16-01-2017 18:15:09,418 [main] INFO [pages.cdc.UserDetailsPage]  - verifying text in email form error
16-01-2017 18:15:09,456 [main] INFO [olo.bot.BrowserBot]  - Comparing elementText : '* Invalid email address
* Minimum 5 characters required' equals to expectedText : '* Invalid email address
* Minimum 5 characters required' in element [[FirefoxDriver: firefox on WINDOWS (d38052c6-a6b9-4e05-9ba8-24c98b61bfbe)] -> css selector: div[class^='emailformError']>div[class='formErrorContent']]
16-01-2017 18:15:09,456 [main] INFO [pages.cdc.UserDetailsPage]  - sleeping for 1 sec
16-01-2017 18:15:10,456 [main] INFO [pages.cdc.UserDetailsPage]  - clearing and typing invaliedEmailData 'asdf@' in email
16-01-2017 18:15:12,559 [main] INFO [pages.cdc.UserDetailsPage]  - clicking on add user button
16-01-2017 18:15:15,631 [main] INFO [pages.cdc.UserDetailsPage]  - waiting for email form error three
16-01-2017 18:17:15,720 [main] INFO [olo.listeners.InvokedMethodListener]  - Test execution completed : addPrivilegeUserValidationsAsSuperUser
16-01-2017 18:17:15,721 [main] INFO [olo.listeners.InvokedMethodListener]  - Test status : addPrivilegeUserValidationsAsSuperUser : FAIL
]]></system-out>
  </testcase>
  <testcase name="addUserValidationsAsPrivilegedUser" classname="org.fwcms.cdc.privilegeduser.ValidationsTest" time="136.26">
    <failure message="Timed out after 60 seconds waiting for visibility of Proxy element for: DefaultElementLocator &apos;By.cssSelector: div[class^=&apos;emailformError&apos;]&gt;div[class=&apos;formErrorContent&apos;]&apos;&#10;Build info: version: &apos;2.52.0&apos;, revision: &apos;4c2593cfc3689a7fcd7be52549167e5ccc93ad28&apos;, time: &apos;2016-02-11 11:22:43&apos;&#10;System info: host: &apos;QA1-PC&apos;, ip: &apos;10.0.1.50&apos;, os.name: &apos;Windows 7&apos;, os.arch: &apos;amd64&apos;, os.version: &apos;6.1&apos;, java.version: &apos;1.7.0_67&apos;&#10;Session ID: 83878eec-5307-47db-b7be-870112a0bd31&#10;Driver info: org.openqa.selenium.firefox.FirefoxDriver&#10;Capabilities [{platform=WINDOWS, acceptSslCerts=true, javascriptEnabled=true, cssSelectorsEnabled=true, databaseEnabled=true, browserName=firefox, handlesAlerts=true, nativeEvents=false, webStorageEnabled=true, rotatable=false, locationContextEnabled=true, applicationCacheEnabled=true, takesScreenshot=true, version=46.0}]" type="org.openqa.selenium.TimeoutException">org.openqa.selenium.TimeoutException: 
Timed out after 60 seconds waiting for visibility of Proxy element for: DefaultElementLocator 'By.cssSelector: div[class^='emailformError']>div[class='formErrorContent']'
Build info: version: '2.52.0', revision: '4c2593cfc3689a7fcd7be52549167e5ccc93ad28', time: '2016-02-11 11:22:43'
System info: host: 'QA1-PC', ip: '10.0.1.50', os.name: 'Windows 7', os.arch: 'amd64', os.version: '6.1', java.version: '1.7.0_67'
Session ID: 83878eec-5307-47db-b7be-870112a0bd31
Driver info: org.openqa.selenium.firefox.FirefoxDriver
Capabilities [{platform=WINDOWS, acceptSslCerts=true, javascriptEnabled=true, cssSelectorsEnabled=true, databaseEnabled=true, browserName=firefox, handlesAlerts=true, nativeEvents=false, webStorageEnabled=true, rotatable=false, locationContextEnabled=true, applicationCacheEnabled=true, takesScreenshot=true, version=46.0}]
	at org.fwcms.cdc.privilegeduser.ValidationsTest.addUserValidationsAsPrivilegedUser(ValidationsTest.java:53)
Caused by: org.openqa.selenium.NoSuchElementException: 
Unable to locate element: {"method":"css selector","selector":"div[class^='emailformError']>div[class='formErrorContent']"}
Command duration or timeout: 60.06 seconds
For documentation on this error, please visit: http://seleniumhq.org/exceptions/no_such_element.html
Build info: version: '2.52.0', revision: '4c2593cfc3689a7fcd7be52549167e5ccc93ad28', time: '2016-02-11 11:22:43'
System info: host: 'QA1-PC', ip: '10.0.1.50', os.name: 'Windows 7', os.arch: 'amd64', os.version: '6.1', java.version: '1.7.0_67'
*** Element info: {Using=css selector, value=div[class^='emailformError']>div[class='formErrorContent']}
Session ID: 83878eec-5307-47db-b7be-870112a0bd31
Driver info: org.openqa.selenium.firefox.FirefoxDriver
Capabilities [{platform=WINDOWS, acceptSslCerts=true, javascriptEnabled=true, cssSelectorsEnabled=true, databaseEnabled=true, browserName=firefox, handlesAlerts=true, nativeEvents=false, webStorageEnabled=true, rotatable=false, locationContextEnabled=true, applicationCacheEnabled=true, takesScreenshot=true, version=46.0}]
	at org.fwcms.cdc.privilegeduser.ValidationsTest.addUserValidationsAsPrivilegedUser(ValidationsTest.java:53)
Caused by: org.openqa.selenium.NoSuchElementException: 
Unable to locate element: {"method":"css selector","selector":"div[class^='emailformError']>div[class='formErrorContent']"}
For documentation on this error, please visit: http://seleniumhq.org/exceptions/no_such_element.html
Build info: version: '2.52.0', revision: '4c2593cfc3689a7fcd7be52549167e5ccc93ad28', time: '2016-02-11 11:22:43'
System info: host: 'QA1-PC', ip: '10.0.1.50', os.name: 'Windows 7', os.arch: 'amd64', os.version: '6.1', java.version: '1.7.0_67'
Driver info: driver.version: unknown
</failure>
    <system-out><![CDATA[16-01-2017 18:17:15,897 [main] INFO [olo.initiator.DriverConfiguration]  - Trying to Stop WebDriver
16-01-2017 18:17:16,180 [main] INFO [olo.initiator.DriverConfiguration]  - WebDriver Stopped
16-01-2017 18:17:21,845 [main] INFO [olo.initiator.DriverConfiguration]  - Setting pageLoadTimeout to 60 seconds
16-01-2017 18:17:21,959 [main] INFO [olo.initiator.DriverConfiguration]  - Setting implicitlyWait to 60 seconds
16-01-2017 18:17:21,969 [main] INFO [olo.initiator.DriverConfiguration]  - Trying to maximize and focus the window
16-01-2017 18:17:21,984 [main] INFO [olo.initiator.DriverConfiguration]  - setting up browser preferences completed
16-01-2017 18:17:21,984 [main] INFO [olo.initiator.InitiatorUtil]  - Trying to open url https://fw5.fwcms.com.my/cdc
16-01-2017 18:17:22,991 [main] INFO [olo.initiator.InitiatorUtil]  - current url is https://fwsso5.fwcms.com.my/login?service=https%3a%2f%2ffw5.fwcms.com.my%2fcdc%2f
16-01-2017 18:17:22,991 [main] INFO [olo.listeners.InvokedMethodListener]  - Test execution started : addUserValidationsAsPrivilegedUser
16-01-2017 18:17:22,991 [main] INFO [pages.cdc.LoginPage]  - typing username 'testpr51'
16-01-2017 18:17:23,110 [main] INFO [pages.cdc.LoginPage]  - typing password 'Test123!@'
16-01-2017 18:17:23,161 [main] INFO [pages.cdc.LoginPage]  - clicking login button
16-01-2017 18:17:23,564 [main] INFO [pages.cdc.HomePage]  - waiting for the link to be enabled
16-01-2017 18:17:24,440 [main] INFO [pages.cdc.HomePage]  - clicking on add edit delete users link
16-01-2017 18:17:25,095 [main] INFO [fwcms.pages.CommonElements]  - waiting for loading message to disappear
16-01-2017 18:17:25,640 [main] INFO [pages.cdc.UserDetailsPage]  - clicking on add user link
16-01-2017 18:17:25,718 [main] INFO [pages.cdc.UserDetailsPage]  - validating full name field
16-01-2017 18:17:25,718 [main] INFO [pages.cdc.UserDetailsPage]  - moving focus to full name
16-01-2017 18:17:25,862 [main] INFO [pages.cdc.UserDetailsPage]  - clicking on add user button
16-01-2017 18:17:25,930 [main] INFO [pages.cdc.UserDetailsPage]  - waiting for full name form error
16-01-2017 18:17:25,966 [main] INFO [pages.cdc.UserDetailsPage]  - verifying text in full name form error
16-01-2017 18:17:25,986 [main] INFO [olo.bot.BrowserBot]  - Comparing elementText : '* Name field cannot be empty.
* Letters only
* Minimum 2 characters required' equals to expectedText : '* Name field cannot be empty.
* Letters only
* Minimum 2 characters required' in element [[FirefoxDriver: firefox on WINDOWS (83878eec-5307-47db-b7be-870112a0bd31)] -> css selector: div[class^='userFullNameformError']>div[class='formErrorContent']]
16-01-2017 18:17:25,987 [main] INFO [pages.cdc.UserDetailsPage]  - sleeping for 1 sec
16-01-2017 18:17:26,987 [main] INFO [pages.cdc.UserDetailsPage]  - clearing and typing fullnameMinCharAndLettersOnlydata '1' in full name
16-01-2017 18:17:27,062 [main] INFO [pages.cdc.UserDetailsPage]  - clicking on add user button
16-01-2017 18:17:27,131 [main] INFO [pages.cdc.UserDetailsPage]  - waiting for full name form error
16-01-2017 18:17:27,149 [main] INFO [pages.cdc.UserDetailsPage]  - verifying text in full name form error
16-01-2017 18:17:27,164 [main] INFO [olo.bot.BrowserBot]  - Comparing elementText : '* Letters only
* Minimum 2 characters required' equals to expectedText : '* Letters only
* Minimum 2 characters required' in element [[FirefoxDriver: firefox on WINDOWS (83878eec-5307-47db-b7be-870112a0bd31)] -> css selector: div[class^='userFullNameformError']>div[class='formErrorContent']]
16-01-2017 18:17:27,164 [main] INFO [pages.cdc.UserDetailsPage]  - sleeping for 1 sec
16-01-2017 18:17:28,164 [main] INFO [pages.cdc.UserDetailsPage]  - clearing and typing fullnameMinChardata 'a' in full name
16-01-2017 18:17:28,239 [main] INFO [pages.cdc.UserDetailsPage]  - clicking on add user button
16-01-2017 18:17:28,339 [main] INFO [pages.cdc.UserDetailsPage]  - waiting for full name form error
16-01-2017 18:17:28,358 [main] INFO [pages.cdc.UserDetailsPage]  - verifying text in full name form error
16-01-2017 18:17:28,379 [main] INFO [olo.bot.BrowserBot]  - Comparing elementText : '* Minimum 2 characters required' equals to expectedText : '* Minimum 2 characters required' in element [[FirefoxDriver: firefox on WINDOWS (83878eec-5307-47db-b7be-870112a0bd31)] -> css selector: div[class^='userFullNameformError']>div[class='formErrorContent']]
16-01-2017 18:17:28,379 [main] INFO [pages.cdc.UserDetailsPage]  - sleeping for 1 sec
16-01-2017 18:17:29,379 [main] INFO [pages.cdc.UserDetailsPage]  - clearing and typing fullnameLettersOnlyData 'a1' in full name
16-01-2017 18:17:29,448 [main] INFO [pages.cdc.UserDetailsPage]  - clicking on add user button
16-01-2017 18:17:29,523 [main] INFO [pages.cdc.UserDetailsPage]  - waiting for full name form error
16-01-2017 18:17:29,534 [main] INFO [pages.cdc.UserDetailsPage]  - verifying text in full name form error
16-01-2017 18:17:29,550 [main] INFO [olo.bot.BrowserBot]  - Comparing elementText : '* Letters only' equals to expectedText : '* Letters only' in element [[FirefoxDriver: firefox on WINDOWS (83878eec-5307-47db-b7be-870112a0bd31)] -> css selector: div[class^='userFullNameformError']>div[class='formErrorContent']]
16-01-2017 18:17:29,550 [main] INFO [pages.cdc.UserDetailsPage]  - sleeping for 2 sec
16-01-2017 18:17:31,550 [main] INFO [pages.cdc.UserDetailsPage]  - validating email field
16-01-2017 18:17:31,550 [main] INFO [pages.cdc.UserDetailsPage]  - moving focus to email
16-01-2017 18:17:31,628 [main] INFO [pages.cdc.UserDetailsPage]  - moving focus email to full name
16-01-2017 18:17:31,676 [main] INFO [pages.cdc.UserDetailsPage]  - waiting for email form error
16-01-2017 18:17:31,686 [main] INFO [pages.cdc.UserDetailsPage]  - verifying text in email form error
16-01-2017 18:17:31,715 [main] INFO [olo.bot.BrowserBot]  - Comparing elementText : '* Email ID field cannot be empty.
* Invalid email address
*Includes Alphabets, numbers, @ . _ -
* Minimum 5 characters required' equals to expectedText : '* Email ID field cannot be empty.
* Invalid email address
*Includes Alphabets, numbers, @ . _ -
* Minimum 5 characters required' in element [[FirefoxDriver: firefox on WINDOWS (83878eec-5307-47db-b7be-870112a0bd31)] -> css selector: div[class^='emailformError']>div[class='formErrorContent']]
16-01-2017 18:17:31,715 [main] INFO [pages.cdc.UserDetailsPage]  - sleeping for 1 sec
16-01-2017 18:17:32,715 [main] INFO [pages.cdc.UserDetailsPage]  - clearing and typing invaliedEmailData 'ab@' in email
16-01-2017 18:17:32,769 [main] INFO [pages.cdc.UserDetailsPage]  - clicking on add user button
16-01-2017 18:17:32,841 [main] INFO [pages.cdc.UserDetailsPage]  - waiting for email form error
16-01-2017 18:17:32,889 [main] INFO [pages.cdc.UserDetailsPage]  - verifying text in email form error
16-01-2017 18:17:32,911 [main] INFO [olo.bot.BrowserBot]  - Comparing elementText : '* Invalid email address
* Minimum 5 characters required' equals to expectedText : '* Invalid email address
* Minimum 5 characters required' in element [[FirefoxDriver: firefox on WINDOWS (83878eec-5307-47db-b7be-870112a0bd31)] -> css selector: div[class^='emailformError']>div[class='formErrorContent']]
16-01-2017 18:17:32,911 [main] INFO [pages.cdc.UserDetailsPage]  - sleeping for 1 sec
16-01-2017 18:17:33,911 [main] INFO [pages.cdc.UserDetailsPage]  - clearing and typing invaliedEmailData 'asdf@' in email
16-01-2017 18:17:36,012 [main] INFO [pages.cdc.UserDetailsPage]  - clicking on add user button
16-01-2017 18:17:39,083 [main] INFO [pages.cdc.UserDetailsPage]  - waiting for email form error three
16-01-2017 18:19:39,246 [main] INFO [olo.listeners.InvokedMethodListener]  - Test execution completed : addUserValidationsAsPrivilegedUser
16-01-2017 18:19:39,246 [main] INFO [olo.listeners.InvokedMethodListener]  - Test status : addUserValidationsAsPrivilegedUser : FAIL
]]></system-out>
  </testcase>
  <testcase name="changePasswordFormValidationsAsPrivilegedUser" classname="org.fwcms.cdc.privilegeduser.ChangeAndForgotPasswordValidationsTest" time="68.163"/>
  <testcase name="forgotPasswordFormValidationsAsPrivilegedUser" classname="org.fwcms.cdc.privilegeduser.ChangeAndForgotPasswordValidationsTest" time="30.054"/>
  <testcase name="addEditDeletePrivilegedUserAsSuperUser" classname="org.fwcms.cdc.superuser.CrudOperationsTest" time="26.512"/>
  <testcase name="addEditDeleteOperatorUserAsPrivilegedUser" classname="org.fwcms.cdc.privilegeduser.CrudOperationsTest" time="24.798"/>
  <testcase name="searchFunctionalityAsSuperUser" classname="org.fwcms.cdc.superuser.SearchFunctionalityTest" time="13.92"/>
  <testcase name="searchFunctionalityAsPrivilegedUser" classname="org.fwcms.cdc.privilegeduser.SearchFunctionalityTest" time="12.372"/>
  <testcase name="changePasswordAsPrivilegedUser" classname="org.fwcms.cdc.privilegeduser.ChangePasswordTest" time="60.573">
    <failure message="Timed out after 60 seconds waiting for com.olo.bot.BrowserBot$10@4f9ba6f9&#10;Build info: version: &apos;2.52.0&apos;, revision: &apos;4c2593cfc3689a7fcd7be52549167e5ccc93ad28&apos;, time: &apos;2016-02-11 11:22:43&apos;&#10;System info: host: &apos;QA1-PC&apos;, ip: &apos;10.0.1.50&apos;, os.name: &apos;Windows 7&apos;, os.arch: &apos;amd64&apos;, os.version: &apos;6.1&apos;, java.version: &apos;1.7.0_67&apos;&#10;Session ID: 8a3ffb17-9d62-40ed-bdb3-d0b8fec0f9d1&#10;Driver info: org.openqa.selenium.firefox.FirefoxDriver&#10;Capabilities [{platform=WINDOWS, acceptSslCerts=true, javascriptEnabled=true, cssSelectorsEnabled=true, databaseEnabled=true, browserName=firefox, handlesAlerts=true, nativeEvents=false, webStorageEnabled=true, rotatable=false, locationContextEnabled=true, applicationCacheEnabled=true, takesScreenshot=true, version=46.0}]" type="org.openqa.selenium.TimeoutException">org.openqa.selenium.TimeoutException: 
Timed out after 60 seconds waiting for com.olo.bot.BrowserBot$10@4f9ba6f9
Build info: version: '2.52.0', revision: '4c2593cfc3689a7fcd7be52549167e5ccc93ad28', time: '2016-02-11 11:22:43'
System info: host: 'QA1-PC', ip: '10.0.1.50', os.name: 'Windows 7', os.arch: 'amd64', os.version: '6.1', java.version: '1.7.0_67'
Session ID: 8a3ffb17-9d62-40ed-bdb3-d0b8fec0f9d1
Driver info: org.openqa.selenium.firefox.FirefoxDriver
Capabilities [{platform=WINDOWS, acceptSslCerts=true, javascriptEnabled=true, cssSelectorsEnabled=true, databaseEnabled=true, browserName=firefox, handlesAlerts=true, nativeEvents=false, webStorageEnabled=true, rotatable=false, locationContextEnabled=true, applicationCacheEnabled=true, takesScreenshot=true, version=46.0}]
	at org.fwcms.cdc.privilegeduser.ChangePasswordTest.changePasswordAsPrivilegedUser(ChangePasswordTest.java:40)
</failure>
    <system-out><![CDATA[16-01-2017 18:23:07,747 [main] INFO [olo.initiator.DriverConfiguration]  - Trying to Stop WebDriver
16-01-2017 18:23:07,989 [main] INFO [olo.initiator.DriverConfiguration]  - WebDriver Stopped
16-01-2017 18:23:12,613 [main] INFO [olo.initiator.DriverConfiguration]  - Setting pageLoadTimeout to 60 seconds
16-01-2017 18:23:12,619 [main] INFO [olo.initiator.DriverConfiguration]  - Setting implicitlyWait to 60 seconds
16-01-2017 18:23:12,627 [main] INFO [olo.initiator.DriverConfiguration]  - Trying to maximize and focus the window
16-01-2017 18:23:12,641 [main] INFO [olo.initiator.DriverConfiguration]  - setting up browser preferences completed
16-01-2017 18:23:12,641 [main] INFO [olo.initiator.InitiatorUtil]  - Trying to open url https://fw5.fwcms.com.my/cdc
16-01-2017 18:23:13,234 [main] INFO [olo.initiator.InitiatorUtil]  - current url is https://fwsso5.fwcms.com.my/login?service=https%3a%2f%2ffw5.fwcms.com.my%2fcdc%2f
16-01-2017 18:23:13,234 [main] INFO [olo.listeners.InvokedMethodListener]  - Test execution started : changePasswordAsPrivilegedUser
16-01-2017 18:23:13,234 [main] INFO [pages.cdc.LoginPage]  - typing username 'testpr39'
16-01-2017 18:23:13,305 [main] INFO [pages.cdc.LoginPage]  - typing password 'Test123!@930'
16-01-2017 18:23:13,354 [main] INFO [pages.cdc.LoginPage]  - clicking login button
16-01-2017 18:23:13,731 [main] INFO [pages.cdc.HomePage]  - waiting for the link to be enabled
16-01-2017 18:24:13,805 [main] INFO [olo.listeners.InvokedMethodListener]  - Test execution completed : changePasswordAsPrivilegedUser
16-01-2017 18:24:13,805 [main] INFO [olo.listeners.InvokedMethodListener]  - Test status : changePasswordAsPrivilegedUser : FAIL
]]></system-out>
  </testcase>
  <testcase name="forgotPasswordAsPrivilegedUser" classname="org.fwcms.cdc.privilegeduser.ForgotPasswordTest" time="5.698"/>
  <testcase name="changePasswordAsOperatorUser" classname="org.fwcms.tc.operator.ChangePasswordTest" time="61.63">
    <failure message="Timed out after 60 seconds waiting for com.olo.bot.BrowserBot$10@5c4f574b&#10;Build info: version: &apos;2.52.0&apos;, revision: &apos;4c2593cfc3689a7fcd7be52549167e5ccc93ad28&apos;, time: &apos;2016-02-11 11:22:43&apos;&#10;System info: host: &apos;QA1-PC&apos;, ip: &apos;10.0.1.50&apos;, os.name: &apos;Windows 7&apos;, os.arch: &apos;amd64&apos;, os.version: &apos;6.1&apos;, java.version: &apos;1.7.0_67&apos;&#10;Session ID: 24e8b9ee-e1cd-4de1-bb43-82448d08dbd4&#10;Driver info: org.openqa.selenium.firefox.FirefoxDriver&#10;Capabilities [{platform=WINDOWS, acceptSslCerts=true, javascriptEnabled=true, cssSelectorsEnabled=true, databaseEnabled=true, browserName=firefox, handlesAlerts=true, nativeEvents=false, webStorageEnabled=true, rotatable=false, locationContextEnabled=true, applicationCacheEnabled=true, takesScreenshot=true, version=46.0}]" type="org.openqa.selenium.TimeoutException">org.openqa.selenium.TimeoutException: 
Timed out after 60 seconds waiting for com.olo.bot.BrowserBot$10@5c4f574b
Build info: version: '2.52.0', revision: '4c2593cfc3689a7fcd7be52549167e5ccc93ad28', time: '2016-02-11 11:22:43'
System info: host: 'QA1-PC', ip: '10.0.1.50', os.name: 'Windows 7', os.arch: 'amd64', os.version: '6.1', java.version: '1.7.0_67'
Session ID: 24e8b9ee-e1cd-4de1-bb43-82448d08dbd4
Driver info: org.openqa.selenium.firefox.FirefoxDriver
Capabilities [{platform=WINDOWS, acceptSslCerts=true, javascriptEnabled=true, cssSelectorsEnabled=true, databaseEnabled=true, browserName=firefox, handlesAlerts=true, nativeEvents=false, webStorageEnabled=true, rotatable=false, locationContextEnabled=true, applicationCacheEnabled=true, takesScreenshot=true, version=46.0}]
	at org.fwcms.tc.operator.ChangePasswordTest.changePasswordAsOperatorUser(ChangePasswordTest.java:40)
</failure>
    <system-out><![CDATA[16-01-2017 18:24:25,474 [main] INFO [olo.initiator.DriverConfiguration]  - Trying to Stop WebDriver
16-01-2017 18:24:25,743 [main] INFO [olo.initiator.DriverConfiguration]  - WebDriver Stopped
16-01-2017 18:24:29,769 [main] INFO [olo.mailer.MailClient]  - Mail sent succesfully !!!
16-01-2017 18:24:29,769 [main] INFO [olo.listeners.MailSuiteListener]  - Mail sent on suite completed 'cdc'
16-01-2017 18:24:33,458 [main] INFO [olo.mailer.MailClient]  - Mail sent succesfully !!!
16-01-2017 18:24:33,458 [main] INFO [olo.listeners.MailSuiteListener]  - Mail sent on suite start 'tc'
16-01-2017 18:24:37,755 [main] INFO [olo.initiator.DriverConfiguration]  - Setting pageLoadTimeout to 60 seconds
16-01-2017 18:24:37,937 [main] INFO [olo.initiator.DriverConfiguration]  - Setting implicitlyWait to 60 seconds
16-01-2017 18:24:37,948 [main] INFO [olo.initiator.DriverConfiguration]  - Trying to maximize and focus the window
16-01-2017 18:24:37,981 [main] INFO [olo.initiator.DriverConfiguration]  - setting up browser preferences completed
16-01-2017 18:24:37,981 [main] INFO [olo.initiator.InitiatorUtil]  - Trying to open url https://fw5.fwcms.com.my/tc
16-01-2017 18:24:38,705 [main] INFO [olo.initiator.InitiatorUtil]  - current url is https://fwsso5.fwcms.com.my/login?service=https%3a%2f%2ffw5.fwcms.com.my%2ftc%2f
16-01-2017 18:24:38,705 [main] INFO [olo.listeners.InvokedMethodListener]  - Test execution started : changePasswordAsOperatorUser
16-01-2017 18:24:38,706 [main] INFO [pages.tc.LoginPage]  - typing username 'testau162' 
16-01-2017 18:24:38,844 [main] INFO [pages.tc.LoginPage]  - typing password 'Test123!@793'
16-01-2017 18:24:39,905 [main] INFO [pages.tc.LoginPage]  - clicking login button
16-01-2017 18:24:40,250 [main] INFO [pages.tc.HomePage]  - clicking change password option
16-01-2017 18:25:40,334 [main] INFO [olo.listeners.InvokedMethodListener]  - Test execution completed : changePasswordAsOperatorUser
16-01-2017 18:25:40,335 [main] INFO [olo.listeners.InvokedMethodListener]  - Test status : changePasswordAsOperatorUser : FAIL
]]></system-out>
  </testcase>
  <testcase name="forgotPasswordAsOperatorUser" classname="org.fwcms.tc.operator.ForgotPasswordTest" time="1.664"/>
  <testcase name="resetPasswordFlowAsRepresentative" classname="org.fwcms.tc.representative.ChangePasswordTest" time="61.594">
    <failure message="Timed out after 60 seconds waiting for com.olo.bot.BrowserBot$10@42f7a074&#10;Build info: version: &apos;2.52.0&apos;, revision: &apos;4c2593cfc3689a7fcd7be52549167e5ccc93ad28&apos;, time: &apos;2016-02-11 11:22:43&apos;&#10;System info: host: &apos;QA1-PC&apos;, ip: &apos;10.0.1.50&apos;, os.name: &apos;Windows 7&apos;, os.arch: &apos;amd64&apos;, os.version: &apos;6.1&apos;, java.version: &apos;1.7.0_67&apos;&#10;Session ID: 557a1ec2-b438-4d2d-a62a-74087aafcfe3&#10;Driver info: org.openqa.selenium.firefox.FirefoxDriver&#10;Capabilities [{platform=WINDOWS, acceptSslCerts=true, javascriptEnabled=true, cssSelectorsEnabled=true, databaseEnabled=true, browserName=firefox, handlesAlerts=true, nativeEvents=false, webStorageEnabled=true, rotatable=false, locationContextEnabled=true, applicationCacheEnabled=true, takesScreenshot=true, version=46.0}]" type="org.openqa.selenium.TimeoutException">org.openqa.selenium.TimeoutException: 
Timed out after 60 seconds waiting for com.olo.bot.BrowserBot$10@42f7a074
Build info: version: '2.52.0', revision: '4c2593cfc3689a7fcd7be52549167e5ccc93ad28', time: '2016-02-11 11:22:43'
System info: host: 'QA1-PC', ip: '10.0.1.50', os.name: 'Windows 7', os.arch: 'amd64', os.version: '6.1', java.version: '1.7.0_67'
Session ID: 557a1ec2-b438-4d2d-a62a-74087aafcfe3
Driver info: org.openqa.selenium.firefox.FirefoxDriver
Capabilities [{platform=WINDOWS, acceptSslCerts=true, javascriptEnabled=true, cssSelectorsEnabled=true, databaseEnabled=true, browserName=firefox, handlesAlerts=true, nativeEvents=false, webStorageEnabled=true, rotatable=false, locationContextEnabled=true, applicationCacheEnabled=true, takesScreenshot=true, version=46.0}]
	at org.fwcms.tc.representative.ChangePasswordTest.resetPasswordFlowAsRepresentative(ChangePasswordTest.java:47)
</failure>
    <system-out><![CDATA[16-01-2017 18:25:48,341 [main] INFO [olo.initiator.DriverConfiguration]  - Trying to Stop WebDriver
16-01-2017 18:25:48,579 [main] INFO [olo.initiator.DriverConfiguration]  - WebDriver Stopped
16-01-2017 18:25:53,571 [main] INFO [olo.initiator.DriverConfiguration]  - Setting pageLoadTimeout to 60 seconds
16-01-2017 18:25:53,733 [main] INFO [olo.initiator.DriverConfiguration]  - Setting implicitlyWait to 60 seconds
16-01-2017 18:25:53,747 [main] INFO [olo.initiator.DriverConfiguration]  - Trying to maximize and focus the window
16-01-2017 18:25:53,762 [main] INFO [olo.initiator.DriverConfiguration]  - setting up browser preferences completed
16-01-2017 18:25:53,762 [main] INFO [olo.initiator.InitiatorUtil]  - Trying to open url https://fw5.fwcms.com.my/tc
16-01-2017 18:25:54,500 [main] INFO [olo.initiator.InitiatorUtil]  - current url is https://fwsso5.fwcms.com.my/login?service=https%3a%2f%2ffw5.fwcms.com.my%2ftc%2f
16-01-2017 18:25:54,501 [main] INFO [olo.listeners.InvokedMethodListener]  - Test execution started : resetPasswordFlowAsRepresentative
16-01-2017 18:25:54,501 [main] INFO [pages.tc.LoginPage]  - typing username 'chinar8' 
16-01-2017 18:25:54,637 [main] INFO [pages.tc.LoginPage]  - typing password 'Test123!@135'
16-01-2017 18:25:55,689 [main] INFO [pages.tc.LoginPage]  - clicking login button
16-01-2017 18:25:56,040 [main] INFO [pages.tc.HomePage]  - clicking change password option
16-01-2017 18:26:56,090 [main] INFO [olo.listeners.InvokedMethodListener]  - Test execution completed : resetPasswordFlowAsRepresentative
16-01-2017 18:26:56,091 [main] INFO [olo.listeners.InvokedMethodListener]  - Test status : resetPasswordFlowAsRepresentative : FAIL
]]></system-out>
  </testcase>
  <testcase name="verifyAndValidateForgotPasswordPage" classname="org.fwcms.tc.representative.VerificationsAndValidationsTest" time="34.653"/>
  <testcase name="verifyElementsInLoginPage" classname="org.fwcms.tc.representative.VerificationsAndValidationsTest" time="0.301"/>
  <testcase name="addEditDeleteOperatorAsRepresentative" classname="org.fwcms.tc.representative.CrudOperationsOnOperatorTest" time="61.69">
    <failure message="Unable to locate element: {&quot;method&quot;:&quot;link text&quot;,&quot;selector&quot;:&quot;Sign Out&quot;}&#10;Command duration or timeout: 60.08 seconds&#10;For documentation on this error, please visit: http://seleniumhq.org/exceptions/no_such_element.html&#10;Build info: version: &apos;2.52.0&apos;, revision: &apos;4c2593cfc3689a7fcd7be52549167e5ccc93ad28&apos;, time: &apos;2016-02-11 11:22:43&apos;&#10;System info: host: &apos;QA1-PC&apos;, ip: &apos;10.0.1.50&apos;, os.name: &apos;Windows 7&apos;, os.arch: &apos;amd64&apos;, os.version: &apos;6.1&apos;, java.version: &apos;1.7.0_67&apos;&#10;*** Element info: {Using=link text, value=Sign Out}&#10;Session ID: 9c425fcd-559e-4992-aa42-756c71013fb4&#10;Driver info: org.openqa.selenium.firefox.FirefoxDriver&#10;Capabilities [{platform=WINDOWS, acceptSslCerts=true, javascriptEnabled=true, cssSelectorsEnabled=true, databaseEnabled=true, browserName=firefox, handlesAlerts=true, nativeEvents=false, webStorageEnabled=true, rotatable=false, locationContextEnabled=true, applicationCacheEnabled=true, takesScreenshot=true, version=46.0}]" type="org.openqa.selenium.NoSuchElementException">org.openqa.selenium.NoSuchElementException: 
Unable to locate element: {"method":"link text","selector":"Sign Out"}
Command duration or timeout: 60.08 seconds
For documentation on this error, please visit: http://seleniumhq.org/exceptions/no_such_element.html
Build info: version: '2.52.0', revision: '4c2593cfc3689a7fcd7be52549167e5ccc93ad28', time: '2016-02-11 11:22:43'
System info: host: 'QA1-PC', ip: '10.0.1.50', os.name: 'Windows 7', os.arch: 'amd64', os.version: '6.1', java.version: '1.7.0_67'
*** Element info: {Using=link text, value=Sign Out}
Session ID: 9c425fcd-559e-4992-aa42-756c71013fb4
Driver info: org.openqa.selenium.firefox.FirefoxDriver
Capabilities [{platform=WINDOWS, acceptSslCerts=true, javascriptEnabled=true, cssSelectorsEnabled=true, databaseEnabled=true, browserName=firefox, handlesAlerts=true, nativeEvents=false, webStorageEnabled=true, rotatable=false, locationContextEnabled=true, applicationCacheEnabled=true, takesScreenshot=true, version=46.0}]
	at org.fwcms.tc.representative.CrudOperationsOnOperatorTest.addEditDeleteOperatorAsRepresentative(CrudOperationsOnOperatorTest.java:43)
Caused by: org.openqa.selenium.NoSuchElementException: 
Unable to locate element: {"method":"link text","selector":"Sign Out"}
For documentation on this error, please visit: http://seleniumhq.org/exceptions/no_such_element.html
Build info: version: '2.52.0', revision: '4c2593cfc3689a7fcd7be52549167e5ccc93ad28', time: '2016-02-11 11:22:43'
System info: host: 'QA1-PC', ip: '10.0.1.50', os.name: 'Windows 7', os.arch: 'amd64', os.version: '6.1', java.version: '1.7.0_67'
Driver info: driver.version: unknown
</failure>
    <system-out><![CDATA[16-01-2017 18:27:42,211 [main] INFO [olo.initiator.DriverConfiguration]  - Trying to Stop WebDriver
16-01-2017 18:27:42,375 [main] INFO [olo.initiator.DriverConfiguration]  - WebDriver Stopped
16-01-2017 18:27:46,960 [main] INFO [olo.initiator.DriverConfiguration]  - Setting pageLoadTimeout to 60 seconds
16-01-2017 18:27:46,971 [main] INFO [olo.initiator.DriverConfiguration]  - Setting implicitlyWait to 60 seconds
16-01-2017 18:27:46,984 [main] INFO [olo.initiator.DriverConfiguration]  - Trying to maximize and focus the window
16-01-2017 18:27:47,007 [main] INFO [olo.initiator.DriverConfiguration]  - setting up browser preferences completed
16-01-2017 18:27:47,008 [main] INFO [olo.initiator.InitiatorUtil]  - Trying to open url https://fw5.fwcms.com.my/tc
16-01-2017 18:27:47,551 [main] INFO [olo.initiator.InitiatorUtil]  - current url is https://fwsso5.fwcms.com.my/login?service=https%3a%2f%2ffw5.fwcms.com.my%2ftc%2f
16-01-2017 18:27:47,552 [main] INFO [olo.listeners.InvokedMethodListener]  - Test execution started : addEditDeleteOperatorAsRepresentative
16-01-2017 18:27:47,553 [main] INFO [pages.tc.LoginPage]  - typing username 'chinar8' 
16-01-2017 18:27:47,703 [main] INFO [pages.tc.LoginPage]  - typing password 'Test123!@135'
16-01-2017 18:27:48,785 [main] INFO [pages.tc.LoginPage]  - clicking login button
16-01-2017 18:27:49,156 [main] INFO [pages.tc.RepresentativeHomePage]  - asserting sign out visible
16-01-2017 18:28:49,240 [main] INFO [olo.listeners.InvokedMethodListener]  - Test execution completed : addEditDeleteOperatorAsRepresentative
16-01-2017 18:28:49,240 [main] INFO [olo.listeners.InvokedMethodListener]  - Test status : addEditDeleteOperatorAsRepresentative : FAIL
]]></system-out>
  </testcase>
  <testcase name="searchForMedicalCenterAsOperatorUser" classname="org.fwcms.tc.operator.SearchForMedicalCenterTest" time="4.173"/>
  <testcase name="searchForMedicalCenterAsPrivilegedUser" classname="org.fwcms.tc.privilegeduser.SearchForMedicalCenterTest" time="4.111"/>
  <testcase name="verifyErrorMessageWhenIrrelevantSearchIsPerformed" classname="org.fwcms.tc.operator.VerifyErrorMessageWhenIrrelevantSearchIsPerformedTest" time="6.469"/>
  <testcase name="verifyErrorMessageWhenIrrelevantSearchIsPerformed" classname="org.fwcms.tc.privilegeduser.VerifyErrorMessageWhenIrrelevantSearchIsPerformedTest" time="6.408"/>
  <testcase name="SearchMCByCountryAndByStatus" classname="org.fwcms.tc.operator.SearchMCByCountryAndByStatusTest" time="4.617"/>
  <testcase name="verifyingFunctionalityOfVerifyButtonWithoutVerifying" classname="org.fwcms.tc.operator.VerifyingFunctionalityOfVerifyButtonWithoutVerifyingTest" time="89.457"/>
  <testcase name="verifyingRegisteredMCForPreviouslySavedApplication" classname="org.fwcms.tc.operator.VerifyingRegisteredMCForPreviouslySavedApplicationTest" time="80.888"/>
  <testcase name="verifyRejectMCFunctionality" classname="org.fwcms.tc.operator.VerifyRejectMCFunctionalityTest" time="103.973"/>
  <testcase name="verifyingRegisteredMCUnderPendingVerificationAsOperator" classname="org.fwcms.tc.operator.VerifyingRegisteredMCUnderPendingVerificationTest" time="85.04"/>
  <testcase name="verifyingRegisteredMCUnderPendingVerificationAsPrevilegedUser" classname="org.fwcms.tc.privilegeduser.VerifyingRegisteredMCUnderPendingVerificationTest" time="86.806"/>
  <testcase name="makePaymentByDraftForMCUnderPendingPaymentStatus" classname="org.fwcms.tc.operator.MakePaymentByDraftForMCUnderPendingPaymentTest" time="77.884"/>
  <testcase name="makePaymentByOnlineForMCUnderPendingPaymentStatus" classname="org.fwcms.tc.operator.MakePaymentByOnlineForMCUnderPaymentPendingTest" time="109.555"/>
  <testcase name="rejectMCFuntionalityTestAsPrivilegedUser" classname="org.fwcms.tc.privilegeduser.RejectMCFuntionalityTest" time="104.282"/>
  <testcase name="approveMCUnderPendingApprovalByPrivilegedUser" classname="org.fwcms.tc.privilegeduser.ApproveMCUnderPendingApprovalTest" time="95.249"/>
  <testcase name="verifyEditFunctionalityOfCreditLimit" classname="org.fwcms.tc.privilegeduser.VerifyEditFunctionalityOfCreditLimitTest" time="5.735"/>
  <testcase name="assignAndRevokeBestInetOperatorRole" classname="org.fwcms.cdc.superuser.MultipleRolesTest" time="23.515"/>
  <testcase name="assignAndRevokeBestInetOperatorRoleAsBestInetPrivilegedUser" classname="org.fwcms.cdc.privilegeduser.MultipleRolesTest" time="24.802"/>
  <testcase name="assignAndRevokeBestInetPrivilegedUserRole" classname="org.fwcms.cdc.privilegeduser.MultipleRolesTest" time="22.848"/>
  <testcase name="verifyBestInetOperatorAsOnlyPriviligedUser" classname="org.fwcms.cdc.privilegeduser.MultipleRolesTest" time="83.809">
    <failure message="Timed out after 60 seconds waiting for com.olo.bot.BrowserBot$10@52d799b&#10;Build info: version: &apos;2.52.0&apos;, revision: &apos;4c2593cfc3689a7fcd7be52549167e5ccc93ad28&apos;, time: &apos;2016-02-11 11:22:43&apos;&#10;System info: host: &apos;QA1-PC&apos;, ip: &apos;10.0.1.50&apos;, os.name: &apos;Windows 7&apos;, os.arch: &apos;amd64&apos;, os.version: &apos;6.1&apos;, java.version: &apos;1.7.0_67&apos;&#10;Session ID: c77bf156-93e7-45be-b83c-75d2c8d9252b&#10;Driver info: org.openqa.selenium.firefox.FirefoxDriver&#10;Capabilities [{platform=WINDOWS, acceptSslCerts=true, javascriptEnabled=true, cssSelectorsEnabled=true, databaseEnabled=true, browserName=firefox, handlesAlerts=true, nativeEvents=false, webStorageEnabled=true, rotatable=false, locationContextEnabled=true, applicationCacheEnabled=true, takesScreenshot=true, version=46.0}]" type="org.openqa.selenium.TimeoutException">org.openqa.selenium.TimeoutException: 
Timed out after 60 seconds waiting for com.olo.bot.BrowserBot$10@52d799b
Build info: version: '2.52.0', revision: '4c2593cfc3689a7fcd7be52549167e5ccc93ad28', time: '2016-02-11 11:22:43'
System info: host: 'QA1-PC', ip: '10.0.1.50', os.name: 'Windows 7', os.arch: 'amd64', os.version: '6.1', java.version: '1.7.0_67'
Session ID: c77bf156-93e7-45be-b83c-75d2c8d9252b
Driver info: org.openqa.selenium.firefox.FirefoxDriver
Capabilities [{platform=WINDOWS, acceptSslCerts=true, javascriptEnabled=true, cssSelectorsEnabled=true, databaseEnabled=true, browserName=firefox, handlesAlerts=true, nativeEvents=false, webStorageEnabled=true, rotatable=false, locationContextEnabled=true, applicationCacheEnabled=true, takesScreenshot=true, version=46.0}]
	at org.fwcms.cdc.privilegeduser.MultipleRolesTest.verifyBestInetOperatorAsOnlyPriviligedUser(MultipleRolesTest.java:109)
</failure>
    <system-out><![CDATA[16-01-2017 18:48:12,924 [main] INFO [olo.initiator.DriverConfiguration]  - Trying to Stop WebDriver
16-01-2017 18:48:13,280 [main] INFO [olo.initiator.DriverConfiguration]  - WebDriver Stopped
16-01-2017 18:48:17,572 [main] INFO [olo.initiator.DriverConfiguration]  - Setting pageLoadTimeout to 60 seconds
16-01-2017 18:48:17,700 [main] INFO [olo.initiator.DriverConfiguration]  - Setting implicitlyWait to 60 seconds
16-01-2017 18:48:17,710 [main] INFO [olo.initiator.DriverConfiguration]  - Trying to maximize and focus the window
16-01-2017 18:48:17,734 [main] INFO [olo.initiator.DriverConfiguration]  - setting up browser preferences completed
16-01-2017 18:48:17,734 [main] INFO [olo.initiator.InitiatorUtil]  - Trying to open url https://fw5.fwcms.com.my/cdc
16-01-2017 18:48:18,303 [main] INFO [olo.initiator.InitiatorUtil]  - current url is https://fwsso5.fwcms.com.my/login?service=https%3a%2f%2ffw5.fwcms.com.my%2fcdc%2f
16-01-2017 18:48:18,303 [main] INFO [olo.listeners.InvokedMethodListener]  - Test execution started : verifyBestInetOperatorAsOnlyPriviligedUser
16-01-2017 18:48:18,303 [main] INFO [pages.cdc.LoginPage]  - typing username 'testpr51'
16-01-2017 18:48:18,374 [main] INFO [pages.cdc.LoginPage]  - typing password 'Test123!@'
16-01-2017 18:48:18,419 [main] INFO [pages.cdc.LoginPage]  - clicking login button
16-01-2017 18:48:18,706 [main] INFO [pages.cdc.HomePage]  - waiting for the link to be enabled
16-01-2017 18:48:20,198 [main] INFO [pages.cdc.HomePage]  - clicking on add edit delete users link
16-01-2017 18:48:20,808 [main] INFO [fwcms.pages.CommonElements]  - waiting for loading message to disappear
16-01-2017 18:48:21,341 [main] INFO [pages.cdc.UserDetailsPage]  - waiting for name radio button to get visible
16-01-2017 18:48:21,382 [main] INFO [pages.cdc.UserDetailsPage]  - clicking on name radio option
16-01-2017 18:48:22,461 [main] INFO [pages.cdc.UserDetailsPage]  - typing in search text box
16-01-2017 18:48:22,647 [main] INFO [pages.cdc.UserDetailsPage]  - clicking on search link
16-01-2017 18:48:22,741 [main] INFO [pages.cdc.UserDetailsPage]  - sleeping for 2 sec for updating the current list
16-01-2017 18:48:24,805 [main] INFO [pages.cdc.UserDetailsPage]  - comparing Test Automation Puneet with Test Automation Puneet in the existing list
16-01-2017 18:48:25,455 [main] INFO [pages.cdc.UserDetailsPage]  - waiting for the model box to be displayed
16-01-2017 18:48:25,587 [main] INFO [pages.cdc.UserDetailsPage]  - verifying additional role checkbox is present
16-01-2017 18:48:25,615 [main] INFO [olo.bot.BrowserBot]  - Comparing elementValue : 'BESTINET_PRIVILEGED_USER' equals to expectedValue : 'BESTINET_PRIVILEGED_USER' in element [[FirefoxDriver: firefox on WINDOWS (c77bf156-93e7-45be-b83c-75d2c8d9252b)] -> id: userRoleType]
16-01-2017 18:48:25,615 [main] INFO [pages.cdc.UserDetailsPage]  - assigning additional role
16-01-2017 18:48:25,615 [main] INFO [pages.cdc.UserDetailsPage]  - typing reason
16-01-2017 18:48:25,684 [main] INFO [pages.cdc.UserDetailsPage]  - checking userrole checkbox
16-01-2017 18:48:25,755 [main] INFO [pages.cdc.UserDetailsPage]  - clicking modify button in edit model
16-01-2017 18:48:25,821 [main] INFO [fwcms.pages.CommonElements]  - waiting for status bar to be visible
16-01-2017 18:48:27,963 [main] INFO [fwcms.pages.CommonElements]  - verifying expected text :'Bestinet Operator details have been modified successfully!

An email is sent to the Bestinet Operator with details.' in status bar
16-01-2017 18:48:27,997 [main] INFO [olo.bot.BrowserBot]  - Comparing elementText : 'Bestinet Operator details have been modified successfully!

An email is sent to the Bestinet Operator with details.' equals to expectedText : 'Bestinet Operator details have been modified successfully!

An email is sent to the Bestinet Operator with details.' in element [[FirefoxDriver: firefox on WINDOWS (c77bf156-93e7-45be-b83c-75d2c8d9252b)] -> css selector: div[class^='statusBar']]
16-01-2017 18:48:27,997 [main] INFO [fwcms.pages.CommonElements]  - closing status bar
16-01-2017 18:48:28,536 [main] INFO [fwcms.pages.CommonElements]  - sleeping for 1 sec
16-01-2017 18:48:29,536 [main] INFO [fwcms.pages.CommonElements]  - waiting for loading message to disappear
16-01-2017 18:48:29,555 [main] INFO [pages.cdc.UserDetailsPage]  - waiting for name radio button to get visible
16-01-2017 18:48:29,581 [main] INFO [pages.cdc.UserDetailsPage]  - clicking on name radio option
16-01-2017 18:48:30,656 [main] INFO [pages.cdc.UserDetailsPage]  - typing in search text box
16-01-2017 18:48:30,719 [main] INFO [pages.cdc.UserDetailsPage]  - clicking on search link
16-01-2017 18:48:30,813 [main] INFO [pages.cdc.UserDetailsPage]  - sleeping for 2 sec for updating the current list
16-01-2017 18:48:32,871 [main] INFO [pages.cdc.UserDetailsPage]  - comparing Test Automation Puneet with Test Automation Puneet in the existing list
16-01-2017 18:48:33,418 [main] INFO [pages.cdc.UserDetailsPage]  - waiting for the model box to be displayed
16-01-2017 18:48:33,540 [main] INFO [pages.cdc.UserDetailsPage]  - verifying additional role is assigned
16-01-2017 18:48:33,551 [main] INFO [pages.cdc.UserDetailsPage]  - clicking cancel button
16-01-2017 18:48:33,615 [main] INFO [fwcms.pages.CommonElements]  - clicking signout link
16-01-2017 18:48:33,615 [main] INFO [fwcms.pages.CommonElements]  - sleeping for 1 sec
16-01-2017 18:48:35,029 [main] INFO [pages.cdc.LogoutPage]  - waiting for back to login link to be visible
16-01-2017 18:48:35,050 [main] INFO [pages.cdc.LogoutPage]  - clicking back to login link
16-01-2017 18:48:35,648 [main] INFO [pages.cdc.LogoutPage]  - navigating back to login page
16-01-2017 18:48:36,080 [main] INFO [pages.cdc.LoginPage]  - typing username 'testau1'
16-01-2017 18:48:36,121 [main] INFO [pages.cdc.LoginPage]  - typing password 'Test123!@'
16-01-2017 18:48:36,166 [main] INFO [pages.cdc.LoginPage]  - clicking login button
16-01-2017 18:48:36,458 [main] INFO [pages.cdc.HomePage]  - checking sign out link is visible
16-01-2017 18:48:36,953 [main] INFO [pages.cdc.HomePage]  - clicking signout link
16-01-2017 18:48:36,953 [main] INFO [pages.cdc.HomePage]  - sleeping for 1 sec
16-01-2017 18:48:38,283 [main] INFO [pages.cdc.LogoutPage]  - waiting for back to login link to be visible
16-01-2017 18:48:38,299 [main] INFO [pages.cdc.LogoutPage]  - clicking back to login link
16-01-2017 18:48:38,811 [main] INFO [pages.tc.LoginPage]  - typing username 'testau1' 
16-01-2017 18:48:39,000 [main] INFO [pages.tc.LoginPage]  - typing password 'Test123!@'
16-01-2017 18:48:40,073 [main] INFO [pages.tc.LoginPage]  - clicking login button
16-01-2017 18:48:40,432 [main] INFO [pages.tc.HomePage]  - asserting sign out visible
16-01-2017 18:48:41,153 [main] INFO [pages.tc.HomePage]  - clicking signout link
16-01-2017 18:48:41,985 [main] INFO [pages.cdc.HomePage]  - waiting for the link to be enabled
16-01-2017 18:49:42,108 [main] INFO [olo.listeners.InvokedMethodListener]  - Test execution completed : verifyBestInetOperatorAsOnlyPriviligedUser
16-01-2017 18:49:42,108 [main] INFO [olo.listeners.InvokedMethodListener]  - Test status : verifyBestInetOperatorAsOnlyPriviligedUser : FAIL
]]></system-out>
  </testcase>
  <testcase name="verifyBestInetPriviligedUserAsOnlyOperator" classname="org.fwcms.cdc.privilegeduser.MultipleRolesTest" time="89.643"/>
  <testcase name="loginAccess" classname="org.fwcms.cdc.operator.MultipleRolesTest" time="2.538"/>
  <testcase name="loginAccess" classname="org.fwcms.tc.mcOperator.MultipleRolesTest" time="3.058"/>
</testsuite>