<!DOCTYPE html><html><head><title>cdc Suite Results</title><meta name='viewport' content='width=device-width, initial-scale=1.0'><link rel="stylesheet" href="http://netdna.bootstrapcdn.com/bootstrap/3.1.0/css/bootstrap.min.css"><style type='text/css'>.ifskipped{background-color: #d6e1c9;}</style><script src='http://ajax.googleapis.com/ajax/libs/jquery/1.11.0/jquery.min.js'></script><script src="http://netdna.bootstrapcdn.com/bootstrap/3.1.0/js/bootstrap.min.js"></script><script type='text/javascript'>$( document ).ready(function() {    $(document).on('click', '.openDialog', function () {  var errorDetails = $(this).data('showthismessage');   $('.modal-body').html( errorDetails ); });  });</script><script type='text/javascript' src='http://www.google.com/jsapi'></script><script type='text/javascript'>google.load('visualization', '1', {packages: ['corechart']}); </script><script type='text/javascript'>function drawVisualization() { var data = new google.visualization.DataTable(); data.addColumn('string', 'Topping'); data.addColumn('number', 'Slices'); data.addRows([['Pass', 11],['Fail', 2],['Skip', 0]]); new google.visualization.PieChart(document.getElementById('visualization')).draw(data,{'width':300,'height':200,slices: [{color: '#109618'}, {color:'#dc3912'}, {color: '#ff9900'}]});} google.setOnLoadCallback(drawVisualization); </script> </head><body><div class='navbar navbar-fixed-top' role='navigation'>
<ol class='breadcrumb'><li>Suite Summary</li><li>cdc</li></ol></div>
<div class='container' style='margin-top:60px;'><div class='row'><div class='col-md-4'><div class='row'><div class='col-md-12'><div class='table-responsive'><table class='table table-bordered table-condensed'><tr><th>Suite</th><td>cdc</td></tr><tr><th>Start Time</th><td>Tue, 17-Jan-2017 15:56:04</td></tr><tr><th>End Time</th><td>Tue, 17-Jan-2017 16:05:49</td></tr><tr><th>Time Taken</th><td>9 mins 44.5 sec</td></tr></table></div></div></div><div class='row'><div class='col-md-12'><div id='visualization'></div></div>
</div>
<div class='row'><div class='col-md-12'><div class='table-responsive'><table class='table table-bordered table-condensed'><thead><tr><th>Test</th><th>Pass</th><th>Fail</th><th>Skip</th><th>Total</th></tr></thead><tr><td><a href=#meta-data-configuration>meta data configuration</a></td><td class='success'>1</td><td class='danger'>0</td><td class='warning'>0</td><th>1</th></tr><tr><td><a href=#verifications>verifications</a></td><td class='success'>2</td><td class='danger'>0</td><td class='warning'>0</td><th>2</th></tr><tr><td><a href=#validations>validations</a></td><td class='success'>2</td><td class='danger'>2</td><td class='warning'>0</td><th>4</th></tr><tr><td><a href=#crud-operations>crud operations</a></td><td class='success'>2</td><td class='danger'>0</td><td class='warning'>0</td><th>2</th></tr><tr><td><a href=#search-functionality>search functionality</a></td><td class='success'>2</td><td class='danger'>0</td><td class='warning'>0</td><th>2</th></tr><tr><td><a href=#change-password>change password</a></td><td class='success'>1</td><td class='danger'>0</td><td class='warning'>0</td><th>1</th></tr><tr><td><a href=#forgot-password>forgot password</a></td><td class='success'>1</td><td class='danger'>0</td><td class='warning'>0</td><th>1</th></tr><tfoot><tr><th>Total</th><th class='success'>11 (84.6%)</th><th class='danger'>2 (15.4%)</th><th class='warning'>0</th><th>13</th></tr></tfoot></table></div></div></div></div>
<div class='col-md-8'><div class='row'><div class='col-md-6'><div class='table-responsive'><table class='table table-bordered'><tr><th>Test</th><td>meta data configuration</td></tr><tr><th>Start Time</th><td>Tue, 17-Jan-2017 15:56:04</td></tr><tr><th>End Time</th><td>Tue, 17-Jan-2017 15:56:52</td></tr><tr><th>Time Taken</th><td>47.9 sec</td></tr></table></div></div></div>
<div class='row'><div class='col-md-12'><div class='table-responsive'><table class='table table-bordered' id='meta-data-configuration' ><caption>Detailed report of <strong>meta data configuration</strong></caption><thead><tr><th>S.No</th><th>Test Method</th><th>Time Taken</th><th>Status</th></tr></thead><tr class="success">
<td><a class="testDetails" href="#"><span class="glyphicon glyphicon-chevron-right"></span>1</a></td>
<td><div  >metaDataConfiguration</div></td>
<td>41.9 sec</td>
<td>PASS</td>
</tr>
<tr style="display:none"><td colspan="4"><div><dl class="dl-horizontal"><dt>Class Name</dt><dd>org.fwcms.cdc.superuser.MetaDataConfigurationTest</dd><dt>Start Time</dt><dd>15:56:10</dd><dt>End Time</dt><dd>15:56:52</dd><dt>Parameter 1</dt><dd>{&quot;metaDataType&quot;:&quot;USER_TYPE&quot;,&quot;description&quot;:&quot;Test Automation&quot;,&quot;value&quot;:&quot;15&quot;}</dd></dl></div></td></tr>
</table></div></div></div><hr/>
<div class='row'><div class='col-md-6'><div class='table-responsive'><table class='table table-bordered'><tr><th>Test</th><td>verifications</td></tr><tr><th>Start Time</th><td>Tue, 17-Jan-2017 15:56:52</td></tr><tr><th>End Time</th><td>Tue, 17-Jan-2017 15:57:09</td></tr><tr><th>Time Taken</th><td>17.2 sec</td></tr></table></div></div></div>
<div class='row'><div class='col-md-12'><div class='table-responsive'><table class='table table-bordered' id='verifications' ><caption>Detailed report of <strong>verifications</strong></caption><thead><tr><th>S.No</th><th>Test Method</th><th>Time Taken</th><th>Status</th></tr></thead><tr class="success">
<td><a class="testDetails" href="#"><span class="glyphicon glyphicon-chevron-right"></span>1</a></td>
<td><div class="testNameToolTip" data-toggle="tooltip" data-placement="top" title="PrivUser_AddUpdt_01, PrivUser_AddUpdt_02, PrivUser_AddUpdt_13, PrivUser_AddUpdt_14" >verifyElementsInUserDetailsAsSuperUser</div></td>
<td>3.0 sec</td>
<td>PASS</td>
</tr>
<tr style="display:none"><td colspan="4"><div><dl class="dl-horizontal"><dt>Class Name</dt><dd>org.fwcms.cdc.superuser.VerifyElementsPresentTest</dd><dt>Start Time</dt><dd>15:56:57</dd><dt>End Time</dt><dd>15:57:00</dd></dl></div></td></tr>
<tr class="success">
<td><a class="testDetails" href="#"><span class="glyphicon glyphicon-chevron-right"></span>2</a></td>
<td><div class="testNameToolTip" data-toggle="tooltip" data-placement="top" title="Bestinet_Operator_AddUpdt_01, Bestinet_Operator_AddUpdt_02, Bestinet_Operator_AddUpdt_18, Bestinet_Operator_AddUpdt_19" >verifyElementsInUserDetailsAsPrivilegedUser</div></td>
<td>2.9 sec</td>
<td>PASS</td>
</tr>
<tr style="display:none"><td colspan="4"><div><dl class="dl-horizontal"><dt>Class Name</dt><dd>org.fwcms.cdc.privilegeduser.VerifyElementsPresentTest</dd><dt>Start Time</dt><dd>15:57:06</dd><dt>End Time</dt><dd>15:57:09</dd></dl></div></td></tr>
</table></div></div></div><hr/>
<div class='row'><div class='col-md-6'><div class='table-responsive'><table class='table table-bordered'><tr><th>Test</th><td>validations</td></tr><tr><th>Start Time</th><td>Tue, 17-Jan-2017 15:57:09</td></tr><tr><th>End Time</th><td>Tue, 17-Jan-2017 16:03:44</td></tr><tr><th>Time Taken</th><td>6 mins 34.6 sec</td></tr></table></div></div></div>
<div class='row'><div class='col-md-12'><div class='table-responsive'><table class='table table-bordered' id='validations' ><caption>Detailed report of <strong>validations</strong></caption><thead><tr><th>S.No</th><th>Test Method</th><th>Time Taken</th><th>Status</th></tr></thead><tr class="danger">
<td><a class="testDetails" href="#"><span class="glyphicon glyphicon-chevron-right"></span>1</a></td>
<td><div class="testNameToolTip" data-toggle="tooltip" data-placement="top" title="PrivUser_AddUpdt_15, PrivUser_AddUpdt_16" >addPrivilegeUserValidationsAsSuperUser</div></td>
<td>2 mins 16.5 sec</td>
<td><a data-toggle="modal" href="#myModal" class="openDialog btn btn-sm btn-default" data-showthismessage="&lt;div class=&quot;panel-group&quot; id=&quot;accordion&quot;&gt;&lt;div class=&quot;panel panel-danger&quot;&gt;&lt;div class=&quot;panel-heading&quot;&gt;&lt;h4 class=&quot;panel-title&quot;&gt;&lt;a class=&quot;accordion-toggle&quot; data-toggle=&quot;collapse&quot; data-parent=&quot;#accordion&quot; href=&quot;#collapse1&quot;&gt;Timed out after 60 seconds waiting for visibility of Proxy element for: DefaultElementLocator &apos;By.cssSelector: div[class^=&apos;emailformError&apos;]&gt;div[class=&apos;formErrorContent&apos;]&apos;
Build info: version: &apos;2.52.0&apos;, revision: &apos;4c2593cfc3689a7fcd7be52549167e5ccc93ad28&apos;, time: &apos;2016-02-11 11:22:43&apos;
System info: host: &apos;QA1-PC&apos;, ip: &apos;10.0.1.50&apos;, os.name: &apos;Windows 7&apos;, os.arch: &apos;amd64&apos;, os.version: &apos;6.1&apos;, java.version: &apos;1.7.0_67&apos;
Session ID: 2e90f83a-5759-436b-a210-f8bb413865d6
Driver info: org.openqa.selenium.firefox.FirefoxDriver
Capabilities [{platform=WINDOWS, acceptSslCerts=true, javascriptEnabled=true, cssSelectorsEnabled=true, databaseEnabled=true, browserName=firefox, handlesAlerts=true, nativeEvents=false, webStorageEnabled=true, rotatable=false, locationContextEnabled=true, applicationCacheEnabled=true, takesScreenshot=true, version=46.0}]&lt;/a&gt;&lt;/h4&gt;&lt;/div&gt;&lt;div id=&quot;collapse1&quot; class=&quot;panel-collapse collapse&quot;&gt;&lt;div class=&quot;panel-body&quot;&gt;org.openqa.selenium.TimeoutException: Timed out after 60 seconds waiting for visibility of Proxy element for: DefaultElementLocator &amp;apos;By.cssSelector: div[class^=&amp;apos;emailformError&amp;apos;]&amp;gt;div[class=&amp;apos;formErrorContent&amp;apos;]&amp;apos;
Build info: version: &amp;apos;2.52.0&amp;apos;, revision: &amp;apos;4c2593cfc3689a7fcd7be52549167e5ccc93ad28&amp;apos;, time: &amp;apos;2016-02-11 11:22:43&amp;apos;
System info: host: &amp;apos;QA1-PC&amp;apos;, ip: &amp;apos;10.0.1.50&amp;apos;, os.name: &amp;apos;Windows 7&amp;apos;, os.arch: &amp;apos;amd64&amp;apos;, os.version: &amp;apos;6.1&amp;apos;, java.version: &amp;apos;1.7.0_67&amp;apos;
Session ID: 2e90f83a-5759-436b-a210-f8bb413865d6
Driver info: org.openqa.selenium.firefox.FirefoxDriver
Capabilities [{platform=WINDOWS, acceptSslCerts=true, javascriptEnabled=true, cssSelectorsEnabled=true, databaseEnabled=true, browserName=firefox, handlesAlerts=true, nativeEvents=false, webStorageEnabled=true, rotatable=false, locationContextEnabled=true, applicationCacheEnabled=true, takesScreenshot=true, version=46.0}]
	at org.openqa.selenium.support.ui.WebDriverWait.timeoutException(WebDriverWait.java:80)
	at org.openqa.selenium.support.ui.FluentWait.until(FluentWait.java:261)
	at com.olo.bot.BrowserBot.waitForVisible(BrowserBot.java:94)
	at org.fwcms.pages.cdc.UserDetailsPage.validateEmail(UserDetailsPage.java:738)
	at org.fwcms.cdc.superuser.ValidationsTest.addPrivilegeUserValidationsAsSuperUser(ValidationsTest.java:52)
Caused by: org.openqa.selenium.NoSuchElementException: Unable to locate element: {&amp;quot;method&amp;quot;:&amp;quot;css selector&amp;quot;,&amp;quot;selector&amp;quot;:&amp;quot;div[class^=&amp;apos;emailformError&amp;apos;]&amp;gt;div[class=&amp;apos;formErrorContent&amp;apos;]&amp;quot;}
Command duration or timeout: 60.11 seconds
For documentation on this error, please visit: http://seleniumhq.org/exceptions/no_such_element.html
Build info: version: &amp;apos;2.52.0&amp;apos;, revision: &amp;apos;4c2593cfc3689a7fcd7be52549167e5ccc93ad28&amp;apos;, time: &amp;apos;2016-02-11 11:22:43&amp;apos;
System info: host: &amp;apos;QA1-PC&amp;apos;, ip: &amp;apos;10.0.1.50&amp;apos;, os.name: &amp;apos;Windows 7&amp;apos;, os.arch: &amp;apos;amd64&amp;apos;, os.version: &amp;apos;6.1&amp;apos;, java.version: &amp;apos;1.7.0_67&amp;apos;
*** Element info: {Using=css selector, value=div[class^=&amp;apos;emailformError&amp;apos;]&amp;gt;div[class=&amp;apos;formErrorContent&amp;apos;]}
Session ID: 2e90f83a-5759-436b-a210-f8bb413865d6
Driver info: org.openqa.selenium.firefox.FirefoxDriver
Capabilities [{platform=WINDOWS, acceptSslCerts=true, javascriptEnabled=true, cssSelectorsEnabled=true, databaseEnabled=true, browserName=firefox, handlesAlerts=true, nativeEvents=false, webStorageEnabled=true, rotatable=false, locationContextEnabled=true, applicationCacheEnabled=true, takesScreenshot=true, version=46.0}]
	at org.openqa.selenium.remote.ErrorHandler.createThrowable(ErrorHandler.java:206)
	at org.openqa.selenium.remote.ErrorHandler.throwIfResponseFailed(ErrorHandler.java:158)
	at org.openqa.selenium.remote.RemoteWebDriver.execute(RemoteWebDriver.java:678)
	at org.openqa.selenium.remote.RemoteWebDriver.findElement(RemoteWebDriver.java:363)
	at org.openqa.selenium.remote.RemoteWebDriver.findElementByCssSelector(RemoteWebDriver.java:492)
	at org.openqa.selenium.By$ByCssSelector.findElement(By.java:430)
	at org.openqa.selenium.remote.RemoteWebDriver.findElement(RemoteWebDriver.java:355)
	at org.openqa.selenium.support.pagefactory.DefaultElementLocator.findElement(DefaultElementLocator.java:69)
	at org.openqa.selenium.support.pagefactory.internal.LocatingElementHandler.invoke(LocatingElementHandler.java:38)
	at com.sun.proxy.$Proxy8.isDisplayed(Unknown Source)
	at org.openqa.selenium.support.ui.ExpectedConditions.elementIfVisible(ExpectedConditions.java:302)
	at org.openqa.selenium.support.ui.ExpectedConditions.access$100(ExpectedConditions.java:41)
	at org.openqa.selenium.support.ui.ExpectedConditions$10.apply(ExpectedConditions.java:288)
	at org.openqa.selenium.support.ui.ExpectedConditions$10.apply(ExpectedConditions.java:285)
	at org.openqa.selenium.support.ui.FluentWait.until(FluentWait.java:238)
	... 30 more
Caused by: org.openqa.selenium.NoSuchElementException: Unable to locate element: {&amp;quot;method&amp;quot;:&amp;quot;css selector&amp;quot;,&amp;quot;selector&amp;quot;:&amp;quot;div[class^=&amp;apos;emailformError&amp;apos;]&amp;gt;div[class=&amp;apos;formErrorContent&amp;apos;]&amp;quot;}
For documentation on this error, please visit: http://seleniumhq.org/exceptions/no_such_element.html
Build info: version: &amp;apos;2.52.0&amp;apos;, revision: &amp;apos;4c2593cfc3689a7fcd7be52549167e5ccc93ad28&amp;apos;, time: &amp;apos;2016-02-11 11:22:43&amp;apos;
System info: host: &amp;apos;QA1-PC&amp;apos;, ip: &amp;apos;10.0.1.50&amp;apos;, os.name: &amp;apos;Windows 7&amp;apos;, os.arch: &amp;apos;amd64&amp;apos;, os.version: &amp;apos;6.1&amp;apos;, java.version: &amp;apos;1.7.0_67&amp;apos;
Driver info: driver.version: unknown
	at &amp;lt;anonymous class&amp;gt;.FirefoxDriver.prototype.findElementInternal_(file:///C:/Users/QA1/AppData/Local/Temp/anonymous4632561840891926413webdriver-profile/extensions/fxdriver@googlecode.com/components/driver-component.js:10723)
	at &amp;lt;anonymous class&amp;gt;.fxdriver.Timer.prototype.setTimeout/&amp;lt;.notify(file:///C:/Users/QA1/AppData/Local/Temp/anonymous4632561840891926413webdriver-profile/extensions/fxdriver@googlecode.com/components/driver-component.js:623)
... Removed 31 stack frames&lt;br&gt;&lt;/div&gt;&lt;/div&gt;&lt;/div&gt;&lt;/div&gt;">FAIL</a></td>
</tr>
<tr style="display:none"><td colspan="4"><div><dl class="dl-horizontal"><dt>Class Name</dt><dd>org.fwcms.cdc.superuser.ValidationsTest</dd><dt>Start Time</dt><dd>15:57:15</dd><dt>End Time</dt><dd>15:59:31</dd><dt>Parameter 1</dt><dd>{&quot;contactNumberMinCharData&quot;:&quot;1234&quot;,&quot;invaliedEmailData&quot;:&quot;asdf@&quot;,&quot;fullnameLettersOnlyData&quot;:&quot;asdfasdf1&quot;,&quot;fullnameMinChardata&quot;:&quot;a&quot;,&quot;fullnameMinCharAndLettersOnlydata&quot;:&quot;1&quot;,&quot;contactNumberMinandNumbersOnlyData&quot;:&quot;asd1&quot;,&quot;contactNumberNumberOnlyData&quot;:&quot;asdfasdf&quot;,&quot;invaliedEmailAndMinCharData&quot;:&quot;ab@&quot;,&quot;addressSpecialCharData&quot;:&quot;Happy@!&quot;}</dd></dl></div></td></tr>
<tr class="danger">
<td><a class="testDetails" href="#"><span class="glyphicon glyphicon-chevron-right"></span>2</a></td>
<td><div class="testNameToolTip" data-toggle="tooltip" data-placement="top" title="Bestinet_Operator_AddUpdt_20, Bestinet_Operator_AddUpdt_21" >addUserValidationsAsPrivilegedUser</div></td>
<td>2 mins 16.2 sec</td>
<td><a data-toggle="modal" href="#myModal" class="openDialog btn btn-sm btn-default" data-showthismessage="&lt;div class=&quot;panel-group&quot; id=&quot;accordion&quot;&gt;&lt;div class=&quot;panel panel-danger&quot;&gt;&lt;div class=&quot;panel-heading&quot;&gt;&lt;h4 class=&quot;panel-title&quot;&gt;&lt;a class=&quot;accordion-toggle&quot; data-toggle=&quot;collapse&quot; data-parent=&quot;#accordion&quot; href=&quot;#collapse1&quot;&gt;Timed out after 60 seconds waiting for visibility of Proxy element for: DefaultElementLocator &apos;By.cssSelector: div[class^=&apos;emailformError&apos;]&gt;div[class=&apos;formErrorContent&apos;]&apos;
Build info: version: &apos;2.52.0&apos;, revision: &apos;4c2593cfc3689a7fcd7be52549167e5ccc93ad28&apos;, time: &apos;2016-02-11 11:22:43&apos;
System info: host: &apos;QA1-PC&apos;, ip: &apos;10.0.1.50&apos;, os.name: &apos;Windows 7&apos;, os.arch: &apos;amd64&apos;, os.version: &apos;6.1&apos;, java.version: &apos;1.7.0_67&apos;
Session ID: a109fb51-a94d-44da-bf92-99a489e268e1
Driver info: org.openqa.selenium.firefox.FirefoxDriver
Capabilities [{platform=WINDOWS, acceptSslCerts=true, javascriptEnabled=true, cssSelectorsEnabled=true, databaseEnabled=true, browserName=firefox, handlesAlerts=true, nativeEvents=false, webStorageEnabled=true, rotatable=false, locationContextEnabled=true, applicationCacheEnabled=true, takesScreenshot=true, version=46.0}]&lt;/a&gt;&lt;/h4&gt;&lt;/div&gt;&lt;div id=&quot;collapse1&quot; class=&quot;panel-collapse collapse&quot;&gt;&lt;div class=&quot;panel-body&quot;&gt;org.openqa.selenium.TimeoutException: Timed out after 60 seconds waiting for visibility of Proxy element for: DefaultElementLocator &amp;apos;By.cssSelector: div[class^=&amp;apos;emailformError&amp;apos;]&amp;gt;div[class=&amp;apos;formErrorContent&amp;apos;]&amp;apos;
Build info: version: &amp;apos;2.52.0&amp;apos;, revision: &amp;apos;4c2593cfc3689a7fcd7be52549167e5ccc93ad28&amp;apos;, time: &amp;apos;2016-02-11 11:22:43&amp;apos;
System info: host: &amp;apos;QA1-PC&amp;apos;, ip: &amp;apos;10.0.1.50&amp;apos;, os.name: &amp;apos;Windows 7&amp;apos;, os.arch: &amp;apos;amd64&amp;apos;, os.version: &amp;apos;6.1&amp;apos;, java.version: &amp;apos;1.7.0_67&amp;apos;
Session ID: a109fb51-a94d-44da-bf92-99a489e268e1
Driver info: org.openqa.selenium.firefox.FirefoxDriver
Capabilities [{platform=WINDOWS, acceptSslCerts=true, javascriptEnabled=true, cssSelectorsEnabled=true, databaseEnabled=true, browserName=firefox, handlesAlerts=true, nativeEvents=false, webStorageEnabled=true, rotatable=false, locationContextEnabled=true, applicationCacheEnabled=true, takesScreenshot=true, version=46.0}]
	at org.openqa.selenium.support.ui.WebDriverWait.timeoutException(WebDriverWait.java:80)
	at org.openqa.selenium.support.ui.FluentWait.until(FluentWait.java:261)
	at com.olo.bot.BrowserBot.waitForVisible(BrowserBot.java:94)
	at org.fwcms.pages.cdc.UserDetailsPage.validateEmail(UserDetailsPage.java:738)
	at org.fwcms.cdc.privilegeduser.ValidationsTest.addUserValidationsAsPrivilegedUser(ValidationsTest.java:53)
Caused by: org.openqa.selenium.NoSuchElementException: Unable to locate element: {&amp;quot;method&amp;quot;:&amp;quot;css selector&amp;quot;,&amp;quot;selector&amp;quot;:&amp;quot;div[class^=&amp;apos;emailformError&amp;apos;]&amp;gt;div[class=&amp;apos;formErrorContent&amp;apos;]&amp;quot;}
Command duration or timeout: 60.10 seconds
For documentation on this error, please visit: http://seleniumhq.org/exceptions/no_such_element.html
Build info: version: &amp;apos;2.52.0&amp;apos;, revision: &amp;apos;4c2593cfc3689a7fcd7be52549167e5ccc93ad28&amp;apos;, time: &amp;apos;2016-02-11 11:22:43&amp;apos;
System info: host: &amp;apos;QA1-PC&amp;apos;, ip: &amp;apos;10.0.1.50&amp;apos;, os.name: &amp;apos;Windows 7&amp;apos;, os.arch: &amp;apos;amd64&amp;apos;, os.version: &amp;apos;6.1&amp;apos;, java.version: &amp;apos;1.7.0_67&amp;apos;
*** Element info: {Using=css selector, value=div[class^=&amp;apos;emailformError&amp;apos;]&amp;gt;div[class=&amp;apos;formErrorContent&amp;apos;]}
Session ID: a109fb51-a94d-44da-bf92-99a489e268e1
Driver info: org.openqa.selenium.firefox.FirefoxDriver
Capabilities [{platform=WINDOWS, acceptSslCerts=true, javascriptEnabled=true, cssSelectorsEnabled=true, databaseEnabled=true, browserName=firefox, handlesAlerts=true, nativeEvents=false, webStorageEnabled=true, rotatable=false, locationContextEnabled=true, applicationCacheEnabled=true, takesScreenshot=true, version=46.0}]
	at org.openqa.selenium.remote.ErrorHandler.createThrowable(ErrorHandler.java:206)
	at org.openqa.selenium.remote.ErrorHandler.throwIfResponseFailed(ErrorHandler.java:158)
	at org.openqa.selenium.remote.RemoteWebDriver.execute(RemoteWebDriver.java:678)
	at org.openqa.selenium.remote.RemoteWebDriver.findElement(RemoteWebDriver.java:363)
	at org.openqa.selenium.remote.RemoteWebDriver.findElementByCssSelector(RemoteWebDriver.java:492)
	at org.openqa.selenium.By$ByCssSelector.findElement(By.java:430)
	at org.openqa.selenium.remote.RemoteWebDriver.findElement(RemoteWebDriver.java:355)
	at org.openqa.selenium.support.pagefactory.DefaultElementLocator.findElement(DefaultElementLocator.java:69)
	at org.openqa.selenium.support.pagefactory.internal.LocatingElementHandler.invoke(LocatingElementHandler.java:38)
	at com.sun.proxy.$Proxy8.isDisplayed(Unknown Source)
	at org.openqa.selenium.support.ui.ExpectedConditions.elementIfVisible(ExpectedConditions.java:302)
	at org.openqa.selenium.support.ui.ExpectedConditions.access$100(ExpectedConditions.java:41)
	at org.openqa.selenium.support.ui.ExpectedConditions$10.apply(ExpectedConditions.java:288)
	at org.openqa.selenium.support.ui.ExpectedConditions$10.apply(ExpectedConditions.java:285)
	at org.openqa.selenium.support.ui.FluentWait.until(FluentWait.java:238)
	... 30 more
Caused by: org.openqa.selenium.NoSuchElementException: Unable to locate element: {&amp;quot;method&amp;quot;:&amp;quot;css selector&amp;quot;,&amp;quot;selector&amp;quot;:&amp;quot;div[class^=&amp;apos;emailformError&amp;apos;]&amp;gt;div[class=&amp;apos;formErrorContent&amp;apos;]&amp;quot;}
For documentation on this error, please visit: http://seleniumhq.org/exceptions/no_such_element.html
Build info: version: &amp;apos;2.52.0&amp;apos;, revision: &amp;apos;4c2593cfc3689a7fcd7be52549167e5ccc93ad28&amp;apos;, time: &amp;apos;2016-02-11 11:22:43&amp;apos;
System info: host: &amp;apos;QA1-PC&amp;apos;, ip: &amp;apos;10.0.1.50&amp;apos;, os.name: &amp;apos;Windows 7&amp;apos;, os.arch: &amp;apos;amd64&amp;apos;, os.version: &amp;apos;6.1&amp;apos;, java.version: &amp;apos;1.7.0_67&amp;apos;
Driver info: driver.version: unknown
	at &amp;lt;anonymous class&amp;gt;.FirefoxDriver.prototype.findElementInternal_(file:///C:/Users/QA1/AppData/Local/Temp/anonymous3384317252492312141webdriver-profile/extensions/fxdriver@googlecode.com/components/driver-component.js:10723)
	at &amp;lt;anonymous class&amp;gt;.fxdriver.Timer.prototype.setTimeout/&amp;lt;.notify(file:///C:/Users/QA1/AppData/Local/Temp/anonymous3384317252492312141webdriver-profile/extensions/fxdriver@googlecode.com/components/driver-component.js:623)
... Removed 31 stack frames&lt;br&gt;&lt;/div&gt;&lt;/div&gt;&lt;/div&gt;&lt;/div&gt;">FAIL</a></td>
</tr>
<tr style="display:none"><td colspan="4"><div><dl class="dl-horizontal"><dt>Class Name</dt><dd>org.fwcms.cdc.privilegeduser.ValidationsTest</dd><dt>Start Time</dt><dd>15:59:37</dd><dt>End Time</dt><dd>16:01:53</dd><dt>Parameter 1</dt><dd>{&quot;contactNumberMinCharData&quot;:&quot;1234&quot;,&quot;invaliedEmailData&quot;:&quot;asdf@&quot;,&quot;fullnameLettersOnlyData&quot;:&quot;a1&quot;,&quot;fullnameMinChardata&quot;:&quot;a&quot;,&quot;fullnameMinCharAndLettersOnlydata&quot;:&quot;1&quot;,&quot;contactNumberMinandNumbersOnlyData&quot;:&quot;asd1&quot;,&quot;contactNumberNumberOnlyData&quot;:&quot;asdfasdf&quot;,&quot;invaliedEmailAndMinCharData&quot;:&quot;ab@&quot;,&quot;addressSpecialCharData&quot;:&quot;Happy@!&quot;}</dd></dl></div></td></tr>
<tr class="success">
<td><a class="testDetails" href="#"><span class="glyphicon glyphicon-chevron-right"></span>3</a></td>
<td><div class="testNameToolTip" data-toggle="tooltip" data-placement="top" title="PrivUserOper_ChngPwd_04, PrivUserOper_ChngPwd_05, PrivUserOper_ChngPwd_06" >changePasswordFormValidationsAsPrivilegedUser</div></td>
<td>1 mins 8.7 sec</td>
<td>PASS</td>
</tr>
<tr style="display:none"><td colspan="4"><div><dl class="dl-horizontal"><dt>Class Name</dt><dd>org.fwcms.cdc.privilegeduser.ChangeAndForgotPasswordValidationsTest</dd><dt>Start Time</dt><dd>16:01:59</dd><dt>End Time</dt><dd>16:03:07</dd><dt>Parameter 1</dt><dd>org.fwcms.testdata.cdc.ChangePasswordValidationsData@ffc0c86</dd></dl></div></td></tr>
<tr class="success">
<td><a class="testDetails" href="#"><span class="glyphicon glyphicon-chevron-right"></span>4</a></td>
<td><div class="testNameToolTip" data-toggle="tooltip" data-placement="top" title="PrivUserOper_ForgPwd_01, PrivUserOper_ForgPwd_02, PrivUserOper_ForgPwd_03, PrivUserOper_ForgPwd_04, PrivUserOper_ForgPwd_05, PrivUserOper_ForgPwd_06" >forgotPasswordFormValidationsAsPrivilegedUser</div></td>
<td>31.1 sec</td>
<td>PASS</td>
</tr>
<tr style="display:none"><td colspan="4"><div><dl class="dl-horizontal"><dt>Class Name</dt><dd>org.fwcms.cdc.privilegeduser.ChangeAndForgotPasswordValidationsTest</dd><dt>Start Time</dt><dd>16:03:13</dd><dt>End Time</dt><dd>16:03:44</dd><dt>Parameter 1</dt><dd>org.fwcms.testdata.cdc.ForgotPasswordValidationsData@6c9a399c</dd></dl></div></td></tr>
</table></div></div></div><hr/>
<div class='row'><div class='col-md-6'><div class='table-responsive'><table class='table table-bordered'><tr><th>Test</th><td>crud operations</td></tr><tr><th>Start Time</th><td>Tue, 17-Jan-2017 16:03:44</td></tr><tr><th>End Time</th><td>Tue, 17-Jan-2017 16:04:47</td></tr><tr><th>Time Taken</th><td>1 mins 2.8 sec</td></tr></table></div></div></div>
<div class='row'><div class='col-md-12'><div class='table-responsive'><table class='table table-bordered' id='crud-operations' ><caption>Detailed report of <strong>crud operations</strong></caption><thead><tr><th>S.No</th><th>Test Method</th><th>Time Taken</th><th>Status</th></tr></thead><tr class="success">
<td><a class="testDetails" href="#"><span class="glyphicon glyphicon-chevron-right"></span>1</a></td>
<td><div class="testNameToolTip" data-toggle="tooltip" data-placement="top" title="PrivUser_AddUpdt_17, PrivUser_AddUpdt_18, PrivUser_AddUpdt_07, PrivUser_AddUpdt_08, PrivUser_AddUpdt_09, PrivUser_AddUpdt_10, PrivUser_AddUpdt_11, PrivUser_AddUpdt_12, BES_Privilage_User_Delete_07" >addEditDeletePrivilegedUserAsSuperUser</div></td>
<td>25.5 sec</td>
<td>PASS</td>
</tr>
<tr style="display:none"><td colspan="4"><div><dl class="dl-horizontal"><dt>Class Name</dt><dd>org.fwcms.cdc.superuser.CrudOperationsTest</dd><dt>Start Time</dt><dd>16:03:50</dd><dt>End Time</dt><dd>16:04:15</dd><dt>Parameter 1</dt><dd>{&quot;editReason&quot;:&quot;edit reason&quot;,&quot;contactNumber&quot;:&quot;9890979695&quot;,&quot;emailId&quot;:&quot;test@test.com&quot;,&quot;address&quot;:&quot;Happiest Minds&quot;,&quot;fullName&quot;:&quot;TestAutomationBPU&quot;,&quot;accountDeleteTitle&quot;:&quot;Inactive&quot;,&quot;deleteReason&quot;:&quot;delete reason&quot;}</dd></dl></div></td></tr>
<tr class="success">
<td><a class="testDetails" href="#"><span class="glyphicon glyphicon-chevron-right"></span>2</a></td>
<td><div class="testNameToolTip" data-toggle="tooltip" data-placement="top" title="Bestinet_Operator_AddUpdt_22, Bestinet_Operator_AddUpdt_23, Bestinet_Operator_AddUpdt_08, Bestinet_Operator_AddUpdt_09, Bestinet_Operator_AddUpdt_10, Bestinet_Operator_AddUpdt_11, Bestinet_Operator_AddUpdt_12, Bestinet_Operator_AddUpdt_13, Bestinet_Operator_AddUpdt_14, Bestinet_Operator_AddUpdt_16, BES_operator_Delete_08" >addEditDeleteOperatorUserAsPrivilegedUser</div></td>
<td>25.5 sec</td>
<td>PASS</td>
</tr>
<tr style="display:none"><td colspan="4"><div><dl class="dl-horizontal"><dt>Class Name</dt><dd>org.fwcms.cdc.privilegeduser.CrudOperationsTest</dd><dt>Start Time</dt><dd>16:04:21</dd><dt>End Time</dt><dd>16:04:47</dd><dt>Parameter 1</dt><dd>{&quot;editReason&quot;:&quot;edit reason&quot;,&quot;contactNumber&quot;:&quot;9099989098&quot;,&quot;emailId&quot;:&quot;test@test.com&quot;,&quot;address&quot;:&quot;Happiest Minds&quot;,&quot;fullName&quot;:&quot;TestAutomationBOP&quot;,&quot;accountDeleteTitle&quot;:&quot;Inactive&quot;,&quot;deleteReason&quot;:&quot;delete reason&quot;}</dd></dl></div></td></tr>
</table></div></div></div><hr/>
<div class='row'><div class='col-md-6'><div class='table-responsive'><table class='table table-bordered'><tr><th>Test</th><td>search functionality</td></tr><tr><th>Start Time</th><td>Tue, 17-Jan-2017 16:04:47</td></tr><tr><th>End Time</th><td>Tue, 17-Jan-2017 16:05:25</td></tr><tr><th>Time Taken</th><td>37.7 sec</td></tr></table></div></div></div>
<div class='row'><div class='col-md-12'><div class='table-responsive'><table class='table table-bordered' id='search-functionality' ><caption>Detailed report of <strong>search functionality</strong></caption><thead><tr><th>S.No</th><th>Test Method</th><th>Time Taken</th><th>Status</th></tr></thead><tr class="success">
<td><a class="testDetails" href="#"><span class="glyphicon glyphicon-chevron-right"></span>1</a></td>
<td><div  >searchFunctionalityAsSuperUser</div></td>
<td>13.9 sec</td>
<td>PASS</td>
</tr>
<tr style="display:none"><td colspan="4"><div><dl class="dl-horizontal"><dt>Class Name</dt><dd>org.fwcms.cdc.superuser.SearchFunctionalityTest</dd><dt>Start Time</dt><dd>16:04:52</dd><dt>End Time</dt><dd>16:05:06</dd><dt>Parameter 1</dt><dd>{&quot;gmailPassword&quot;:&quot;Smiles@123&quot;,&quot;contactNumber&quot;:&quot;9080706050&quot;,&quot;emailId&quot;:&quot;fwcmsautomation1@gmail.com&quot;,&quot;address&quot;:&quot;Bangalore&quot;,&quot;fullName&quot;:&quot;TestPrivilegedUser&quot;}</dd></dl></div></td></tr>
<tr class="success">
<td><a class="testDetails" href="#"><span class="glyphicon glyphicon-chevron-right"></span>2</a></td>
<td><div  >searchFunctionalityAsPrivilegedUser</div></td>
<td>12.7 sec</td>
<td>PASS</td>
</tr>
<tr style="display:none"><td colspan="4"><div><dl class="dl-horizontal"><dt>Class Name</dt><dd>org.fwcms.cdc.privilegeduser.SearchFunctionalityTest</dd><dt>Start Time</dt><dd>16:05:12</dd><dt>End Time</dt><dd>16:05:24</dd><dt>Parameter 1</dt><dd>{&quot;gmailPassword&quot;:&quot;Smiles@123&quot;,&quot;contactNumber&quot;:&quot;9080706050&quot;,&quot;emailId&quot;:&quot;fwcmsautomation2@gmail.com&quot;,&quot;address&quot;:&quot;Happiest Minds&quot;,&quot;fullName&quot;:&quot;Test Automation Operator User&quot;}</dd></dl></div></td></tr>
</table></div></div></div><hr/>
<div class='row'><div class='col-md-6'><div class='table-responsive'><table class='table table-bordered'><tr><th>Test</th><td>change password</td></tr><tr><th>Start Time</th><td>Tue, 17-Jan-2017 16:05:25</td></tr><tr><th>End Time</th><td>Tue, 17-Jan-2017 16:05:39</td></tr><tr><th>Time Taken</th><td>14.0 sec</td></tr></table></div></div></div>
<div class='row'><div class='col-md-12'><div class='table-responsive'><table class='table table-bordered' id='change-password' ><caption>Detailed report of <strong>change password</strong></caption><thead><tr><th>S.No</th><th>Test Method</th><th>Time Taken</th><th>Status</th></tr></thead><tr class="success">
<td><a class="testDetails" href="#"><span class="glyphicon glyphicon-chevron-right"></span>1</a></td>
<td><div class="testNameToolTip" data-toggle="tooltip" data-placement="top" title="PrivUserOper_ChngPwd_01, PrivUserOper_ChngPwd_03, PrivUserOper_ChngPwd_07, PrivUserOper_ChngPwd_08" >changePasswordAsPrivilegedUser</div></td>
<td>9.0 sec</td>
<td>PASS</td>
</tr>
<tr style="display:none"><td colspan="4"><div><dl class="dl-horizontal"><dt>Class Name</dt><dd>org.fwcms.cdc.privilegeduser.ChangePasswordTest</dd><dt>Start Time</dt><dd>16:05:29</dd><dt>End Time</dt><dd>16:05:38</dd><dt>Parameter 1</dt><dd>{&quot;confirmPassword&quot;:&quot;Test123!@&quot;,&quot;newPassword&quot;:&quot;Test123!@&quot;}</dd></dl></div></td></tr>
</table></div></div></div><hr/>
<div class='row'><div class='col-md-6'><div class='table-responsive'><table class='table table-bordered'><tr><th>Test</th><td>forgot password</td></tr><tr><th>Start Time</th><td>Tue, 17-Jan-2017 16:05:39</td></tr><tr><th>End Time</th><td>Tue, 17-Jan-2017 16:05:49</td></tr><tr><th>Time Taken</th><td>10.2 sec</td></tr></table></div></div></div>
<div class='row'><div class='col-md-12'><div class='table-responsive'><table class='table table-bordered' id='forgot-password' ><caption>Detailed report of <strong>forgot password</strong></caption><thead><tr><th>S.No</th><th>Test Method</th><th>Time Taken</th><th>Status</th></tr></thead><tr class="success">
<td><a class="testDetails" href="#"><span class="glyphicon glyphicon-chevron-right"></span>1</a></td>
<td><div class="testNameToolTip" data-toggle="tooltip" data-placement="top" title="PrivUserOper_ForgPwd_07, PrivUserOper_ForgPwd_09, PrivUserOper_ForgPwd_16" >forgotPasswordAsPrivilegedUser</div></td>
<td>4.4 sec</td>
<td>PASS</td>
</tr>
<tr style="display:none"><td colspan="4"><div><dl class="dl-horizontal"><dt>Class Name</dt><dd>org.fwcms.cdc.privilegeduser.ForgotPasswordTest</dd><dt>Start Time</dt><dd>16:05:44</dd><dt>End Time</dt><dd>16:05:48</dd></dl></div></td></tr>
</table></div></div></div><hr/>
</div>
<div class='modal fade bs-modal-lg' id='myModal' tabindex='-1' role='dialog' aria-labelledby='myModalLabel' aria-hidden='true'><div class='modal-dialog modal-lg'><div class='modal-content'><div class='modal-header'><button type='button' class='close' data-dismiss='modal' aria-hidden='true'>&times;</button><h4 class='modal-title' id='myModalLabel'>Error Details</h4></div><div class='modal-body'></div></div></div></div>
</div>
</div>
<script type='text/javascript'>$(document).ready(function() { $('.testNameToolTip').tooltip({html: true});  $('.testDetails').click(function(event){ event.preventDefault();$(this).children('.glyphicon').toggleClass('glyphicon-chevron-down');  $(this).closest('tr').next().toggle();});});</script></body></html>