<!DOCTYPE html><html><head><title>cdc Failed Results</title><meta name='viewport' content='width=device-width, initial-scale=1.0'><link rel="stylesheet" href="http://netdna.bootstrapcdn.com/bootstrap/3.1.0/css/bootstrap.min.css"><style type='text/css'>.ifskipped{background-color: #d6e1c9;}</style><script src='http://ajax.googleapis.com/ajax/libs/jquery/1.11.0/jquery.min.js'></script><script src="http://netdna.bootstrapcdn.com/bootstrap/3.1.0/js/bootstrap.min.js"></script><script type='text/javascript'>$( document ).ready(function() {    $(document).on('click', '.openDialog', function () {  var errorDetails = $(this).data('showthismessage');   $('.modal-body').html( errorDetails ); });  });</script></head><body><div class='navbar navbar-fixed-top' role='navigation'>
<ol class='breadcrumb'><li><a href='../suites-summary-index.html'>Suite Summary</a></li><li><a href='suite-cdc-index.html'>cdc</a></li><li class='active'>Fail&nbsp;</li><div class='btn-group'><button type='button' class='btn btn-default btn-sm dropdown-toggle' data-toggle='dropdown'><span class='glyphicon glyphicon-filter'></span> <span class='caret'></span></button><ul class='dropdown-menu' role='menu'><li><a href='suite-cdc-index.html'>All</a></li><li><a href='suite-cdc-passed.html'>Pass</a></li></ul></div>
</ol></div>
<div class='container' style='margin-top:60px;'><div class='row'><div class='col-md-3'><div class='row'><div class='col-md-12'><div class='table-responsive'><table class='table table-bordered table-condensed'><tr><th>Suite</th><td>cdc</td></tr></table></div></div></div><div class='row'><div class='col-md-12'><div class='table-responsive'><table class='table table-bordered table-condensed'><thead><tr><th>Test</th><th>Fail</th></tr></thead><tr><td><a href=#validations>validations</a></td><td class='danger'>2</td></tr><tfoot><tr><th>Total</th><th class='danger'>2</th></tr></tfoot></table></div></div></div></div>
<div class='col-md-9'><div class='row'><div class='col-md-12'><div class='table-responsive'><table class='table table-bordered' id='validations' ><caption>Detailed report of <strong>validations</strong></caption><thead><tr><th>S.No</th><th>Test Method</th><th>Time Taken</th><th>Status</th></tr></thead><tr class="danger">
<td><a class="testDetails" href="#"><span class="glyphicon glyphicon-chevron-right"></span>1</a></td>
<td><div class="testNameToolTip" data-toggle="tooltip" data-placement="top" title="PrivUser_AddUpdt_15, PrivUser_AddUpdt_16" >addPrivilegeUserValidationsAsSuperUser</div></td>
<td>2 mins 16.5 sec</td>
<td><a data-toggle="modal" href="#myModal" class="openDialog btn btn-sm btn-default" data-showthismessage="&lt;div class=&quot;panel-group&quot; id=&quot;accordion&quot;&gt;&lt;div class=&quot;panel panel-danger&quot;&gt;&lt;div class=&quot;panel-heading&quot;&gt;&lt;h4 class=&quot;panel-title&quot;&gt;&lt;a class=&quot;accordion-toggle&quot; data-toggle=&quot;collapse&quot; data-parent=&quot;#accordion&quot; href=&quot;#collapse1&quot;&gt;Timed out after 60 seconds waiting for visibility of Proxy element for: DefaultElementLocator &apos;By.cssSelector: div[class^=&apos;emailformError&apos;]&gt;div[class=&apos;formErrorContent&apos;]&apos;
Build info: version: &apos;2.52.0&apos;, revision: &apos;4c2593cfc3689a7fcd7be52549167e5ccc93ad28&apos;, time: &apos;2016-02-11 11:22:43&apos;
System info: host: &apos;QA1-PC&apos;, ip: &apos;10.0.1.50&apos;, os.name: &apos;Windows 7&apos;, os.arch: &apos;amd64&apos;, os.version: &apos;6.1&apos;, java.version: &apos;1.7.0_67&apos;
Session ID: 2e90f83a-5759-436b-a210-f8bb413865d6
Driver info: org.openqa.selenium.firefox.FirefoxDriver
Capabilities [{platform=WINDOWS, acceptSslCerts=true, javascriptEnabled=true, cssSelectorsEnabled=true, databaseEnabled=true, browserName=firefox, handlesAlerts=true, nativeEvents=false, webStorageEnabled=true, rotatable=false, locationContextEnabled=true, applicationCacheEnabled=true, takesScreenshot=true, version=46.0}]  &lt;a class=&quot;btn btn-default btn-sm&quot; role=&quot;button&quot; href=&quot;screenshots\1484639971718.png&quot; target=&quot;_blank&quot;&gt;Screenshot&lt;/a&gt;&lt;/a&gt;&lt;/h4&gt;&lt;/div&gt;&lt;div id=&quot;collapse1&quot; class=&quot;panel-collapse collapse&quot;&gt;&lt;div class=&quot;panel-body&quot;&gt;org.openqa.selenium.TimeoutException: Timed out after 60 seconds waiting for visibility of Proxy element for: DefaultElementLocator &amp;apos;By.cssSelector: div[class^=&amp;apos;emailformError&amp;apos;]&amp;gt;div[class=&amp;apos;formErrorContent&amp;apos;]&amp;apos;
Build info: version: &amp;apos;2.52.0&amp;apos;, revision: &amp;apos;4c2593cfc3689a7fcd7be52549167e5ccc93ad28&amp;apos;, time: &amp;apos;2016-02-11 11:22:43&amp;apos;
System info: host: &amp;apos;QA1-PC&amp;apos;, ip: &amp;apos;10.0.1.50&amp;apos;, os.name: &amp;apos;Windows 7&amp;apos;, os.arch: &amp;apos;amd64&amp;apos;, os.version: &amp;apos;6.1&amp;apos;, java.version: &amp;apos;1.7.0_67&amp;apos;
Session ID: 2e90f83a-5759-436b-a210-f8bb413865d6
Driver info: org.openqa.selenium.firefox.FirefoxDriver
Capabilities [{platform=WINDOWS, acceptSslCerts=true, javascriptEnabled=true, cssSelectorsEnabled=true, databaseEnabled=true, browserName=firefox, handlesAlerts=true, nativeEvents=false, webStorageEnabled=true, rotatable=false, locationContextEnabled=true, applicationCacheEnabled=true, takesScreenshot=true, version=46.0}]
	at org.openqa.selenium.support.ui.WebDriverWait.timeoutException(WebDriverWait.java:80)
	at org.openqa.selenium.support.ui.FluentWait.until(FluentWait.java:261)
	at com.olo.bot.BrowserBot.waitForVisible(BrowserBot.java:94)
	at org.fwcms.pages.cdc.UserDetailsPage.validateEmail(UserDetailsPage.java:738)
	at org.fwcms.cdc.superuser.ValidationsTest.addPrivilegeUserValidationsAsSuperUser(ValidationsTest.java:52)
Caused by: org.openqa.selenium.NoSuchElementException: Unable to locate element: {&amp;quot;method&amp;quot;:&amp;quot;css selector&amp;quot;,&amp;quot;selector&amp;quot;:&amp;quot;div[class^=&amp;apos;emailformError&amp;apos;]&amp;gt;div[class=&amp;apos;formErrorContent&amp;apos;]&amp;quot;}
Command duration or timeout: 60.11 seconds
For documentation on this error, please visit: http://seleniumhq.org/exceptions/no_such_element.html
Build info: version: &amp;apos;2.52.0&amp;apos;, revision: &amp;apos;4c2593cfc3689a7fcd7be52549167e5ccc93ad28&amp;apos;, time: &amp;apos;2016-02-11 11:22:43&amp;apos;
System info: host: &amp;apos;QA1-PC&amp;apos;, ip: &amp;apos;10.0.1.50&amp;apos;, os.name: &amp;apos;Windows 7&amp;apos;, os.arch: &amp;apos;amd64&amp;apos;, os.version: &amp;apos;6.1&amp;apos;, java.version: &amp;apos;1.7.0_67&amp;apos;
*** Element info: {Using=css selector, value=div[class^=&amp;apos;emailformError&amp;apos;]&amp;gt;div[class=&amp;apos;formErrorContent&amp;apos;]}
Session ID: 2e90f83a-5759-436b-a210-f8bb413865d6
Driver info: org.openqa.selenium.firefox.FirefoxDriver
Capabilities [{platform=WINDOWS, acceptSslCerts=true, javascriptEnabled=true, cssSelectorsEnabled=true, databaseEnabled=true, browserName=firefox, handlesAlerts=true, nativeEvents=false, webStorageEnabled=true, rotatable=false, locationContextEnabled=true, applicationCacheEnabled=true, takesScreenshot=true, version=46.0}]
	at org.openqa.selenium.remote.ErrorHandler.createThrowable(ErrorHandler.java:206)
	at org.openqa.selenium.remote.ErrorHandler.throwIfResponseFailed(ErrorHandler.java:158)
	at org.openqa.selenium.remote.RemoteWebDriver.execute(RemoteWebDriver.java:678)
	at org.openqa.selenium.remote.RemoteWebDriver.findElement(RemoteWebDriver.java:363)
	at org.openqa.selenium.remote.RemoteWebDriver.findElementByCssSelector(RemoteWebDriver.java:492)
	at org.openqa.selenium.By$ByCssSelector.findElement(By.java:430)
	at org.openqa.selenium.remote.RemoteWebDriver.findElement(RemoteWebDriver.java:355)
	at org.openqa.selenium.support.pagefactory.DefaultElementLocator.findElement(DefaultElementLocator.java:69)
	at org.openqa.selenium.support.pagefactory.internal.LocatingElementHandler.invoke(LocatingElementHandler.java:38)
	at com.sun.proxy.$Proxy8.isDisplayed(Unknown Source)
	at org.openqa.selenium.support.ui.ExpectedConditions.elementIfVisible(ExpectedConditions.java:302)
	at org.openqa.selenium.support.ui.ExpectedConditions.access$100(ExpectedConditions.java:41)
	at org.openqa.selenium.support.ui.ExpectedConditions$10.apply(ExpectedConditions.java:288)
	at org.openqa.selenium.support.ui.ExpectedConditions$10.apply(ExpectedConditions.java:285)
	at org.openqa.selenium.support.ui.FluentWait.until(FluentWait.java:238)
	... 30 more
Caused by: org.openqa.selenium.NoSuchElementException: Unable to locate element: {&amp;quot;method&amp;quot;:&amp;quot;css selector&amp;quot;,&amp;quot;selector&amp;quot;:&amp;quot;div[class^=&amp;apos;emailformError&amp;apos;]&amp;gt;div[class=&amp;apos;formErrorContent&amp;apos;]&amp;quot;}
For documentation on this error, please visit: http://seleniumhq.org/exceptions/no_such_element.html
Build info: version: &amp;apos;2.52.0&amp;apos;, revision: &amp;apos;4c2593cfc3689a7fcd7be52549167e5ccc93ad28&amp;apos;, time: &amp;apos;2016-02-11 11:22:43&amp;apos;
System info: host: &amp;apos;QA1-PC&amp;apos;, ip: &amp;apos;10.0.1.50&amp;apos;, os.name: &amp;apos;Windows 7&amp;apos;, os.arch: &amp;apos;amd64&amp;apos;, os.version: &amp;apos;6.1&amp;apos;, java.version: &amp;apos;1.7.0_67&amp;apos;
Driver info: driver.version: unknown
	at &amp;lt;anonymous class&amp;gt;.FirefoxDriver.prototype.findElementInternal_(file:///C:/Users/QA1/AppData/Local/Temp/anonymous4632561840891926413webdriver-profile/extensions/fxdriver@googlecode.com/components/driver-component.js:10723)
	at &amp;lt;anonymous class&amp;gt;.fxdriver.Timer.prototype.setTimeout/&amp;lt;.notify(file:///C:/Users/QA1/AppData/Local/Temp/anonymous4632561840891926413webdriver-profile/extensions/fxdriver@googlecode.com/components/driver-component.js:623)
... Removed 31 stack frames&lt;br&gt;&lt;/div&gt;&lt;/div&gt;&lt;/div&gt;&lt;/div&gt;">FAIL</a></td>
</tr>
<tr style="display:none"><td colspan="4"><div><dl class="dl-horizontal"><dt>Class Name</dt><dd>org.fwcms.cdc.superuser.ValidationsTest</dd><dt>Start Time</dt><dd>15:57:15</dd><dt>End Time</dt><dd>15:59:31</dd><dt>Parameter 1</dt><dd>{&quot;contactNumberMinCharData&quot;:&quot;1234&quot;,&quot;invaliedEmailData&quot;:&quot;asdf@&quot;,&quot;fullnameLettersOnlyData&quot;:&quot;asdfasdf1&quot;,&quot;fullnameMinChardata&quot;:&quot;a&quot;,&quot;fullnameMinCharAndLettersOnlydata&quot;:&quot;1&quot;,&quot;contactNumberMinandNumbersOnlyData&quot;:&quot;asd1&quot;,&quot;contactNumberNumberOnlyData&quot;:&quot;asdfasdf&quot;,&quot;invaliedEmailAndMinCharData&quot;:&quot;ab@&quot;,&quot;addressSpecialCharData&quot;:&quot;Happy@!&quot;}</dd></dl></div></td></tr>
<tr class="danger">
<td><a class="testDetails" href="#"><span class="glyphicon glyphicon-chevron-right"></span>2</a></td>
<td><div class="testNameToolTip" data-toggle="tooltip" data-placement="top" title="Bestinet_Operator_AddUpdt_20, Bestinet_Operator_AddUpdt_21" >addUserValidationsAsPrivilegedUser</div></td>
<td>2 mins 16.2 sec</td>
<td><a data-toggle="modal" href="#myModal" class="openDialog btn btn-sm btn-default" data-showthismessage="&lt;div class=&quot;panel-group&quot; id=&quot;accordion&quot;&gt;&lt;div class=&quot;panel panel-danger&quot;&gt;&lt;div class=&quot;panel-heading&quot;&gt;&lt;h4 class=&quot;panel-title&quot;&gt;&lt;a class=&quot;accordion-toggle&quot; data-toggle=&quot;collapse&quot; data-parent=&quot;#accordion&quot; href=&quot;#collapse1&quot;&gt;Timed out after 60 seconds waiting for visibility of Proxy element for: DefaultElementLocator &apos;By.cssSelector: div[class^=&apos;emailformError&apos;]&gt;div[class=&apos;formErrorContent&apos;]&apos;
Build info: version: &apos;2.52.0&apos;, revision: &apos;4c2593cfc3689a7fcd7be52549167e5ccc93ad28&apos;, time: &apos;2016-02-11 11:22:43&apos;
System info: host: &apos;QA1-PC&apos;, ip: &apos;10.0.1.50&apos;, os.name: &apos;Windows 7&apos;, os.arch: &apos;amd64&apos;, os.version: &apos;6.1&apos;, java.version: &apos;1.7.0_67&apos;
Session ID: a109fb51-a94d-44da-bf92-99a489e268e1
Driver info: org.openqa.selenium.firefox.FirefoxDriver
Capabilities [{platform=WINDOWS, acceptSslCerts=true, javascriptEnabled=true, cssSelectorsEnabled=true, databaseEnabled=true, browserName=firefox, handlesAlerts=true, nativeEvents=false, webStorageEnabled=true, rotatable=false, locationContextEnabled=true, applicationCacheEnabled=true, takesScreenshot=true, version=46.0}]  &lt;a class=&quot;btn btn-default btn-sm&quot; role=&quot;button&quot; href=&quot;screenshots\1484640113606.png&quot; target=&quot;_blank&quot;&gt;Screenshot&lt;/a&gt;&lt;/a&gt;&lt;/h4&gt;&lt;/div&gt;&lt;div id=&quot;collapse1&quot; class=&quot;panel-collapse collapse&quot;&gt;&lt;div class=&quot;panel-body&quot;&gt;org.openqa.selenium.TimeoutException: Timed out after 60 seconds waiting for visibility of Proxy element for: DefaultElementLocator &amp;apos;By.cssSelector: div[class^=&amp;apos;emailformError&amp;apos;]&amp;gt;div[class=&amp;apos;formErrorContent&amp;apos;]&amp;apos;
Build info: version: &amp;apos;2.52.0&amp;apos;, revision: &amp;apos;4c2593cfc3689a7fcd7be52549167e5ccc93ad28&amp;apos;, time: &amp;apos;2016-02-11 11:22:43&amp;apos;
System info: host: &amp;apos;QA1-PC&amp;apos;, ip: &amp;apos;10.0.1.50&amp;apos;, os.name: &amp;apos;Windows 7&amp;apos;, os.arch: &amp;apos;amd64&amp;apos;, os.version: &amp;apos;6.1&amp;apos;, java.version: &amp;apos;1.7.0_67&amp;apos;
Session ID: a109fb51-a94d-44da-bf92-99a489e268e1
Driver info: org.openqa.selenium.firefox.FirefoxDriver
Capabilities [{platform=WINDOWS, acceptSslCerts=true, javascriptEnabled=true, cssSelectorsEnabled=true, databaseEnabled=true, browserName=firefox, handlesAlerts=true, nativeEvents=false, webStorageEnabled=true, rotatable=false, locationContextEnabled=true, applicationCacheEnabled=true, takesScreenshot=true, version=46.0}]
	at org.openqa.selenium.support.ui.WebDriverWait.timeoutException(WebDriverWait.java:80)
	at org.openqa.selenium.support.ui.FluentWait.until(FluentWait.java:261)
	at com.olo.bot.BrowserBot.waitForVisible(BrowserBot.java:94)
	at org.fwcms.pages.cdc.UserDetailsPage.validateEmail(UserDetailsPage.java:738)
	at org.fwcms.cdc.privilegeduser.ValidationsTest.addUserValidationsAsPrivilegedUser(ValidationsTest.java:53)
Caused by: org.openqa.selenium.NoSuchElementException: Unable to locate element: {&amp;quot;method&amp;quot;:&amp;quot;css selector&amp;quot;,&amp;quot;selector&amp;quot;:&amp;quot;div[class^=&amp;apos;emailformError&amp;apos;]&amp;gt;div[class=&amp;apos;formErrorContent&amp;apos;]&amp;quot;}
Command duration or timeout: 60.10 seconds
For documentation on this error, please visit: http://seleniumhq.org/exceptions/no_such_element.html
Build info: version: &amp;apos;2.52.0&amp;apos;, revision: &amp;apos;4c2593cfc3689a7fcd7be52549167e5ccc93ad28&amp;apos;, time: &amp;apos;2016-02-11 11:22:43&amp;apos;
System info: host: &amp;apos;QA1-PC&amp;apos;, ip: &amp;apos;10.0.1.50&amp;apos;, os.name: &amp;apos;Windows 7&amp;apos;, os.arch: &amp;apos;amd64&amp;apos;, os.version: &amp;apos;6.1&amp;apos;, java.version: &amp;apos;1.7.0_67&amp;apos;
*** Element info: {Using=css selector, value=div[class^=&amp;apos;emailformError&amp;apos;]&amp;gt;div[class=&amp;apos;formErrorContent&amp;apos;]}
Session ID: a109fb51-a94d-44da-bf92-99a489e268e1
Driver info: org.openqa.selenium.firefox.FirefoxDriver
Capabilities [{platform=WINDOWS, acceptSslCerts=true, javascriptEnabled=true, cssSelectorsEnabled=true, databaseEnabled=true, browserName=firefox, handlesAlerts=true, nativeEvents=false, webStorageEnabled=true, rotatable=false, locationContextEnabled=true, applicationCacheEnabled=true, takesScreenshot=true, version=46.0}]
	at org.openqa.selenium.remote.ErrorHandler.createThrowable(ErrorHandler.java:206)
	at org.openqa.selenium.remote.ErrorHandler.throwIfResponseFailed(ErrorHandler.java:158)
	at org.openqa.selenium.remote.RemoteWebDriver.execute(RemoteWebDriver.java:678)
	at org.openqa.selenium.remote.RemoteWebDriver.findElement(RemoteWebDriver.java:363)
	at org.openqa.selenium.remote.RemoteWebDriver.findElementByCssSelector(RemoteWebDriver.java:492)
	at org.openqa.selenium.By$ByCssSelector.findElement(By.java:430)
	at org.openqa.selenium.remote.RemoteWebDriver.findElement(RemoteWebDriver.java:355)
	at org.openqa.selenium.support.pagefactory.DefaultElementLocator.findElement(DefaultElementLocator.java:69)
	at org.openqa.selenium.support.pagefactory.internal.LocatingElementHandler.invoke(LocatingElementHandler.java:38)
	at com.sun.proxy.$Proxy8.isDisplayed(Unknown Source)
	at org.openqa.selenium.support.ui.ExpectedConditions.elementIfVisible(ExpectedConditions.java:302)
	at org.openqa.selenium.support.ui.ExpectedConditions.access$100(ExpectedConditions.java:41)
	at org.openqa.selenium.support.ui.ExpectedConditions$10.apply(ExpectedConditions.java:288)
	at org.openqa.selenium.support.ui.ExpectedConditions$10.apply(ExpectedConditions.java:285)
	at org.openqa.selenium.support.ui.FluentWait.until(FluentWait.java:238)
	... 30 more
Caused by: org.openqa.selenium.NoSuchElementException: Unable to locate element: {&amp;quot;method&amp;quot;:&amp;quot;css selector&amp;quot;,&amp;quot;selector&amp;quot;:&amp;quot;div[class^=&amp;apos;emailformError&amp;apos;]&amp;gt;div[class=&amp;apos;formErrorContent&amp;apos;]&amp;quot;}
For documentation on this error, please visit: http://seleniumhq.org/exceptions/no_such_element.html
Build info: version: &amp;apos;2.52.0&amp;apos;, revision: &amp;apos;4c2593cfc3689a7fcd7be52549167e5ccc93ad28&amp;apos;, time: &amp;apos;2016-02-11 11:22:43&amp;apos;
System info: host: &amp;apos;QA1-PC&amp;apos;, ip: &amp;apos;10.0.1.50&amp;apos;, os.name: &amp;apos;Windows 7&amp;apos;, os.arch: &amp;apos;amd64&amp;apos;, os.version: &amp;apos;6.1&amp;apos;, java.version: &amp;apos;1.7.0_67&amp;apos;
Driver info: driver.version: unknown
	at &amp;lt;anonymous class&amp;gt;.FirefoxDriver.prototype.findElementInternal_(file:///C:/Users/QA1/AppData/Local/Temp/anonymous3384317252492312141webdriver-profile/extensions/fxdriver@googlecode.com/components/driver-component.js:10723)
	at &amp;lt;anonymous class&amp;gt;.fxdriver.Timer.prototype.setTimeout/&amp;lt;.notify(file:///C:/Users/QA1/AppData/Local/Temp/anonymous3384317252492312141webdriver-profile/extensions/fxdriver@googlecode.com/components/driver-component.js:623)
... Removed 31 stack frames&lt;br&gt;&lt;/div&gt;&lt;/div&gt;&lt;/div&gt;&lt;/div&gt;">FAIL</a></td>
</tr>
<tr style="display:none"><td colspan="4"><div><dl class="dl-horizontal"><dt>Class Name</dt><dd>org.fwcms.cdc.privilegeduser.ValidationsTest</dd><dt>Start Time</dt><dd>15:59:37</dd><dt>End Time</dt><dd>16:01:53</dd><dt>Parameter 1</dt><dd>{&quot;contactNumberMinCharData&quot;:&quot;1234&quot;,&quot;invaliedEmailData&quot;:&quot;asdf@&quot;,&quot;fullnameLettersOnlyData&quot;:&quot;a1&quot;,&quot;fullnameMinChardata&quot;:&quot;a&quot;,&quot;fullnameMinCharAndLettersOnlydata&quot;:&quot;1&quot;,&quot;contactNumberMinandNumbersOnlyData&quot;:&quot;asd1&quot;,&quot;contactNumberNumberOnlyData&quot;:&quot;asdfasdf&quot;,&quot;invaliedEmailAndMinCharData&quot;:&quot;ab@&quot;,&quot;addressSpecialCharData&quot;:&quot;Happy@!&quot;}</dd></dl></div></td></tr>
</table></div></div></div><hr/>
</div>
<div class='modal fade bs-modal-lg' id='myModal' tabindex='-1' role='dialog' aria-labelledby='myModalLabel' aria-hidden='true'><div class='modal-dialog modal-lg'><div class='modal-content'><div class='modal-header'><button type='button' class='close' data-dismiss='modal' aria-hidden='true'>&times;</button><h4 class='modal-title' id='myModalLabel'>Error Details</h4></div><div class='modal-body'></div></div></div></div>
</div>
</div>
<script type='text/javascript'>$(document).ready(function() { $('.testNameToolTip').tooltip({html: true});  $('.testDetails').click(function(event){ event.preventDefault();$(this).children('.glyphicon').toggleClass('glyphicon-chevron-down');  $(this).closest('tr').next().toggle();});});</script></body></html>