-------------------------------------------------------------------------------
Test set: TestSuite
-------------------------------------------------------------------------------
Tests run: 16, Failures: 9, Errors: 0, Skipped: 0, Time elapsed: 1,103.581 sec <<< FAILURE! - in TestSuite
rejectUpdatedMCDetailsandVerify(org.fwcms.tc.representative.RejectUpdatedMCDetailsandVerifyTest)  Time elapsed: 70.642 sec  <<< FAILURE!
org.openqa.selenium.TimeoutException: 
Timed out after 60 seconds waiting for visibility of [[FirefoxDriver: firefox on WINDOWS (371fac94-b0da-4431-b0bd-2754221e36b2)] -> css selector: div[class^='statusBar']]
Build info: version: '2.52.0', revision: '4c2593cfc3689a7fcd7be52549167e5ccc93ad28', time: '2016-02-11 11:22:43'
System info: host: 'QA1-PC', ip: '10.0.1.50', os.name: 'Windows 7', os.arch: 'amd64', os.version: '6.1', java.version: '1.7.0_67'
Session ID: 371fac94-b0da-4431-b0bd-2754221e36b2
Driver info: org.openqa.selenium.firefox.FirefoxDriver
Capabilities [{platform=WINDOWS, acceptSslCerts=true, javascriptEnabled=true, cssSelectorsEnabled=true, databaseEnabled=true, browserName=firefox, handlesAlerts=true, nativeEvents=false, webStorageEnabled=true, rotatable=false, locationContextEnabled=true, applicationCacheEnabled=true, takesScreenshot=true, version=46.0}]
	at org.fwcms.tc.representative.RejectUpdatedMCDetailsandVerifyTest.rejectUpdatedMCDetailsandVerify(RejectUpdatedMCDetailsandVerifyTest.java:73)

updateMCDetailsWithoutAndWithSupportingDocs(org.fwcms.tc.representative.UpdateMCDetailsWithoutAndWithSupportingDocsTest)  Time elapsed: 89.658 sec  <<< FAILURE!
org.openqa.selenium.TimeoutException: 
Timed out after 60 seconds waiting for visibility of [[FirefoxDriver: firefox on WINDOWS (812bef0d-55e8-4543-b431-83abb8326c67)] -> css selector: div[class^='statusBar']]
Build info: version: '2.52.0', revision: '4c2593cfc3689a7fcd7be52549167e5ccc93ad28', time: '2016-02-11 11:22:43'
System info: host: 'QA1-PC', ip: '10.0.1.50', os.name: 'Windows 7', os.arch: 'amd64', os.version: '6.1', java.version: '1.7.0_67'
Session ID: 812bef0d-55e8-4543-b431-83abb8326c67
Driver info: org.openqa.selenium.firefox.FirefoxDriver
Capabilities [{platform=WINDOWS, acceptSslCerts=true, javascriptEnabled=true, cssSelectorsEnabled=true, databaseEnabled=true, browserName=firefox, handlesAlerts=true, nativeEvents=false, webStorageEnabled=true, rotatable=false, locationContextEnabled=true, applicationCacheEnabled=true, takesScreenshot=true, version=46.0}]
	at org.fwcms.tc.representative.UpdateMCDetailsWithoutAndWithSupportingDocsTest.updateMCDetailsWithoutAndWithSupportingDocs(UpdateMCDetailsWithoutAndWithSupportingDocsTest.java:83)

addPrivilegeUserValidationsAsSuperUser(org.fwcms.cdc.superuser.ValidationsTest)  Time elapsed: 137.012 sec  <<< FAILURE!
org.openqa.selenium.TimeoutException: 
Timed out after 60 seconds waiting for visibility of Proxy element for: DefaultElementLocator 'By.cssSelector: div[class^='emailformError']>div[class='formErrorContent']'
Build info: version: '2.52.0', revision: '4c2593cfc3689a7fcd7be52549167e5ccc93ad28', time: '2016-02-11 11:22:43'
System info: host: 'QA1-PC', ip: '10.0.1.50', os.name: 'Windows 7', os.arch: 'amd64', os.version: '6.1', java.version: '1.7.0_67'
Session ID: 873a74b3-bf3e-44a4-aaef-58623ae568f3
Driver info: org.openqa.selenium.firefox.FirefoxDriver
Capabilities [{platform=WINDOWS, acceptSslCerts=true, javascriptEnabled=true, cssSelectorsEnabled=true, databaseEnabled=true, browserName=firefox, handlesAlerts=true, nativeEvents=false, webStorageEnabled=true, rotatable=false, locationContextEnabled=true, applicationCacheEnabled=true, takesScreenshot=true, version=46.0}]
	at org.fwcms.cdc.superuser.ValidationsTest.addPrivilegeUserValidationsAsSuperUser(ValidationsTest.java:52)
Caused by: org.openqa.selenium.NoSuchElementException: 
Unable to locate element: {"method":"css selector","selector":"div[class^='emailformError']>div[class='formErrorContent']"}
Command duration or timeout: 60.03 seconds
For documentation on this error, please visit: http://seleniumhq.org/exceptions/no_such_element.html
Build info: version: '2.52.0', revision: '4c2593cfc3689a7fcd7be52549167e5ccc93ad28', time: '2016-02-11 11:22:43'
System info: host: 'QA1-PC', ip: '10.0.1.50', os.name: 'Windows 7', os.arch: 'amd64', os.version: '6.1', java.version: '1.7.0_67'
*** Element info: {Using=css selector, value=div[class^='emailformError']>div[class='formErrorContent']}
Session ID: 873a74b3-bf3e-44a4-aaef-58623ae568f3
Driver info: org.openqa.selenium.firefox.FirefoxDriver
Capabilities [{platform=WINDOWS, acceptSslCerts=true, javascriptEnabled=true, cssSelectorsEnabled=true, databaseEnabled=true, browserName=firefox, handlesAlerts=true, nativeEvents=false, webStorageEnabled=true, rotatable=false, locationContextEnabled=true, applicationCacheEnabled=true, takesScreenshot=true, version=46.0}]
	at org.fwcms.cdc.superuser.ValidationsTest.addPrivilegeUserValidationsAsSuperUser(ValidationsTest.java:52)
Caused by: org.openqa.selenium.NoSuchElementException: 
Unable to locate element: {"method":"css selector","selector":"div[class^='emailformError']>div[class='formErrorContent']"}
For documentation on this error, please visit: http://seleniumhq.org/exceptions/no_such_element.html
Build info: version: '2.52.0', revision: '4c2593cfc3689a7fcd7be52549167e5ccc93ad28', time: '2016-02-11 11:22:43'
System info: host: 'QA1-PC', ip: '10.0.1.50', os.name: 'Windows 7', os.arch: 'amd64', os.version: '6.1', java.version: '1.7.0_67'
Driver info: driver.version: unknown

addUserValidationsAsPrivilegedUser(org.fwcms.cdc.privilegeduser.ValidationsTest)  Time elapsed: 136.397 sec  <<< FAILURE!
org.openqa.selenium.TimeoutException: 
Timed out after 60 seconds waiting for visibility of Proxy element for: DefaultElementLocator 'By.cssSelector: div[class^='emailformError']>div[class='formErrorContent']'
Build info: version: '2.52.0', revision: '4c2593cfc3689a7fcd7be52549167e5ccc93ad28', time: '2016-02-11 11:22:43'
System info: host: 'QA1-PC', ip: '10.0.1.50', os.name: 'Windows 7', os.arch: 'amd64', os.version: '6.1', java.version: '1.7.0_67'
Session ID: 040ef13e-c4a8-43bb-9cea-d03686b0158f
Driver info: org.openqa.selenium.firefox.FirefoxDriver
Capabilities [{platform=WINDOWS, acceptSslCerts=true, javascriptEnabled=true, cssSelectorsEnabled=true, databaseEnabled=true, browserName=firefox, handlesAlerts=true, nativeEvents=false, webStorageEnabled=true, rotatable=false, locationContextEnabled=true, applicationCacheEnabled=true, takesScreenshot=true, version=46.0}]
	at org.fwcms.cdc.privilegeduser.ValidationsTest.addUserValidationsAsPrivilegedUser(ValidationsTest.java:53)
Caused by: org.openqa.selenium.NoSuchElementException: 
Unable to locate element: {"method":"css selector","selector":"div[class^='emailformError']>div[class='formErrorContent']"}
Command duration or timeout: 60.09 seconds
For documentation on this error, please visit: http://seleniumhq.org/exceptions/no_such_element.html
Build info: version: '2.52.0', revision: '4c2593cfc3689a7fcd7be52549167e5ccc93ad28', time: '2016-02-11 11:22:43'
System info: host: 'QA1-PC', ip: '10.0.1.50', os.name: 'Windows 7', os.arch: 'amd64', os.version: '6.1', java.version: '1.7.0_67'
*** Element info: {Using=css selector, value=div[class^='emailformError']>div[class='formErrorContent']}
Session ID: 040ef13e-c4a8-43bb-9cea-d03686b0158f
Driver info: org.openqa.selenium.firefox.FirefoxDriver
Capabilities [{platform=WINDOWS, acceptSslCerts=true, javascriptEnabled=true, cssSelectorsEnabled=true, databaseEnabled=true, browserName=firefox, handlesAlerts=true, nativeEvents=false, webStorageEnabled=true, rotatable=false, locationContextEnabled=true, applicationCacheEnabled=true, takesScreenshot=true, version=46.0}]
	at org.fwcms.cdc.privilegeduser.ValidationsTest.addUserValidationsAsPrivilegedUser(ValidationsTest.java:53)
Caused by: org.openqa.selenium.NoSuchElementException: 
Unable to locate element: {"method":"css selector","selector":"div[class^='emailformError']>div[class='formErrorContent']"}
For documentation on this error, please visit: http://seleniumhq.org/exceptions/no_such_element.html
Build info: version: '2.52.0', revision: '4c2593cfc3689a7fcd7be52549167e5ccc93ad28', time: '2016-02-11 11:22:43'
System info: host: 'QA1-PC', ip: '10.0.1.50', os.name: 'Windows 7', os.arch: 'amd64', os.version: '6.1', java.version: '1.7.0_67'
Driver info: driver.version: unknown

changePasswordAsPrivilegedUser(org.fwcms.cdc.privilegeduser.ChangePasswordTest)  Time elapsed: 60.601 sec  <<< FAILURE!
org.openqa.selenium.TimeoutException: 
Timed out after 60 seconds waiting for com.olo.bot.BrowserBot$10@4fe22deb
Build info: version: '2.52.0', revision: '4c2593cfc3689a7fcd7be52549167e5ccc93ad28', time: '2016-02-11 11:22:43'
System info: host: 'QA1-PC', ip: '10.0.1.50', os.name: 'Windows 7', os.arch: 'amd64', os.version: '6.1', java.version: '1.7.0_67'
Session ID: a809f7b4-38b0-4d4f-a269-f3e17756d793
Driver info: org.openqa.selenium.firefox.FirefoxDriver
Capabilities [{platform=WINDOWS, acceptSslCerts=true, javascriptEnabled=true, cssSelectorsEnabled=true, databaseEnabled=true, browserName=firefox, handlesAlerts=true, nativeEvents=false, webStorageEnabled=true, rotatable=false, locationContextEnabled=true, applicationCacheEnabled=true, takesScreenshot=true, version=46.0}]
	at org.fwcms.cdc.privilegeduser.ChangePasswordTest.changePasswordAsPrivilegedUser(ChangePasswordTest.java:40)

changePasswordAsOperatorUser(org.fwcms.tc.operator.ChangePasswordTest)  Time elapsed: 61.76 sec  <<< FAILURE!
org.openqa.selenium.TimeoutException: 
Timed out after 60 seconds waiting for com.olo.bot.BrowserBot$10@39741f43
Build info: version: '2.52.0', revision: '4c2593cfc3689a7fcd7be52549167e5ccc93ad28', time: '2016-02-11 11:22:43'
System info: host: 'QA1-PC', ip: '10.0.1.50', os.name: 'Windows 7', os.arch: 'amd64', os.version: '6.1', java.version: '1.7.0_67'
Session ID: 194fb094-bf83-4fb1-91b7-16a32bbc002c
Driver info: org.openqa.selenium.firefox.FirefoxDriver
Capabilities [{platform=WINDOWS, acceptSslCerts=true, javascriptEnabled=true, cssSelectorsEnabled=true, databaseEnabled=true, browserName=firefox, handlesAlerts=true, nativeEvents=false, webStorageEnabled=true, rotatable=false, locationContextEnabled=true, applicationCacheEnabled=true, takesScreenshot=true, version=46.0}]
	at org.fwcms.tc.operator.ChangePasswordTest.changePasswordAsOperatorUser(ChangePasswordTest.java:40)

resetPasswordFlowAsRepresentative(org.fwcms.tc.representative.ChangePasswordTest)  Time elapsed: 61.683 sec  <<< FAILURE!
org.openqa.selenium.TimeoutException: 
Timed out after 60 seconds waiting for com.olo.bot.BrowserBot$10@a87f680
Build info: version: '2.52.0', revision: '4c2593cfc3689a7fcd7be52549167e5ccc93ad28', time: '2016-02-11 11:22:43'
System info: host: 'QA1-PC', ip: '10.0.1.50', os.name: 'Windows 7', os.arch: 'amd64', os.version: '6.1', java.version: '1.7.0_67'
Session ID: 7a44bd63-525e-491d-9715-4ee0e0a7f0a7
Driver info: org.openqa.selenium.firefox.FirefoxDriver
Capabilities [{platform=WINDOWS, acceptSslCerts=true, javascriptEnabled=true, cssSelectorsEnabled=true, databaseEnabled=true, browserName=firefox, handlesAlerts=true, nativeEvents=false, webStorageEnabled=true, rotatable=false, locationContextEnabled=true, applicationCacheEnabled=true, takesScreenshot=true, version=46.0}]
	at org.fwcms.tc.representative.ChangePasswordTest.resetPasswordFlowAsRepresentative(ChangePasswordTest.java:47)

addEditDeleteOperatorAsRepresentative(org.fwcms.tc.representative.CrudOperationsOnOperatorTest)  Time elapsed: 61.699 sec  <<< FAILURE!
org.openqa.selenium.NoSuchElementException: 
Unable to locate element: {"method":"link text","selector":"Sign Out"}
Command duration or timeout: 60.13 seconds
For documentation on this error, please visit: http://seleniumhq.org/exceptions/no_such_element.html
Build info: version: '2.52.0', revision: '4c2593cfc3689a7fcd7be52549167e5ccc93ad28', time: '2016-02-11 11:22:43'
System info: host: 'QA1-PC', ip: '10.0.1.50', os.name: 'Windows 7', os.arch: 'amd64', os.version: '6.1', java.version: '1.7.0_67'
*** Element info: {Using=link text, value=Sign Out}
Session ID: ab0ec519-4f3a-4f90-bf3f-16d3e0cc37e1
Driver info: org.openqa.selenium.firefox.FirefoxDriver
Capabilities [{platform=WINDOWS, acceptSslCerts=true, javascriptEnabled=true, cssSelectorsEnabled=true, databaseEnabled=true, browserName=firefox, handlesAlerts=true, nativeEvents=false, webStorageEnabled=true, rotatable=false, locationContextEnabled=true, applicationCacheEnabled=true, takesScreenshot=true, version=46.0}]
	at org.fwcms.tc.representative.CrudOperationsOnOperatorTest.addEditDeleteOperatorAsRepresentative(CrudOperationsOnOperatorTest.java:43)
Caused by: org.openqa.selenium.NoSuchElementException: 
Unable to locate element: {"method":"link text","selector":"Sign Out"}
For documentation on this error, please visit: http://seleniumhq.org/exceptions/no_such_element.html
Build info: version: '2.52.0', revision: '4c2593cfc3689a7fcd7be52549167e5ccc93ad28', time: '2016-02-11 11:22:43'
System info: host: 'QA1-PC', ip: '10.0.1.50', os.name: 'Windows 7', os.arch: 'amd64', os.version: '6.1', java.version: '1.7.0_67'
Driver info: driver.version: unknown

verifyBestInetOperatorAsOnlyPriviligedUser(org.fwcms.cdc.privilegeduser.MultipleRolesTest)  Time elapsed: 84.207 sec  <<< FAILURE!
org.openqa.selenium.TimeoutException: 
Timed out after 60 seconds waiting for com.olo.bot.BrowserBot$10@53edd9ee
Build info: version: '2.52.0', revision: '4c2593cfc3689a7fcd7be52549167e5ccc93ad28', time: '2016-02-11 11:22:43'
System info: host: 'QA1-PC', ip: '10.0.1.50', os.name: 'Windows 7', os.arch: 'amd64', os.version: '6.1', java.version: '1.7.0_67'
Session ID: 4f663681-24da-45b0-877c-4fa40c0763c0
Driver info: org.openqa.selenium.firefox.FirefoxDriver
Capabilities [{platform=WINDOWS, acceptSslCerts=true, javascriptEnabled=true, cssSelectorsEnabled=true, databaseEnabled=true, browserName=firefox, handlesAlerts=true, nativeEvents=false, webStorageEnabled=true, rotatable=false, locationContextEnabled=true, applicationCacheEnabled=true, takesScreenshot=true, version=46.0}]
	at org.fwcms.cdc.privilegeduser.MultipleRolesTest.verifyBestInetOperatorAsOnlyPriviligedUser(MultipleRolesTest.java:109)

