<?xml version="1.0" encoding="UTF-8"?>
<testsuite xmlns:xsi="http://www.w3.org/2001/XMLSchema-instance" xsi:schemaLocation="https://maven.apache.org/surefire/maven-surefire-plugin/xsd/surefire-test-report.xsd" name="TestSuite" time="3,529.109" tests="72" errors="0" skipped="0" failures="3">
  <properties>
    <property name="java.runtime.name" value="Java(TM) SE Runtime Environment"/>
    <property name="sun.boot.library.path" value="C:\Program Files\Java\jdk1.7.0_67\jre\bin"/>
    <property name="java.vm.version" value="24.65-b04"/>
    <property name="java.vm.vendor" value="Oracle Corporation"/>
    <property name="maven.multiModuleProjectDirectory" value="C:\WORKSPACE"/>
    <property name="java.vendor.url" value="http://java.oracle.com/"/>
    <property name="path.separator" value=";"/>
    <property name="guice.disable.misplaced.annotation.check" value="true"/>
    <property name="java.vm.name" value="Java HotSpot(TM) 64-Bit Server VM"/>
    <property name="file.encoding.pkg" value="sun.io"/>
    <property name="user.script" value=""/>
    <property name="user.country" value="MY"/>
    <property name="sun.java.launcher" value="SUN_STANDARD"/>
    <property name="sun.os.patch.level" value="Service Pack 1"/>
    <property name="java.vm.specification.name" value="Java Virtual Machine Specification"/>
    <property name="user.dir" value="C:\WORKSPACE"/>
    <property name="java.runtime.version" value="1.7.0_67-b01"/>
    <property name="java.awt.graphicsenv" value="sun.awt.Win32GraphicsEnvironment"/>
    <property name="java.endorsed.dirs" value="C:\Program Files\Java\jdk1.7.0_67\jre\lib\endorsed"/>
    <property name="os.arch" value="amd64"/>
    <property name="java.io.tmpdir" value="C:\Users\QA1\AppData\Local\Temp\"/>
    <property name="line.separator" value="&#10;"/>
    <property name="java.vm.specification.vendor" value="Oracle Corporation"/>
    <property name="user.variant" value=""/>
    <property name="os.name" value="Windows 7"/>
    <property name="classworlds.conf" value="C:\Maven\apache-maven-3.3.9\bin\m2.conf"/>
    <property name="sun.jnu.encoding" value="Cp1252"/>
    <property name="java.library.path" value="C:\Program Files\Java\jdk1.7.0_67\bin;C:\Windows\Sun\Java\bin;C:\Windows\system32;C:\Windows;C:\Program Files (x86)\Intel\iCLS Client\;C:\Program Files\Intel\iCLS Client\;C:\Windows\system32;C:\Windows;C:\Windows\System32\Wbem;C:\Windows\System32\WindowsPowerShell\v1.0\;C:\Program Files (x86)\Intel\Intel(R) Management Engine Components\DAL;C:\Program Files\Intel\Intel(R) Management Engine Components\DAL;C:\Program Files (x86)\Intel\Intel(R) Management Engine Components\IPT;C:\Program Files\Intel\Intel(R) Management Engine Components\IPT;C:\Program Files (x86)\Skype\Phone\;C:\Maven\apache-maven-3.3.9\bin;."/>
    <property name="java.specification.name" value="Java Platform API Specification"/>
    <property name="java.class.version" value="51.0"/>
    <property name="sun.management.compiler" value="HotSpot 64-Bit Tiered Compilers"/>
    <property name="os.version" value="6.1"/>
    <property name="user.home" value="C:\Users\QA1"/>
    <property name="user.timezone" value="Asia/Singapore"/>
    <property name="java.awt.printerjob" value="sun.awt.windows.WPrinterJob"/>
    <property name="java.specification.version" value="1.7"/>
    <property name="file.encoding" value="Cp1252"/>
    <property name="user.name" value="QA1"/>
    <property name="java.class.path" value="C:\Maven\apache-maven-3.3.9\boot\plexus-classworlds-2.5.2.jar"/>
    <property name="java.vm.specification.version" value="1.7"/>
    <property name="sun.arch.data.model" value="64"/>
    <property name="java.home" value="C:\Program Files\Java\jdk1.7.0_67\jre"/>
    <property name="sun.java.command" value="org.codehaus.plexus.classworlds.launcher.Launcher -f C:\WORKSPACE\FwCmscode\pom.xml clean install -U"/>
    <property name="java.specification.vendor" value="Oracle Corporation"/>
    <property name="user.language" value="en"/>
    <property name="awt.toolkit" value="sun.awt.windows.WToolkit"/>
    <property name="java.vm.info" value="mixed mode"/>
    <property name="java.version" value="1.7.0_67"/>
    <property name="java.ext.dirs" value="C:\Program Files\Java\jdk1.7.0_67\jre\lib\ext;C:\Windows\Sun\Java\lib\ext"/>
    <property name="sun.boot.class.path" value="C:\Program Files\Java\jdk1.7.0_67\jre\lib\resources.jar;C:\Program Files\Java\jdk1.7.0_67\jre\lib\rt.jar;C:\Program Files\Java\jdk1.7.0_67\jre\lib\sunrsasign.jar;C:\Program Files\Java\jdk1.7.0_67\jre\lib\jsse.jar;C:\Program Files\Java\jdk1.7.0_67\jre\lib\jce.jar;C:\Program Files\Java\jdk1.7.0_67\jre\lib\charsets.jar;C:\Program Files\Java\jdk1.7.0_67\jre\lib\jfr.jar;C:\Program Files\Java\jdk1.7.0_67\jre\classes"/>
    <property name="java.vendor" value="Oracle Corporation"/>
    <property name="maven.home" value="C:\Maven\apache-maven-3.3.9"/>
    <property name="file.separator" value="\"/>
    <property name="java.vendor.url.bug" value="http://bugreport.sun.com/bugreport/"/>
    <property name="sun.cpu.endian" value="little"/>
    <property name="sun.io.unicode.encoding" value="UnicodeLittle"/>
    <property name="sun.desktop" value="windows"/>
    <property name="sun.cpu.isalist" value="amd64"/>
  </properties>
  <testcase name="createPriviligedUserAsSuperUser" classname="newdb.step1.CreatePriviligeUserAsSuperUser" time="7.74"/>
  <testcase name="retrivePrivilegedUserUserNamePassword" classname="newdb.step1.RetrieveBestinetPrivilegedUserUserNamePasswordFromGmail" time="15.628"/>
  <testcase name="changePasswordAsNewPrivilegedUser" classname="org.fwcms.cdc.privilegeduser.ChangePasswordFirstTimeLoginTest" time="9.001"/>
  <testcase name="createBestinetOperatorUserAsPrivilegedUser" classname="newdb.step2.CreateBestInetOperatorUserAsPrivilegedUser" time="7.266"/>
  <testcase name="retriveOperatorUserUserNamePassword" classname="newdb.step2.RetrieveBestinetOperatorUserUserNamePasswordFromGmail" time="58.11"/>
  <testcase name="changePasswordAsOperatorUser" classname="org.fwcms.tc.operator.ChangePasswordFirstTimeLoginTest" time="9.381"/>
  <testcase name="createMcRegistrationThenMakeToActive" classname="newdb.step2.CreateMedicalCenterThenMakeToActiveStateTest" time="154.963"/>
  <testcase name="retriveMCRepUserNamePassword" classname="newdb.step2.RetrieveMedicalCenterRepresentativeUserNamePasswordFromGmail" time="105.303"/>
  <testcase name="retriveMCRepUserNamePassword" classname="newdb.step2.RetrieveMedicalCenterRepresentativeUserNamePasswordFromGmail" time="105.491"/>
  <testcase name="resetPasswordFlowAsFirstTimeRepresentative" classname="org.fwcms.tc.representative.ChangePasswordFirstTimeLoginTest" time="21.692"/>
  <testcase name="addOperatorAsRepresentative" classname="newdb.step3.CreateMcOperatorAsMcRepresentativeTest" time="10.967"/>
  <testcase name="retriveMCOperatorUserNamePassword" classname="newdb.step3.RetrieveMedicalCenterOperatorUserNamePasswordFromGmail" time="46.721"/>
  <testcase name="MedicalCenterUploadButtonFunctionality" classname="org.fwcms.tc.mcRegistration.MedicalCenterUploadButtonFunctionalityTest" time="74.551"/>
  <testcase name="MedicalCenterVerifyBothOwnerDetailsandValidEmailAddress" classname="org.fwcms.tc.mcRegistration.MedicalCenterVerifyBothOwnerDetailsandValidEmailAddressTest" time="65.075"/>
  <testcase name="MedicalCenterPartialEntryof2ndRepresentativeDetails" classname="org.fwcms.tc.mcRegistration.MedicalCenterPartialEntryof2ndRepresentativeDetailsTest" time="99.433"/>
  <testcase name="medicalCenterValidateDuplicateCheckOnDocterNameAndID" classname="org.fwcms.tc.mcRegistration.MedicalCenterValidateDuplicateCheckOnDocterNameAndIDTest" time="31.812"/>
  <testcase name="medicalCenterVerifyAccessToPreviouslySavedApplication" classname="org.fwcms.tc.mcRegistration.MedicalCenterVerifyAccessToPreviouslySavedApplicationTest" time="16.354"/>
  <testcase name="medicalCenterVerifyAddingDeletingEditingDocterDetailsTest" classname="org.fwcms.tc.mcRegistration.MedicalCenterVerifyAddingDeletingEditingDocterDetailsTest" time="18.988"/>
  <testcase name="medicalCenterVerifyAppearenceOfAdditionalButtonsOnclickingDoctorList" classname="org.fwcms.tc.mcRegistration.MedicalCenterVerifyAppearenceOfAdditionalButtonsOnclickingDoctorListTest" time="26.051"/>
  <testcase name="medicalCenterNextAndPreviousButtonFunctionality" classname="org.fwcms.tc.mcRegistration.MedicalCenterNextAndPreviousButtonFunctionalityTest" time="2.213"/>
  <testcase name="medicalCenterVerifyNavigationAmongDifferentTabs" classname="org.fwcms.tc.mcRegistration.MedicalCenterNextAndPreviousButtonFunctionalityTest" time="4.791"/>
  <testcase name="medicalCenterVerifyDisplayOfDocumentSizeInAttachDocumentAndDeleting" classname="org.fwcms.tc.mcRegistration.MedicalCenterVerifyDisplayOfDocumentSizeInAttachDocumentAndDeletingTest" time="44.918"/>
  <testcase name="VerifyMCInActiveStatusCanBeUpdated" classname="org.fwcms.tc.representative.VerifyMCInActiveStatusCanBeUpdatedTest" time="7.349"/>
  <testcase name="VerifyMaxcountAndMinCountofDoctors" classname="org.fwcms.tc.representative.VerifyCountofEachMemberInUpdateMCTest" time="42.935"/>
  <testcase name="VerifyReplacementofOwner" classname="org.fwcms.tc.representative.VerifyCountofEachMemberInUpdateMCTest" time="6.395"/>
  <testcase name="verifyDeletingASingleRepAndDeletingBothReps" classname="org.fwcms.tc.representative.VerifyCountofEachMemberInUpdateMCTest" time="4.55"/>
  <testcase name="rejectUpdatedMCDetailsandVerify" classname="org.fwcms.tc.representative.RejectUpdatedMCDetailsandVerifyTest" time="67.809"/>
  <testcase name="updateMCDetailsWithoutAndWithSupportingDocs" classname="org.fwcms.tc.representative.UpdateMCDetailsWithoutAndWithSupportingDocsTest" time="69.196"/>
  <testcase name="verifyEmployerRegistration" classname="org.fwcms.cdc.employerManagement.VerifyEmployerRegistrationTest" time="67.722"/>
  <testcase name="changePasswordAsEmployer" classname="org.fwcms.cdc.employerManagement.ChangePasswordTest" time="9.782"/>
  <testcase name="loginAsEmployerAndVerifyPICDetialsTest" classname="org.fwcms.cdc.employerManagement.LoginAsEmployerAndVerifyPICDetials" time="121.07">
    <failure message="Unable to locate element: {&quot;method&quot;:&quot;css selector&quot;,&quot;selector&quot;:&quot;div[class=&apos;pageHeading&apos;]&gt;span&quot;}&#10;Command duration or timeout: 60.10 seconds&#10;For documentation on this error, please visit: http://seleniumhq.org/exceptions/no_such_element.html&#10;Build info: version: &apos;2.52.0&apos;, revision: &apos;4c2593cfc3689a7fcd7be52549167e5ccc93ad28&apos;, time: &apos;2016-02-11 11:22:43&apos;&#10;System info: host: &apos;QA1-PC&apos;, ip: &apos;10.0.1.50&apos;, os.name: &apos;Windows 7&apos;, os.arch: &apos;amd64&apos;, os.version: &apos;6.1&apos;, java.version: &apos;1.7.0_67&apos;&#10;*** Element info: {Using=css selector, value=div[class=&apos;pageHeading&apos;]&gt;span}&#10;Session ID: e6e2154b-b8ab-4b29-ae70-5dd008ec3420&#10;Driver info: org.openqa.selenium.firefox.FirefoxDriver&#10;Capabilities [{platform=WINDOWS, acceptSslCerts=true, javascriptEnabled=true, cssSelectorsEnabled=true, databaseEnabled=true, browserName=firefox, handlesAlerts=true, nativeEvents=false, webStorageEnabled=true, rotatable=false, locationContextEnabled=true, applicationCacheEnabled=true, takesScreenshot=true, version=46.0}]" type="org.openqa.selenium.NoSuchElementException">org.openqa.selenium.NoSuchElementException: 
Unable to locate element: {"method":"css selector","selector":"div[class='pageHeading']>span"}
Command duration or timeout: 60.10 seconds
For documentation on this error, please visit: http://seleniumhq.org/exceptions/no_such_element.html
Build info: version: '2.52.0', revision: '4c2593cfc3689a7fcd7be52549167e5ccc93ad28', time: '2016-02-11 11:22:43'
System info: host: 'QA1-PC', ip: '10.0.1.50', os.name: 'Windows 7', os.arch: 'amd64', os.version: '6.1', java.version: '1.7.0_67'
*** Element info: {Using=css selector, value=div[class='pageHeading']>span}
Session ID: e6e2154b-b8ab-4b29-ae70-5dd008ec3420
Driver info: org.openqa.selenium.firefox.FirefoxDriver
Capabilities [{platform=WINDOWS, acceptSslCerts=true, javascriptEnabled=true, cssSelectorsEnabled=true, databaseEnabled=true, browserName=firefox, handlesAlerts=true, nativeEvents=false, webStorageEnabled=true, rotatable=false, locationContextEnabled=true, applicationCacheEnabled=true, takesScreenshot=true, version=46.0}]
	at org.fwcms.cdc.employerManagement.LoginAsEmployerAndVerifyPICDetials.loginAsEmployerAndVerifyPICDetialsTest(LoginAsEmployerAndVerifyPICDetials.java:34)
Caused by: org.openqa.selenium.NoSuchElementException: 
Unable to locate element: {"method":"css selector","selector":"div[class='pageHeading']>span"}
For documentation on this error, please visit: http://seleniumhq.org/exceptions/no_such_element.html
Build info: version: '2.52.0', revision: '4c2593cfc3689a7fcd7be52549167e5ccc93ad28', time: '2016-02-11 11:22:43'
System info: host: 'QA1-PC', ip: '10.0.1.50', os.name: 'Windows 7', os.arch: 'amd64', os.version: '6.1', java.version: '1.7.0_67'
Driver info: driver.version: unknown
</failure>
    <system-out><![CDATA[18-01-2017 17:29:35,406 [main] INFO [olo.initiator.DriverConfiguration]  - Trying to Stop WebDriver
18-01-2017 17:29:35,670 [main] INFO [olo.initiator.DriverConfiguration]  - WebDriver Stopped
18-01-2017 17:29:40,025 [main] INFO [olo.initiator.DriverConfiguration]  - Setting pageLoadTimeout to 60 seconds
18-01-2017 17:29:40,130 [main] INFO [olo.initiator.DriverConfiguration]  - Setting implicitlyWait to 60 seconds
18-01-2017 17:29:40,143 [main] INFO [olo.initiator.DriverConfiguration]  - Trying to maximize and focus the window
18-01-2017 17:29:40,169 [main] INFO [olo.initiator.DriverConfiguration]  - setting up browser preferences completed
18-01-2017 17:29:40,169 [main] INFO [olo.initiator.InitiatorUtil]  - Trying to open url https://fw5.fwcms.com.my/cdc
18-01-2017 17:29:40,824 [main] INFO [olo.initiator.InitiatorUtil]  - current url is https://fwsso5.fwcms.com.my/login?service=https%3a%2f%2ffw5.fwcms.com.my%2fcdc%2f
18-01-2017 17:29:40,825 [main] INFO [pages.cdc.LoginPage]  - typing username 'auremp20'
18-01-2017 17:29:41,163 [main] INFO [pages.cdc.LoginPage]  - typing password 'Test123!@'
18-01-2017 17:29:41,230 [main] INFO [pages.cdc.LoginPage]  - clicking login button
18-01-2017 17:29:41,562 [main] INFO [olo.listeners.InvokedMethodListener]  - Test execution started : loginAsEmployerAndVerifyPICDetialsTest
18-01-2017 17:30:42,504 [main] ERROR [olo.bot.BrowserBot]  - Verification Error : java.lang.AssertionError: expected [true] but found [false]
	at org.testng.Assert.fail(Assert.java:94)
	at org.testng.Assert.failNotEquals(Assert.java:496)
	at org.testng.Assert.assertTrue(Assert.java:42)
	at org.testng.Assert.assertTrue(Assert.java:52)
	at com.olo.bot.BrowserBot.assertElementPresent(BrowserBot.java:438)
	at com.olo.bot.BrowserBot.verifyElementPresent(BrowserBot.java:443)
	at org.fwcms.pages.cdc.employer.HomePage.VerifyHeader(HomePage.java:145)
	at org.fwcms.cdc.employerManagement.LoginAsEmployerAndVerifyPICDetials.loginAsEmployerAndVerifyPICDetialsTest(LoginAsEmployerAndVerifyPICDetials.java:34)
	at sun.reflect.NativeMethodAccessorImpl.invoke0(Native Method)
	at sun.reflect.NativeMethodAccessorImpl.invoke(NativeMethodAccessorImpl.java:57)
	at sun.reflect.DelegatingMethodAccessorImpl.invoke(DelegatingMethodAccessorImpl.java:43)
	at java.lang.reflect.Method.invoke(Method.java:606)
	at org.testng.internal.MethodInvocationHelper.invokeMethod(MethodInvocationHelper.java:85)
	at org.testng.internal.Invoker.invokeMethod(Invoker.java:639)
	at org.testng.internal.Invoker.invokeTestMethod(Invoker.java:816)
	at org.testng.internal.Invoker.invokeTestMethods(Invoker.java:1124)
	at org.testng.internal.TestMethodWorker.invokeTestMethods(TestMethodWorker.java:125)
	at org.testng.internal.TestMethodWorker.run(TestMethodWorker.java:108)
	at org.testng.TestRunner.privateRun(TestRunner.java:774)
	at org.testng.TestRunner.run(TestRunner.java:624)
	at org.testng.SuiteRunner.runTest(SuiteRunner.java:359)
	at org.testng.SuiteRunner.runSequentially(SuiteRunner.java:354)
	at org.testng.SuiteRunner.privateRun(SuiteRunner.java:312)
	at org.testng.SuiteRunner.run(SuiteRunner.java:261)
	at org.testng.SuiteRunnerWorker.runSuite(SuiteRunnerWorker.java:52)
	at org.testng.SuiteRunnerWorker.run(SuiteRunnerWorker.java:86)
	at org.testng.TestNG.runSuitesSequentially(TestNG.java:1191)
	at org.testng.TestNG.runSuitesLocally(TestNG.java:1116)
	at org.testng.TestNG.run(TestNG.java:1024)
	at org.apache.maven.surefire.testng.TestNGExecutor.run(TestNGExecutor.java:281)
	at org.apache.maven.surefire.testng.TestNGXmlTestSuite.execute(TestNGXmlTestSuite.java:75)
	at org.apache.maven.surefire.testng.TestNGProvider.invoke(TestNGProvider.java:121)
	at org.apache.maven.surefire.booter.ForkedBooter.invokeProviderInSameClassLoader(ForkedBooter.java:290)
	at org.apache.maven.surefire.booter.ForkedBooter.runSuitesInProcess(ForkedBooter.java:242)
	at org.apache.maven.surefire.booter.ForkedBooter.main(ForkedBooter.java:121)

18-01-2017 17:31:42,608 [main] INFO [olo.listeners.InvokedMethodListener]  - Test execution completed : loginAsEmployerAndVerifyPICDetialsTest
18-01-2017 17:31:42,608 [main] INFO [olo.listeners.InvokedMethodListener]  - Test status : loginAsEmployerAndVerifyPICDetialsTest : FAIL
]]></system-out>
  </testcase>
  <testcase name="metaDataConfiguration" classname="org.fwcms.cdc.superuser.MetaDataConfigurationTest" time="42.608"/>
  <testcase name="verifyElementsInUserDetailsAsSuperUser" classname="org.fwcms.cdc.superuser.VerifyElementsPresentTest" time="3.152"/>
  <testcase name="verifyElementsInUserDetailsAsPrivilegedUser" classname="org.fwcms.cdc.privilegeduser.VerifyElementsPresentTest" time="2.89"/>
  <testcase name="addPrivilegeUserValidationsAsSuperUser" classname="org.fwcms.cdc.superuser.ValidationsTest" time="29.024"/>
  <testcase name="addUserValidationsAsPrivilegedUser" classname="org.fwcms.cdc.privilegeduser.ValidationsTest" time="28.556"/>
  <testcase name="changePasswordFormValidationsAsPrivilegedUser" classname="org.fwcms.cdc.privilegeduser.ChangeAndForgotPasswordValidationsTest" time="67.912"/>
  <testcase name="forgotPasswordFormValidationsAsPrivilegedUser" classname="org.fwcms.cdc.privilegeduser.ChangeAndForgotPasswordValidationsTest" time="30.772"/>
  <testcase name="addEditDeletePrivilegedUserAsSuperUser" classname="org.fwcms.cdc.superuser.CrudOperationsTest" time="26.706"/>
  <testcase name="addEditDeleteOperatorUserAsPrivilegedUser" classname="org.fwcms.cdc.privilegeduser.CrudOperationsTest" time="25.631"/>
  <testcase name="searchFunctionalityAsSuperUser" classname="org.fwcms.cdc.superuser.SearchFunctionalityTest" time="13.872"/>
  <testcase name="searchFunctionalityAsPrivilegedUser" classname="org.fwcms.cdc.privilegeduser.SearchFunctionalityTest" time="12.529"/>
  <testcase name="changePasswordAsPrivilegedUser" classname="org.fwcms.cdc.privilegeduser.ChangePasswordTest" time="8.633"/>
  <testcase name="forgotPasswordAsPrivilegedUser" classname="org.fwcms.cdc.privilegeduser.ForgotPasswordTest" time="5.022"/>
  <testcase name="changePasswordAsOperatorUser" classname="org.fwcms.tc.operator.ChangePasswordTest" time="10.264"/>
  <testcase name="forgotPasswordAsOperatorUser" classname="org.fwcms.tc.operator.ForgotPasswordTest" time="2.038"/>
  <testcase name="resetPasswordFlowAsRepresentative" classname="org.fwcms.tc.representative.ChangePasswordTest" time="16.064"/>
  <testcase name="verifyAndValidateForgotPasswordPage" classname="org.fwcms.tc.representative.VerificationsAndValidationsTest" time="34.881"/>
  <testcase name="verifyElementsInLoginPage" classname="org.fwcms.tc.representative.VerificationsAndValidationsTest" time="0.146"/>
  <testcase name="addEditDeleteOperatorAsRepresentative" classname="org.fwcms.tc.representative.CrudOperationsOnOperatorTest" time="32.969"/>
  <testcase name="searchForMedicalCenterAsOperatorUser" classname="org.fwcms.tc.operator.SearchForMedicalCenterTest" time="8.417"/>
  <testcase name="searchForMedicalCenterAsPrivilegedUser" classname="org.fwcms.tc.privilegeduser.SearchForMedicalCenterTest" time="9.269"/>
  <testcase name="verifyErrorMessageWhenIrrelevantSearchIsPerformed" classname="org.fwcms.tc.operator.VerifyErrorMessageWhenIrrelevantSearchIsPerformedTest" time="6.53"/>
  <testcase name="verifyErrorMessageWhenIrrelevantSearchIsPerformed" classname="org.fwcms.tc.privilegeduser.VerifyErrorMessageWhenIrrelevantSearchIsPerformedTest" time="6.365"/>
  <testcase name="SearchMCByCountryAndByStatus" classname="org.fwcms.tc.operator.SearchMCByCountryAndByStatusTest" time="3.152"/>
  <testcase name="verifyingFunctionalityOfVerifyButtonWithoutVerifying" classname="org.fwcms.tc.operator.VerifyingFunctionalityOfVerifyButtonWithoutVerifyingTest" time="96.586"/>
  <testcase name="verifyingRegisteredMCForPreviouslySavedApplication" classname="org.fwcms.tc.operator.VerifyingRegisteredMCForPreviouslySavedApplicationTest" time="96.45"/>
  <testcase name="verifyRejectMCFunctionality" classname="org.fwcms.tc.operator.VerifyRejectMCFunctionalityTest" time="76.808"/>
  <testcase name="verifyingRegisteredMCUnderPendingVerificationAsOperator" classname="org.fwcms.tc.operator.VerifyingRegisteredMCUnderPendingVerificationTest" time="110.013"/>
  <testcase name="verifyingRegisteredMCUnderPendingVerificationAsPrevilegedUser" classname="org.fwcms.tc.privilegeduser.VerifyingRegisteredMCUnderPendingVerificationTest" time="88.962"/>
  <testcase name="makePaymentByDraftForMCUnderPendingPaymentStatus" classname="org.fwcms.tc.operator.MakePaymentByDraftForMCUnderPendingPaymentTest" time="82.801"/>
  <testcase name="makePaymentByOnlineForMCUnderPendingPaymentStatus" classname="org.fwcms.tc.operator.MakePaymentByOnlineForMCUnderPaymentPendingTest" time="106.587"/>
  <testcase name="rejectMCFuntionalityTestAsPrivilegedUser" classname="org.fwcms.tc.privilegeduser.RejectMCFuntionalityTest" time="88.396"/>
  <testcase name="approveMCUnderPendingApprovalByPrivilegedUser" classname="org.fwcms.tc.privilegeduser.ApproveMCUnderPendingApprovalTest" time="109.428"/>
  <testcase name="verifyEditFunctionalityOfCreditLimit" classname="org.fwcms.tc.privilegeduser.VerifyEditFunctionalityOfCreditLimitTest" time="6.393"/>
  <testcase name="assignAndRevokeBestInetOperatorRole" classname="org.fwcms.cdc.superuser.MultipleRolesTest" time="24.131"/>
  <testcase name="assignAndRevokeBestInetOperatorRoleAsBestInetPrivilegedUser" classname="org.fwcms.cdc.privilegeduser.MultipleRolesTest" time="60.039">
    <failure message="Unable to locate element: {&quot;method&quot;:&quot;id&quot;,&quot;selector&quot;:&quot;username&quot;}&#10;Command duration or timeout: 60.03 seconds&#10;For documentation on this error, please visit: http://seleniumhq.org/exceptions/no_such_element.html&#10;Build info: version: &apos;2.52.0&apos;, revision: &apos;4c2593cfc3689a7fcd7be52549167e5ccc93ad28&apos;, time: &apos;2016-02-11 11:22:43&apos;&#10;System info: host: &apos;QA1-PC&apos;, ip: &apos;10.0.1.50&apos;, os.name: &apos;Windows 7&apos;, os.arch: &apos;amd64&apos;, os.version: &apos;6.1&apos;, java.version: &apos;1.7.0_67&apos;&#10;*** Element info: {Using=id, value=username}&#10;Session ID: dedf77c0-af2b-4ca0-ba55-1f2db224824e&#10;Driver info: org.openqa.selenium.firefox.FirefoxDriver&#10;Capabilities [{platform=WINDOWS, acceptSslCerts=true, javascriptEnabled=true, cssSelectorsEnabled=true, databaseEnabled=true, browserName=firefox, handlesAlerts=true, nativeEvents=false, webStorageEnabled=true, rotatable=false, locationContextEnabled=true, applicationCacheEnabled=true, takesScreenshot=true, version=46.0}]" type="org.openqa.selenium.NoSuchElementException">org.openqa.selenium.NoSuchElementException: 
Unable to locate element: {"method":"id","selector":"username"}
Command duration or timeout: 60.03 seconds
For documentation on this error, please visit: http://seleniumhq.org/exceptions/no_such_element.html
Build info: version: '2.52.0', revision: '4c2593cfc3689a7fcd7be52549167e5ccc93ad28', time: '2016-02-11 11:22:43'
System info: host: 'QA1-PC', ip: '10.0.1.50', os.name: 'Windows 7', os.arch: 'amd64', os.version: '6.1', java.version: '1.7.0_67'
*** Element info: {Using=id, value=username}
Session ID: dedf77c0-af2b-4ca0-ba55-1f2db224824e
Driver info: org.openqa.selenium.firefox.FirefoxDriver
Capabilities [{platform=WINDOWS, acceptSslCerts=true, javascriptEnabled=true, cssSelectorsEnabled=true, databaseEnabled=true, browserName=firefox, handlesAlerts=true, nativeEvents=false, webStorageEnabled=true, rotatable=false, locationContextEnabled=true, applicationCacheEnabled=true, takesScreenshot=true, version=46.0}]
	at org.fwcms.cdc.privilegeduser.MultipleRolesTest.assignAndRevokeBestInetOperatorRoleAsBestInetPrivilegedUser(MultipleRolesTest.java:325)
Caused by: org.openqa.selenium.NoSuchElementException: 
Unable to locate element: {"method":"id","selector":"username"}
For documentation on this error, please visit: http://seleniumhq.org/exceptions/no_such_element.html
Build info: version: '2.52.0', revision: '4c2593cfc3689a7fcd7be52549167e5ccc93ad28', time: '2016-02-11 11:22:43'
System info: host: 'QA1-PC', ip: '10.0.1.50', os.name: 'Windows 7', os.arch: 'amd64', os.version: '6.1', java.version: '1.7.0_67'
Driver info: driver.version: unknown
</failure>
    <system-out><![CDATA[18-01-2017 17:59:29,680 [main] INFO [olo.initiator.DriverConfiguration]  - Trying to Stop WebDriver
18-01-2017 17:59:29,924 [main] INFO [olo.initiator.DriverConfiguration]  - WebDriver Stopped
18-01-2017 17:59:34,522 [main] INFO [olo.initiator.DriverConfiguration]  - Setting pageLoadTimeout to 60 seconds
18-01-2017 17:59:34,534 [main] INFO [olo.initiator.DriverConfiguration]  - Setting implicitlyWait to 60 seconds
18-01-2017 17:59:34,552 [main] INFO [olo.initiator.DriverConfiguration]  - Trying to maximize and focus the window
18-01-2017 17:59:34,575 [main] INFO [olo.initiator.DriverConfiguration]  - setting up browser preferences completed
18-01-2017 17:59:34,575 [main] INFO [olo.initiator.InitiatorUtil]  - Trying to open url https://fw5.fwcms.com.my/cdc
18-01-2017 17:59:35,039 [main] INFO [olo.initiator.InitiatorUtil]  - current url is https://fw5.fwcms.com.my/cdc
18-01-2017 17:59:35,039 [main] INFO [olo.listeners.InvokedMethodListener]  - Test execution started : assignAndRevokeBestInetOperatorRoleAsBestInetPrivilegedUser
18-01-2017 17:59:35,040 [main] INFO [pages.cdc.LoginPage]  - typing username 'superuser'
18-01-2017 18:00:35,075 [main] INFO [olo.listeners.InvokedMethodListener]  - Test execution completed : assignAndRevokeBestInetOperatorRoleAsBestInetPrivilegedUser
18-01-2017 18:00:35,075 [main] INFO [olo.listeners.InvokedMethodListener]  - Test status : assignAndRevokeBestInetOperatorRoleAsBestInetPrivilegedUser : FAIL
]]></system-out>
  </testcase>
  <testcase name="assignAndRevokeBestInetPrivilegedUserRole" classname="org.fwcms.cdc.privilegeduser.MultipleRolesTest" time="60.086">
    <failure message="Unable to locate element: {&quot;method&quot;:&quot;id&quot;,&quot;selector&quot;:&quot;username&quot;}&#10;Command duration or timeout: 60.08 seconds&#10;For documentation on this error, please visit: http://seleniumhq.org/exceptions/no_such_element.html&#10;Build info: version: &apos;2.52.0&apos;, revision: &apos;4c2593cfc3689a7fcd7be52549167e5ccc93ad28&apos;, time: &apos;2016-02-11 11:22:43&apos;&#10;System info: host: &apos;QA1-PC&apos;, ip: &apos;10.0.1.50&apos;, os.name: &apos;Windows 7&apos;, os.arch: &apos;amd64&apos;, os.version: &apos;6.1&apos;, java.version: &apos;1.7.0_67&apos;&#10;*** Element info: {Using=id, value=username}&#10;Session ID: 1327e9ca-b96c-470e-8feb-7d497cb2f82b&#10;Driver info: org.openqa.selenium.firefox.FirefoxDriver&#10;Capabilities [{platform=WINDOWS, acceptSslCerts=true, javascriptEnabled=true, cssSelectorsEnabled=true, databaseEnabled=true, browserName=firefox, handlesAlerts=true, nativeEvents=false, webStorageEnabled=true, rotatable=false, locationContextEnabled=true, applicationCacheEnabled=true, takesScreenshot=true, version=46.0}]" type="org.openqa.selenium.NoSuchElementException">org.openqa.selenium.NoSuchElementException: 
Unable to locate element: {"method":"id","selector":"username"}
Command duration or timeout: 60.08 seconds
For documentation on this error, please visit: http://seleniumhq.org/exceptions/no_such_element.html
Build info: version: '2.52.0', revision: '4c2593cfc3689a7fcd7be52549167e5ccc93ad28', time: '2016-02-11 11:22:43'
System info: host: 'QA1-PC', ip: '10.0.1.50', os.name: 'Windows 7', os.arch: 'amd64', os.version: '6.1', java.version: '1.7.0_67'
*** Element info: {Using=id, value=username}
Session ID: 1327e9ca-b96c-470e-8feb-7d497cb2f82b
Driver info: org.openqa.selenium.firefox.FirefoxDriver
Capabilities [{platform=WINDOWS, acceptSslCerts=true, javascriptEnabled=true, cssSelectorsEnabled=true, databaseEnabled=true, browserName=firefox, handlesAlerts=true, nativeEvents=false, webStorageEnabled=true, rotatable=false, locationContextEnabled=true, applicationCacheEnabled=true, takesScreenshot=true, version=46.0}]
	at org.fwcms.cdc.privilegeduser.MultipleRolesTest.assignAndRevokeBestInetPrivilegedUserRole(MultipleRolesTest.java:48)
Caused by: org.openqa.selenium.NoSuchElementException: 
Unable to locate element: {"method":"id","selector":"username"}
For documentation on this error, please visit: http://seleniumhq.org/exceptions/no_such_element.html
Build info: version: '2.52.0', revision: '4c2593cfc3689a7fcd7be52549167e5ccc93ad28', time: '2016-02-11 11:22:43'
System info: host: 'QA1-PC', ip: '10.0.1.50', os.name: 'Windows 7', os.arch: 'amd64', os.version: '6.1', java.version: '1.7.0_67'
Driver info: driver.version: unknown
</failure>
    <system-out><![CDATA[18-01-2017 18:00:35,174 [main] INFO [olo.initiator.DriverConfiguration]  - Trying to Stop WebDriver
18-01-2017 18:00:35,341 [main] INFO [olo.initiator.DriverConfiguration]  - WebDriver Stopped
18-01-2017 18:00:40,519 [main] INFO [olo.initiator.DriverConfiguration]  - Setting pageLoadTimeout to 60 seconds
18-01-2017 18:00:40,680 [main] INFO [olo.initiator.DriverConfiguration]  - Setting implicitlyWait to 60 seconds
18-01-2017 18:00:40,698 [main] INFO [olo.initiator.DriverConfiguration]  - Trying to maximize and focus the window
18-01-2017 18:00:40,878 [main] INFO [olo.initiator.DriverConfiguration]  - setting up browser preferences completed
18-01-2017 18:00:40,879 [main] INFO [olo.initiator.InitiatorUtil]  - Trying to open url https://fw5.fwcms.com.my/cdc
18-01-2017 18:00:41,070 [main] INFO [olo.initiator.InitiatorUtil]  - current url is https://fw5.fwcms.com.my/cdc
18-01-2017 18:00:41,070 [main] INFO [olo.listeners.InvokedMethodListener]  - Test execution started : assignAndRevokeBestInetPrivilegedUserRole
18-01-2017 18:00:41,071 [main] INFO [pages.cdc.LoginPage]  - typing username 'testpr54'
18-01-2017 18:01:41,155 [main] INFO [olo.listeners.InvokedMethodListener]  - Test execution completed : assignAndRevokeBestInetPrivilegedUserRole
18-01-2017 18:01:41,156 [main] INFO [olo.listeners.InvokedMethodListener]  - Test status : assignAndRevokeBestInetPrivilegedUserRole : FAIL
]]></system-out>
  </testcase>
  <testcase name="verifyBestInetOperatorAsOnlyPriviligedUser" classname="org.fwcms.cdc.privilegeduser.MultipleRolesTest" time="116.215"/>
  <testcase name="verifyBestInetPriviligedUserAsOnlyOperator" classname="org.fwcms.cdc.privilegeduser.MultipleRolesTest" time="118.361"/>
  <testcase name="loginAccess" classname="org.fwcms.cdc.operator.MultipleRolesTest" time="2.695"/>
  <testcase name="loginAccess" classname="org.fwcms.tc.mcOperator.MultipleRolesTest" time="3.067"/>
</testsuite>